{"C:\\Users\\uccte\\Desktop\\POULTRYCURE-2.0-main\\services\\api.ts": {"path":"C:\\Users\\uccte\\Desktop\\POULTRYCURE-2.0-main\\services\\api.ts","statementMap":{"0":{"start":{"line":8,"column":21},"end":{"line":27,"column":1}},"1":{"start":{"line":9,"column":16},"end":{"line":9,"column":41}},"2":{"start":{"line":10,"column":14},"end":{"line":18,"column":13}},"3":{"start":{"line":13,"column":22},"end":{"line":13,"column":53}},"4":{"start":{"line":14,"column":6},"end":{"line":14,"column":94}},"5":{"start":{"line":14,"column":19},"end":{"line":14,"column":94}},"6":{"start":{"line":15,"column":6},"end":{"line":15,"column":94}},"7":{"start":{"line":15,"column":19},"end":{"line":15,"column":94}},"8":{"start":{"line":16,"column":6},"end":{"line":16,"column":21}},"9":{"start":{"line":20,"column":2},"end":{"line":26,"column":14}},"10":{"start":{"line":31,"column":23},"end":{"line":31,"column":106}},"11":{"start":{"line":34,"column":0},"end":{"line":34,"column":37}},"12":{"start":{"line":35,"column":0},"end":{"line":35,"column":68}},"13":{"start":{"line":36,"column":0},"end":{"line":36,"column":81}},"14":{"start":{"line":37,"column":0},"end":{"line":37,"column":107}},"15":{"start":{"line":38,"column":0},"end":{"line":38,"column":96}},"16":{"start":{"line":39,"column":0},"end":{"line":39,"column":68}},"17":{"start":{"line":40,"column":0},"end":{"line":43,"column":1}},"18":{"start":{"line":41,"column":2},"end":{"line":41,"column":66}},"19":{"start":{"line":42,"column":2},"end":{"line":42,"column":52}},"20":{"start":{"line":44,"column":0},"end":{"line":44,"column":35}},"21":{"start":{"line":47,"column":0},"end":{"line":49,"column":1}},"22":{"start":{"line":48,"column":2},"end":{"line":48,"column":79}},"23":{"start":{"line":51,"column":21},"end":{"line":51,"column":78}},"24":{"start":{"line":52,"column":16},"end":{"line":52,"column":53}},"25":{"start":{"line":63,"column":29},"end":{"line":63,"column":31}},"26":{"start":{"line":64,"column":31},"end":{"line":64,"column":33}},"27":{"start":{"line":67,"column":4},"end":{"line":79,"column":5}},"28":{"start":{"line":68,"column":6},"end":{"line":68,"column":84}},"29":{"start":{"line":71,"column":6},"end":{"line":73,"column":7}},"30":{"start":{"line":72,"column":8},"end":{"line":72,"column":83}},"31":{"start":{"line":76,"column":6},"end":{"line":78,"column":7}},"32":{"start":{"line":77,"column":8},"end":{"line":77,"column":71}},"33":{"start":{"line":82,"column":18},"end":{"line":82,"column":54}},"34":{"start":{"line":83,"column":4},"end":{"line":85,"column":5}},"35":{"start":{"line":84,"column":6},"end":{"line":84,"column":72}},"36":{"start":{"line":87,"column":4},"end":{"line":91,"column":6}},"37":{"start":{"line":98,"column":4},"end":{"line":101,"column":5}},"38":{"start":{"line":99,"column":6},"end":{"line":99,"column":48}},"39":{"start":{"line":100,"column":6},"end":{"line":100,"column":49}},"40":{"start":{"line":103,"column":4},"end":{"line":194,"column":5}},"41":{"start":{"line":105,"column":21},"end":{"line":114,"column":8}},"42":{"start":{"line":116,"column":23},"end":{"line":131,"column":7}},"43":{"start":{"line":133,"column":6},"end":{"line":152,"column":7}},"44":{"start":{"line":134,"column":26},"end":{"line":134,"column":47}},"45":{"start":{"line":136,"column":8},"end":{"line":139,"column":11}},"46":{"start":{"line":142,"column":26},"end":{"line":142,"column":63}},"47":{"start":{"line":143,"column":8},"end":{"line":149,"column":9}},"48":{"start":{"line":144,"column":10},"end":{"line":144,"column":81}},"49":{"start":{"line":145,"column":15},"end":{"line":149,"column":9}},"50":{"start":{"line":146,"column":10},"end":{"line":146,"column":75}},"51":{"start":{"line":147,"column":15},"end":{"line":149,"column":9}},"52":{"start":{"line":148,"column":10},"end":{"line":148,"column":86}},"53":{"start":{"line":151,"column":8},"end":{"line":151,"column":37}},"54":{"start":{"line":154,"column":19},"end":{"line":154,"column":40}},"55":{"start":{"line":155,"column":6},"end":{"line":157,"column":7}},"56":{"start":{"line":156,"column":8},"end":{"line":156,"column":65}},"57":{"start":{"line":160,"column":25},"end":{"line":160,"column":65}},"58":{"start":{"line":163,"column":6},"end":{"line":167,"column":7}},"59":{"start":{"line":164,"column":8},"end":{"line":164,"column":85}},"60":{"start":{"line":165,"column":13},"end":{"line":167,"column":7}},"61":{"start":{"line":166,"column":8},"end":{"line":166,"column":81}},"62":{"start":{"line":169,"column":23},"end":{"line":169,"column":54}},"63":{"start":{"line":171,"column":6},"end":{"line":185,"column":8}},"64":{"start":{"line":188,"column":6},"end":{"line":188,"column":67}},"65":{"start":{"line":189,"column":6},"end":{"line":189,"column":53}},"66":{"start":{"line":190,"column":6},"end":{"line":190,"column":49}},"67":{"start":{"line":192,"column":6},"end":{"line":192,"column":56}},"68":{"start":{"line":193,"column":6},"end":{"line":193,"column":49}},"69":{"start":{"line":202,"column":4},"end":{"line":223,"column":5}},"70":{"start":{"line":203,"column":6},"end":{"line":203,"column":67}},"71":{"start":{"line":204,"column":6},"end":{"line":222,"column":8}},"72":{"start":{"line":225,"column":4},"end":{"line":351,"column":5}},"73":{"start":{"line":227,"column":26},"end":{"line":227,"column":67}},"74":{"start":{"line":229,"column":21},"end":{"line":246,"column":8}},"75":{"start":{"line":248,"column":23},"end":{"line":269,"column":7}},"76":{"start":{"line":271,"column":6},"end":{"line":290,"column":7}},"77":{"start":{"line":272,"column":26},"end":{"line":272,"column":47}},"78":{"start":{"line":274,"column":8},"end":{"line":277,"column":11}},"79":{"start":{"line":280,"column":26},"end":{"line":280,"column":66}},"80":{"start":{"line":281,"column":8},"end":{"line":287,"column":9}},"81":{"start":{"line":282,"column":10},"end":{"line":282,"column":81}},"82":{"start":{"line":283,"column":15},"end":{"line":287,"column":9}},"83":{"start":{"line":284,"column":10},"end":{"line":284,"column":75}},"84":{"start":{"line":285,"column":15},"end":{"line":287,"column":9}},"85":{"start":{"line":286,"column":10},"end":{"line":286,"column":73}},"86":{"start":{"line":289,"column":8},"end":{"line":289,"column":37}},"87":{"start":{"line":292,"column":19},"end":{"line":292,"column":40}},"88":{"start":{"line":293,"column":6},"end":{"line":295,"column":7}},"89":{"start":{"line":294,"column":8},"end":{"line":294,"column":76}},"90":{"start":{"line":298,"column":25},"end":{"line":298,"column":65}},"91":{"start":{"line":301,"column":6},"end":{"line":305,"column":7}},"92":{"start":{"line":302,"column":8},"end":{"line":302,"column":85}},"93":{"start":{"line":303,"column":13},"end":{"line":305,"column":7}},"94":{"start":{"line":304,"column":8},"end":{"line":304,"column":81}},"95":{"start":{"line":307,"column":23},"end":{"line":307,"column":54}},"96":{"start":{"line":309,"column":6},"end":{"line":324,"column":8}},"97":{"start":{"line":327,"column":6},"end":{"line":327,"column":67}},"98":{"start":{"line":328,"column":6},"end":{"line":328,"column":53}},"99":{"start":{"line":329,"column":6},"end":{"line":329,"column":49}},"100":{"start":{"line":331,"column":6},"end":{"line":331,"column":56}},"101":{"start":{"line":332,"column":6},"end":{"line":350,"column":8}},"102":{"start":{"line":358,"column":4},"end":{"line":377,"column":5}},"103":{"start":{"line":360,"column":23},"end":{"line":360,"column":44}},"104":{"start":{"line":361,"column":19},"end":{"line":361,"column":40}},"105":{"start":{"line":363,"column":6},"end":{"line":373,"column":9}},"106":{"start":{"line":364,"column":23},"end":{"line":364,"column":39}},"107":{"start":{"line":365,"column":8},"end":{"line":370,"column":10}},"108":{"start":{"line":366,"column":29},"end":{"line":366,"column":52}},"109":{"start":{"line":368,"column":25},"end":{"line":368,"column":49}},"110":{"start":{"line":369,"column":10},"end":{"line":369,"column":26}},"111":{"start":{"line":371,"column":8},"end":{"line":371,"column":32}},"112":{"start":{"line":372,"column":8},"end":{"line":372,"column":35}},"113":{"start":{"line":375,"column":6},"end":{"line":375,"column":54}},"114":{"start":{"line":376,"column":6},"end":{"line":376,"column":59}},"115":{"start":{"line":384,"column":20},"end":{"line":384,"column":42}},"116":{"start":{"line":386,"column":4},"end":{"line":406,"column":5}},"117":{"start":{"line":387,"column":6},"end":{"line":405,"column":8}},"118":{"start":{"line":408,"column":21},"end":{"line":408,"column":31}},"119":{"start":{"line":410,"column":4},"end":{"line":425,"column":6}},"120":{"start":{"line":432,"column":28},"end":{"line":436,"column":5}},"121":{"start":{"line":438,"column":4},"end":{"line":442,"column":5}},"122":{"start":{"line":439,"column":6},"end":{"line":439,"column":88}},"123":{"start":{"line":440,"column":6},"end":{"line":440,"column":59}},"124":{"start":{"line":441,"column":6},"end":{"line":441,"column":72}},"125":{"start":{"line":444,"column":4},"end":{"line":444,"column":27}},"126":{"start":{"line":451,"column":4},"end":{"line":451,"column":41}},"127":{"start":{"line":452,"column":4},"end":{"line":452,"column":53}},"128":{"start":{"line":455,"column":4},"end":{"line":457,"column":5}},"129":{"start":{"line":456,"column":6},"end":{"line":456,"column":80}},"130":{"start":{"line":459,"column":4},"end":{"line":488,"column":5}},"131":{"start":{"line":460,"column":23},"end":{"line":469,"column":7}},"132":{"start":{"line":471,"column":6},"end":{"line":471,"column":55}},"133":{"start":{"line":473,"column":6},"end":{"line":485,"column":7}},"134":{"start":{"line":474,"column":21},"end":{"line":474,"column":42}},"135":{"start":{"line":475,"column":8},"end":{"line":475,"column":52}},"136":{"start":{"line":476,"column":8},"end":{"line":478,"column":9}},"137":{"start":{"line":477,"column":10},"end":{"line":477,"column":89}},"138":{"start":{"line":480,"column":21},"end":{"line":480,"column":42}},"139":{"start":{"line":481,"column":8},"end":{"line":484,"column":11}},"140":{"start":{"line":487,"column":6},"end":{"line":487,"column":59}},"141":{"start":{"line":495,"column":4},"end":{"line":511,"column":5}},"142":{"start":{"line":497,"column":23},"end":{"line":506,"column":7}},"143":{"start":{"line":507,"column":6},"end":{"line":507,"column":25}},"144":{"start":{"line":509,"column":6},"end":{"line":509,"column":55}},"145":{"start":{"line":510,"column":6},"end":{"line":510,"column":19}},"146":{"start":{"line":523,"column":4},"end":{"line":537,"column":5}},"147":{"start":{"line":524,"column":26},"end":{"line":524,"column":54}},"148":{"start":{"line":525,"column":6},"end":{"line":529,"column":8}},"149":{"start":{"line":531,"column":6},"end":{"line":536,"column":8}},"150":{"start":{"line":543,"column":33},"end":{"line":543,"column":38}},"151":{"start":{"line":546,"column":4},"end":{"line":546,"column":33}},"152":{"start":{"line":547,"column":4},"end":{"line":547,"column":69}},"153":{"start":{"line":551,"column":4},"end":{"line":551,"column":30}}},"fnMap":{"0":{"name":"(anonymous_0)","decl":{"start":{"line":8,"column":21},"end":{"line":8,"column":22}},"loc":{"start":{"line":8,"column":35},"end":{"line":27,"column":1}},"line":8},"1":{"name":"(anonymous_1)","decl":{"start":{"line":11,"column":9},"end":{"line":11,"column":10}},"loc":{"start":{"line":11,"column":35},"end":{"line":17,"column":5}},"line":11},"2":{"name":"(anonymous_2)","decl":{"start":{"line":58,"column":2},"end":{"line":58,"column":3}},"loc":{"start":{"line":62,"column":4},"end":{"line":92,"column":3}},"line":62},"3":{"name":"(anonymous_3)","decl":{"start":{"line":96,"column":2},"end":{"line":96,"column":3}},"loc":{"start":{"line":96,"column":88},"end":{"line":195,"column":3}},"line":96},"4":{"name":"(anonymous_4)","decl":{"start":{"line":200,"column":2},"end":{"line":200,"column":3}},"loc":{"start":{"line":200,"column":85},"end":{"line":352,"column":3}},"line":200},"5":{"name":"(anonymous_5)","decl":{"start":{"line":357,"column":2},"end":{"line":357,"column":3}},"loc":{"start":{"line":357,"column":79},"end":{"line":378,"column":3}},"line":357},"6":{"name":"(anonymous_6)","decl":{"start":{"line":363,"column":25},"end":{"line":363,"column":26}},"loc":{"start":{"line":363,"column":46},"end":{"line":373,"column":7}},"line":363},"7":{"name":"(anonymous_7)","decl":{"start":{"line":365,"column":27},"end":{"line":365,"column":28}},"loc":{"start":{"line":365,"column":33},"end":{"line":370,"column":9}},"line":365},"8":{"name":"(anonymous_8)","decl":{"start":{"line":383,"column":2},"end":{"line":383,"column":3}},"loc":{"start":{"line":383,"column":101},"end":{"line":426,"column":3}},"line":383},"9":{"name":"(anonymous_9)","decl":{"start":{"line":431,"column":2},"end":{"line":431,"column":3}},"loc":{"start":{"line":431,"column":69},"end":{"line":445,"column":3}},"line":431},"10":{"name":"(anonymous_10)","decl":{"start":{"line":450,"column":2},"end":{"line":450,"column":3}},"loc":{"start":{"line":450,"column":47},"end":{"line":489,"column":3}},"line":450},"11":{"name":"(anonymous_11)","decl":{"start":{"line":494,"column":2},"end":{"line":494,"column":3}},"loc":{"start":{"line":494,"column":51},"end":{"line":512,"column":3}},"line":494},"12":{"name":"(anonymous_12)","decl":{"start":{"line":517,"column":2},"end":{"line":517,"column":3}},"loc":{"start":{"line":522,"column":5},"end":{"line":538,"column":3}},"line":522},"13":{"name":"(anonymous_13)","decl":{"start":{"line":545,"column":2},"end":{"line":545,"column":3}},"loc":{"start":{"line":545,"column":52},"end":{"line":548,"column":3}},"line":545},"14":{"name":"(anonymous_14)","decl":{"start":{"line":550,"column":2},"end":{"line":550,"column":3}},"loc":{"start":{"line":550,"column":35},"end":{"line":552,"column":3}},"line":550}},"branchMap":{"0":{"loc":{"start":{"line":14,"column":6},"end":{"line":14,"column":94}},"type":"if","locations":[{"start":{"line":14,"column":6},"end":{"line":14,"column":94}},{"start":{},"end":{}}],"line":14},"1":{"loc":{"start":{"line":15,"column":6},"end":{"line":15,"column":94}},"type":"if","locations":[{"start":{"line":15,"column":6},"end":{"line":15,"column":94}},{"start":{},"end":{}}],"line":15},"2":{"loc":{"start":{"line":31,"column":23},"end":{"line":31,"column":106}},"type":"binary-expr","locations":[{"start":{"line":31,"column":23},"end":{"line":31,"column":64}},{"start":{"line":31,"column":68},"end":{"line":31,"column":106}}],"line":31},"3":{"loc":{"start":{"line":37,"column":40},"end":{"line":37,"column":105}},"type":"cond-expr","locations":[{"start":{"line":37,"column":84},"end":{"line":37,"column":91}},{"start":{"line":37,"column":94},"end":{"line":37,"column":105}}],"line":37},"4":{"loc":{"start":{"line":38,"column":32},"end":{"line":38,"column":94}},"type":"cond-expr","locations":[{"start":{"line":38,"column":73},"end":{"line":38,"column":80}},{"start":{"line":38,"column":83},"end":{"line":38,"column":94}}],"line":38},"5":{"loc":{"start":{"line":39,"column":37},"end":{"line":39,"column":66}},"type":"cond-expr","locations":[{"start":{"line":39,"column":54},"end":{"line":39,"column":59}},{"start":{"line":39,"column":62},"end":{"line":39,"column":66}}],"line":39},"6":{"loc":{"start":{"line":40,"column":0},"end":{"line":43,"column":1}},"type":"if","locations":[{"start":{"line":40,"column":0},"end":{"line":43,"column":1}},{"start":{},"end":{}}],"line":40},"7":{"loc":{"start":{"line":47,"column":0},"end":{"line":49,"column":1}},"type":"if","locations":[{"start":{"line":47,"column":0},"end":{"line":49,"column":1}},{"start":{},"end":{}}],"line":47},"8":{"loc":{"start":{"line":47,"column":4},"end":{"line":47,"column":56}},"type":"binary-expr","locations":[{"start":{"line":47,"column":4},"end":{"line":47,"column":18}},{"start":{"line":47,"column":22},"end":{"line":47,"column":56}}],"line":47},"9":{"loc":{"start":{"line":51,"column":21},"end":{"line":51,"column":78}},"type":"binary-expr","locations":[{"start":{"line":51,"column":21},"end":{"line":51,"column":52}},{"start":{"line":51,"column":56},"end":{"line":51,"column":78}}],"line":51},"10":{"loc":{"start":{"line":52,"column":16},"end":{"line":52,"column":53}},"type":"binary-expr","locations":[{"start":{"line":52,"column":16},"end":{"line":52,"column":47}},{"start":{"line":52,"column":51},"end":{"line":52,"column":53}}],"line":52},"11":{"loc":{"start":{"line":67,"column":4},"end":{"line":79,"column":5}},"type":"if","locations":[{"start":{"line":67,"column":4},"end":{"line":79,"column":5}},{"start":{"line":69,"column":11},"end":{"line":79,"column":5}}],"line":67},"12":{"loc":{"start":{"line":71,"column":6},"end":{"line":73,"column":7}},"type":"if","locations":[{"start":{"line":71,"column":6},"end":{"line":73,"column":7}},{"start":{},"end":{}}],"line":71},"13":{"loc":{"start":{"line":76,"column":6},"end":{"line":78,"column":7}},"type":"if","locations":[{"start":{"line":76,"column":6},"end":{"line":78,"column":7}},{"start":{},"end":{}}],"line":76},"14":{"loc":{"start":{"line":83,"column":4},"end":{"line":85,"column":5}},"type":"if","locations":[{"start":{"line":83,"column":4},"end":{"line":85,"column":5}},{"start":{},"end":{}}],"line":83},"15":{"loc":{"start":{"line":83,"column":8},"end":{"line":83,"column":136}},"type":"binary-expr","locations":[{"start":{"line":83,"column":8},"end":{"line":83,"column":13}},{"start":{"line":83,"column":17},"end":{"line":83,"column":136}}],"line":83},"16":{"loc":{"start":{"line":98,"column":4},"end":{"line":101,"column":5}},"type":"if","locations":[{"start":{"line":98,"column":4},"end":{"line":101,"column":5}},{"start":{},"end":{}}],"line":98},"17":{"loc":{"start":{"line":133,"column":6},"end":{"line":152,"column":7}},"type":"if","locations":[{"start":{"line":133,"column":6},"end":{"line":152,"column":7}},{"start":{},"end":{}}],"line":133},"18":{"loc":{"start":{"line":138,"column":17},"end":{"line":138,"column":60}},"type":"binary-expr","locations":[{"start":{"line":138,"column":17},"end":{"line":138,"column":41}},{"start":{"line":138,"column":45},"end":{"line":138,"column":60}}],"line":138},"19":{"loc":{"start":{"line":143,"column":8},"end":{"line":149,"column":9}},"type":"if","locations":[{"start":{"line":143,"column":8},"end":{"line":149,"column":9}},{"start":{"line":145,"column":15},"end":{"line":149,"column":9}}],"line":143},"20":{"loc":{"start":{"line":145,"column":15},"end":{"line":149,"column":9}},"type":"if","locations":[{"start":{"line":145,"column":15},"end":{"line":149,"column":9}},{"start":{"line":147,"column":15},"end":{"line":149,"column":9}}],"line":145},"21":{"loc":{"start":{"line":147,"column":15},"end":{"line":149,"column":9}},"type":"if","locations":[{"start":{"line":147,"column":15},"end":{"line":149,"column":9}},{"start":{},"end":{}}],"line":147},"22":{"loc":{"start":{"line":155,"column":6},"end":{"line":157,"column":7}},"type":"if","locations":[{"start":{"line":155,"column":6},"end":{"line":157,"column":7}},{"start":{},"end":{}}],"line":155},"23":{"loc":{"start":{"line":163,"column":6},"end":{"line":167,"column":7}},"type":"if","locations":[{"start":{"line":163,"column":6},"end":{"line":167,"column":7}},{"start":{"line":165,"column":13},"end":{"line":167,"column":7}}],"line":163},"24":{"loc":{"start":{"line":165,"column":13},"end":{"line":167,"column":7}},"type":"if","locations":[{"start":{"line":165,"column":13},"end":{"line":167,"column":7}},{"start":{},"end":{}}],"line":165},"25":{"loc":{"start":{"line":202,"column":4},"end":{"line":223,"column":5}},"type":"if","locations":[{"start":{"line":202,"column":4},"end":{"line":223,"column":5}},{"start":{},"end":{}}],"line":202},"26":{"loc":{"start":{"line":271,"column":6},"end":{"line":290,"column":7}},"type":"if","locations":[{"start":{"line":271,"column":6},"end":{"line":290,"column":7}},{"start":{},"end":{}}],"line":271},"27":{"loc":{"start":{"line":276,"column":17},"end":{"line":276,"column":60}},"type":"binary-expr","locations":[{"start":{"line":276,"column":17},"end":{"line":276,"column":41}},{"start":{"line":276,"column":45},"end":{"line":276,"column":60}}],"line":276},"28":{"loc":{"start":{"line":281,"column":8},"end":{"line":287,"column":9}},"type":"if","locations":[{"start":{"line":281,"column":8},"end":{"line":287,"column":9}},{"start":{"line":283,"column":15},"end":{"line":287,"column":9}}],"line":281},"29":{"loc":{"start":{"line":283,"column":15},"end":{"line":287,"column":9}},"type":"if","locations":[{"start":{"line":283,"column":15},"end":{"line":287,"column":9}},{"start":{"line":285,"column":15},"end":{"line":287,"column":9}}],"line":283},"30":{"loc":{"start":{"line":285,"column":15},"end":{"line":287,"column":9}},"type":"if","locations":[{"start":{"line":285,"column":15},"end":{"line":287,"column":9}},{"start":{},"end":{}}],"line":285},"31":{"loc":{"start":{"line":293,"column":6},"end":{"line":295,"column":7}},"type":"if","locations":[{"start":{"line":293,"column":6},"end":{"line":295,"column":7}},{"start":{},"end":{}}],"line":293},"32":{"loc":{"start":{"line":301,"column":6},"end":{"line":305,"column":7}},"type":"if","locations":[{"start":{"line":301,"column":6},"end":{"line":305,"column":7}},{"start":{"line":303,"column":13},"end":{"line":305,"column":7}}],"line":301},"33":{"loc":{"start":{"line":303,"column":13},"end":{"line":305,"column":7}},"type":"if","locations":[{"start":{"line":303,"column":13},"end":{"line":305,"column":7}},{"start":{},"end":{}}],"line":303},"34":{"loc":{"start":{"line":386,"column":4},"end":{"line":406,"column":5}},"type":"if","locations":[{"start":{"line":386,"column":4},"end":{"line":406,"column":5}},{"start":{},"end":{}}],"line":386},"35":{"loc":{"start":{"line":438,"column":4},"end":{"line":442,"column":5}},"type":"if","locations":[{"start":{"line":438,"column":4},"end":{"line":442,"column":5}},{"start":{},"end":{}}],"line":438},"36":{"loc":{"start":{"line":455,"column":4},"end":{"line":457,"column":5}},"type":"if","locations":[{"start":{"line":455,"column":4},"end":{"line":457,"column":5}},{"start":{},"end":{}}],"line":455},"37":{"loc":{"start":{"line":473,"column":6},"end":{"line":485,"column":7}},"type":"if","locations":[{"start":{"line":473,"column":6},"end":{"line":485,"column":7}},{"start":{"line":479,"column":13},"end":{"line":485,"column":7}}],"line":473},"38":{"loc":{"start":{"line":476,"column":8},"end":{"line":478,"column":9}},"type":"if","locations":[{"start":{"line":476,"column":8},"end":{"line":478,"column":9}},{"start":{},"end":{}}],"line":476},"39":{"loc":{"start":{"line":483,"column":19},"end":{"line":483,"column":57}},"type":"binary-expr","locations":[{"start":{"line":483,"column":19},"end":{"line":483,"column":38}},{"start":{"line":483,"column":42},"end":{"line":483,"column":57}}],"line":483},"40":{"loc":{"start":{"line":527,"column":15},"end":{"line":527,"column":73}},"type":"binary-expr","locations":[{"start":{"line":527,"column":15},"end":{"line":527,"column":51}},{"start":{"line":527,"column":55},"end":{"line":527,"column":73}}],"line":527},"41":{"loc":{"start":{"line":533,"column":15},"end":{"line":533,"column":73}},"type":"binary-expr","locations":[{"start":{"line":533,"column":15},"end":{"line":533,"column":51}},{"start":{"line":533,"column":55},"end":{"line":533,"column":73}}],"line":533},"42":{"loc":{"start":{"line":547,"column":33},"end":{"line":547,"column":65}},"type":"cond-expr","locations":[{"start":{"line":547,"column":43},"end":{"line":547,"column":52}},{"start":{"line":547,"column":55},"end":{"line":547,"column":65}}],"line":547}},"s":{"0":0,"1":0,"2":0,"3":0,"4":0,"5":0,"6":0,"7":0,"8":0,"9":0,"10":0,"11":0,"12":0,"13":0,"14":0,"15":0,"16":0,"17":0,"18":0,"19":0,"20":0,"21":0,"22":0,"23":0,"24":0,"25":0,"26":0,"27":0,"28":0,"29":0,"30":0,"31":0,"32":0,"33":0,"34":0,"35":0,"36":0,"37":0,"38":0,"39":0,"40":0,"41":0,"42":0,"43":0,"44":0,"45":0,"46":0,"47":0,"48":0,"49":0,"50":0,"51":0,"52":0,"53":0,"54":0,"55":0,"56":0,"57":0,"58":0,"59":0,"60":0,"61":0,"62":0,"63":0,"64":0,"65":0,"66":0,"67":0,"68":0,"69":0,"70":0,"71":0,"72":0,"73":0,"74":0,"75":0,"76":0,"77":0,"78":0,"79":0,"80":0,"81":0,"82":0,"83":0,"84":0,"85":0,"86":0,"87":0,"88":0,"89":0,"90":0,"91":0,"92":0,"93":0,"94":0,"95":0,"96":0,"97":0,"98":0,"99":0,"100":0,"101":0,"102":0,"103":0,"104":0,"105":0,"106":0,"107":0,"108":0,"109":0,"110":0,"111":0,"112":0,"113":0,"114":0,"115":0,"116":0,"117":0,"118":0,"119":0,"120":0,"121":0,"122":0,"123":0,"124":0,"125":0,"126":0,"127":0,"128":0,"129":0,"130":0,"131":0,"132":0,"133":0,"134":0,"135":0,"136":0,"137":0,"138":0,"139":0,"140":0,"141":0,"142":0,"143":0,"144":0,"145":0,"146":0,"147":0,"148":0,"149":0,"150":0,"151":0,"152":0,"153":0},"f":{"0":0,"1":0,"2":0,"3":0,"4":0,"5":0,"6":0,"7":0,"8":0,"9":0,"10":0,"11":0,"12":0,"13":0,"14":0},"b":{"0":[0,0],"1":[0,0],"2":[0,0],"3":[0,0],"4":[0,0],"5":[0,0],"6":[0,0],"7":[0,0],"8":[0,0],"9":[0,0],"10":[0,0],"11":[0,0],"12":[0,0],"13":[0,0],"14":[0,0],"15":[0,0],"16":[0,0],"17":[0,0],"18":[0,0],"19":[0,0],"20":[0,0],"21":[0,0],"22":[0,0],"23":[0,0],"24":[0,0],"25":[0,0],"26":[0,0],"27":[0,0],"28":[0,0],"29":[0,0],"30":[0,0],"31":[0,0],"32":[0,0],"33":[0,0],"34":[0,0],"35":[0,0],"36":[0,0],"37":[0,0],"38":[0,0],"39":[0,0],"40":[0,0],"41":[0,0],"42":[0,0]}}
,"C:\\Users\\uccte\\Desktop\\POULTRYCURE-2.0-main\\services\\auth.legacy.ts": {"path":"C:\\Users\\uccte\\Desktop\\POULTRYCURE-2.0-main\\services\\auth.legacy.ts","statementMap":{"0":{"start":{"line":14,"column":51},"end":{"line":14,"column":57}},"1":{"start":{"line":20,"column":4},"end":{"line":87,"column":5}},"2":{"start":{"line":22,"column":31},"end":{"line":22,"column":64}},"3":{"start":{"line":23,"column":6},"end":{"line":28,"column":7}},"4":{"start":{"line":24,"column":8},"end":{"line":27,"column":10}},"5":{"start":{"line":31,"column":27},"end":{"line":31,"column":69}},"6":{"start":{"line":32,"column":6},"end":{"line":37,"column":7}},"7":{"start":{"line":33,"column":8},"end":{"line":36,"column":10}},"8":{"start":{"line":40,"column":29},"end":{"line":42,"column":7}},"9":{"start":{"line":45,"column":21},"end":{"line":45,"column":42}},"10":{"start":{"line":46,"column":18},"end":{"line":46,"column":28}},"11":{"start":{"line":47,"column":39},"end":{"line":55,"column":7}},"12":{"start":{"line":58,"column":25},"end":{"line":64,"column":7}},"13":{"start":{"line":66,"column":6},"end":{"line":66,"column":43}},"14":{"start":{"line":67,"column":6},"end":{"line":70,"column":9}},"15":{"start":{"line":73,"column":27},"end":{"line":73,"column":59}},"16":{"start":{"line":75,"column":6},"end":{"line":79,"column":8}},"17":{"start":{"line":81,"column":6},"end":{"line":86,"column":8}},"18":{"start":{"line":94,"column":4},"end":{"line":160,"column":5}},"19":{"start":{"line":96,"column":6},"end":{"line":101,"column":7}},"20":{"start":{"line":97,"column":8},"end":{"line":100,"column":10}},"21":{"start":{"line":104,"column":19},"end":{"line":104,"column":49}},"22":{"start":{"line":105,"column":6},"end":{"line":113,"column":7}},"23":{"start":{"line":109,"column":8},"end":{"line":112,"column":10}},"24":{"start":{"line":116,"column":32},"end":{"line":116,"column":69}},"25":{"start":{"line":117,"column":6},"end":{"line":122,"column":7}},"26":{"start":{"line":118,"column":8},"end":{"line":121,"column":10}},"27":{"start":{"line":125,"column":30},"end":{"line":129,"column":7}},"28":{"start":{"line":131,"column":6},"end":{"line":136,"column":7}},"29":{"start":{"line":132,"column":8},"end":{"line":135,"column":10}},"30":{"start":{"line":139,"column":26},"end":{"line":142,"column":7}},"31":{"start":{"line":143,"column":6},"end":{"line":143,"column":50}},"32":{"start":{"line":146,"column":27},"end":{"line":146,"column":60}},"33":{"start":{"line":148,"column":6},"end":{"line":152,"column":8}},"34":{"start":{"line":154,"column":6},"end":{"line":159,"column":8}},"35":{"start":{"line":167,"column":4},"end":{"line":175,"column":5}},"36":{"start":{"line":168,"column":6},"end":{"line":168,"column":42}},"37":{"start":{"line":170,"column":6},"end":{"line":174,"column":8}},"38":{"start":{"line":182,"column":25},"end":{"line":182,"column":52}},"39":{"start":{"line":183,"column":22},"end":{"line":183,"column":32}},"40":{"start":{"line":184,"column":4},"end":{"line":186,"column":6}},"41":{"start":{"line":188,"column":37},"end":{"line":193,"column":5}},"42":{"start":{"line":195,"column":4},"end":{"line":195,"column":51}},"43":{"start":{"line":196,"column":4},"end":{"line":196,"column":24}},"44":{"start":{"line":203,"column":4},"end":{"line":218,"column":5}},"45":{"start":{"line":204,"column":22},"end":{"line":204,"column":55}},"46":{"start":{"line":205,"column":6},"end":{"line":207,"column":7}},"47":{"start":{"line":206,"column":8},"end":{"line":206,"column":20}},"48":{"start":{"line":210,"column":6},"end":{"line":213,"column":7}},"49":{"start":{"line":211,"column":8},"end":{"line":211,"column":44}},"50":{"start":{"line":212,"column":8},"end":{"line":212,"column":20}},"51":{"start":{"line":215,"column":6},"end":{"line":215,"column":21}},"52":{"start":{"line":217,"column":6},"end":{"line":217,"column":18}},"53":{"start":{"line":225,"column":4},"end":{"line":225,"column":40}},"54":{"start":{"line":235,"column":29},"end":{"line":235,"column":31}},"55":{"start":{"line":238,"column":4},"end":{"line":240,"column":5}},"56":{"start":{"line":239,"column":6},"end":{"line":239,"column":61}},"57":{"start":{"line":243,"column":4},"end":{"line":245,"column":5}},"58":{"start":{"line":244,"column":6},"end":{"line":244,"column":56}},"59":{"start":{"line":248,"column":31},"end":{"line":250,"column":5}},"60":{"start":{"line":251,"column":4},"end":{"line":253,"column":5}},"61":{"start":{"line":252,"column":6},"end":{"line":252,"column":48}},"62":{"start":{"line":256,"column":4},"end":{"line":258,"column":5}},"63":{"start":{"line":257,"column":6},"end":{"line":257,"column":44}},"64":{"start":{"line":260,"column":4},"end":{"line":263,"column":6}},"65":{"start":{"line":270,"column":23},"end":{"line":270,"column":51}},"66":{"start":{"line":271,"column":4},"end":{"line":271,"column":34}},"67":{"start":{"line":278,"column":4},"end":{"line":286,"column":5}},"68":{"start":{"line":279,"column":19},"end":{"line":279,"column":49}},"69":{"start":{"line":280,"column":6},"end":{"line":282,"column":7}},"70":{"start":{"line":281,"column":8},"end":{"line":281,"column":20}},"71":{"start":{"line":283,"column":6},"end":{"line":283,"column":18}},"72":{"start":{"line":285,"column":6},"end":{"line":285,"column":18}},"73":{"start":{"line":293,"column":4},"end":{"line":293,"column":75}},"74":{"start":{"line":300,"column":18},"end":{"line":300,"column":43}},"75":{"start":{"line":302,"column":16},"end":{"line":304,"column":15}},"76":{"start":{"line":303,"column":18},"end":{"line":303,"column":49}},"77":{"start":{"line":305,"column":4},"end":{"line":305,"column":28}},"78":{"start":{"line":312,"column":4},"end":{"line":351,"column":5}},"79":{"start":{"line":314,"column":6},"end":{"line":316,"column":7}},"80":{"start":{"line":315,"column":8},"end":{"line":315,"column":62}},"81":{"start":{"line":319,"column":19},"end":{"line":319,"column":52}},"82":{"start":{"line":320,"column":6},"end":{"line":324,"column":7}},"83":{"start":{"line":323,"column":8},"end":{"line":323,"column":15}},"84":{"start":{"line":327,"column":32},"end":{"line":327,"column":72}},"85":{"start":{"line":330,"column":29},"end":{"line":332,"column":7}},"86":{"start":{"line":335,"column":6},"end":{"line":338,"column":9}},"87":{"start":{"line":344,"column":6},"end":{"line":344,"column":42}},"88":{"start":{"line":346,"column":6},"end":{"line":350,"column":8}},"89":{"start":{"line":361,"column":4},"end":{"line":430,"column":5}},"90":{"start":{"line":363,"column":6},"end":{"line":365,"column":7}},"91":{"start":{"line":364,"column":8},"end":{"line":364,"column":74}},"92":{"start":{"line":369,"column":8},"end":{"line":369,"column":59}},"93":{"start":{"line":370,"column":6},"end":{"line":376,"column":7}},"94":{"start":{"line":371,"column":8},"end":{"line":375,"column":10}},"95":{"start":{"line":379,"column":19},"end":{"line":379,"column":49}},"96":{"start":{"line":380,"column":6},"end":{"line":382,"column":7}},"97":{"start":{"line":381,"column":8},"end":{"line":381,"column":55}},"98":{"start":{"line":384,"column":32},"end":{"line":384,"column":69}},"99":{"start":{"line":385,"column":6},"end":{"line":387,"column":7}},"100":{"start":{"line":386,"column":8},"end":{"line":386,"column":54}},"101":{"start":{"line":390,"column":37},"end":{"line":394,"column":7}},"102":{"start":{"line":396,"column":6},"end":{"line":398,"column":7}},"103":{"start":{"line":397,"column":8},"end":{"line":397,"column":57}},"104":{"start":{"line":401,"column":29},"end":{"line":405,"column":7}},"105":{"start":{"line":407,"column":6},"end":{"line":409,"column":7}},"106":{"start":{"line":408,"column":8},"end":{"line":408,"column":80}},"107":{"start":{"line":412,"column":29},"end":{"line":412,"column":74}},"108":{"start":{"line":415,"column":6},"end":{"line":418,"column":9}},"109":{"start":{"line":421,"column":6},"end":{"line":423,"column":9}},"110":{"start":{"line":425,"column":6},"end":{"line":429,"column":8}},"111":{"start":{"line":437,"column":4},"end":{"line":455,"column":5}},"112":{"start":{"line":439,"column":22},"end":{"line":439,"column":50}},"113":{"start":{"line":440,"column":6},"end":{"line":442,"column":7}},"114":{"start":{"line":441,"column":8},"end":{"line":441,"column":20}},"115":{"start":{"line":445,"column":19},"end":{"line":445,"column":49}},"116":{"start":{"line":446,"column":6},"end":{"line":450,"column":7}},"117":{"start":{"line":448,"column":8},"end":{"line":448,"column":36}},"118":{"start":{"line":449,"column":8},"end":{"line":449,"column":20}},"119":{"start":{"line":452,"column":6},"end":{"line":452,"column":18}},"120":{"start":{"line":454,"column":6},"end":{"line":454,"column":18}},"121":{"start":{"line":462,"column":4},"end":{"line":467,"column":5}},"122":{"start":{"line":463,"column":22},"end":{"line":463,"column":50}},"123":{"start":{"line":464,"column":6},"end":{"line":464,"column":30}},"124":{"start":{"line":466,"column":6},"end":{"line":466,"column":19}},"125":{"start":{"line":471,"column":27},"end":{"line":471,"column":44}}},"fnMap":{"0":{"name":"(anonymous_0)","decl":{"start":{"line":19,"column":2},"end":{"line":19,"column":3}},"loc":{"start":{"line":19,"column":58},"end":{"line":88,"column":3}},"line":19},"1":{"name":"(anonymous_1)","decl":{"start":{"line":93,"column":2},"end":{"line":93,"column":3}},"loc":{"start":{"line":93,"column":66},"end":{"line":161,"column":3}},"line":93},"2":{"name":"(anonymous_2)","decl":{"start":{"line":166,"column":2},"end":{"line":166,"column":3}},"loc":{"start":{"line":166,"column":32},"end":{"line":176,"column":3}},"line":166},"3":{"name":"(anonymous_3)","decl":{"start":{"line":181,"column":2},"end":{"line":181,"column":3}},"loc":{"start":{"line":181,"column":63},"end":{"line":197,"column":3}},"line":181},"4":{"name":"(anonymous_4)","decl":{"start":{"line":202,"column":2},"end":{"line":202,"column":3}},"loc":{"start":{"line":202,"column":63},"end":{"line":219,"column":3}},"line":202},"5":{"name":"(anonymous_5)","decl":{"start":{"line":224,"column":2},"end":{"line":224,"column":3}},"loc":{"start":{"line":224,"column":48},"end":{"line":226,"column":3}},"line":224},"6":{"name":"(anonymous_6)","decl":{"start":{"line":231,"column":2},"end":{"line":231,"column":3}},"loc":{"start":{"line":234,"column":4},"end":{"line":264,"column":3}},"line":234},"7":{"name":"(anonymous_7)","decl":{"start":{"line":269,"column":2},"end":{"line":269,"column":3}},"loc":{"start":{"line":269,"column":47},"end":{"line":272,"column":3}},"line":269},"8":{"name":"(anonymous_8)","decl":{"start":{"line":277,"column":2},"end":{"line":277,"column":3}},"loc":{"start":{"line":277,"column":69},"end":{"line":287,"column":3}},"line":277},"9":{"name":"(anonymous_9)","decl":{"start":{"line":292,"column":2},"end":{"line":292,"column":3}},"loc":{"start":{"line":292,"column":35},"end":{"line":294,"column":3}},"line":292},"10":{"name":"(anonymous_10)","decl":{"start":{"line":299,"column":2},"end":{"line":299,"column":3}},"loc":{"start":{"line":299,"column":41},"end":{"line":306,"column":3}},"line":299},"11":{"name":"(anonymous_11)","decl":{"start":{"line":303,"column":11},"end":{"line":303,"column":12}},"loc":{"start":{"line":303,"column":18},"end":{"line":303,"column":49}},"line":303},"12":{"name":"(anonymous_12)","decl":{"start":{"line":311,"column":2},"end":{"line":311,"column":3}},"loc":{"start":{"line":311,"column":52},"end":{"line":352,"column":3}},"line":311},"13":{"name":"(anonymous_13)","decl":{"start":{"line":357,"column":2},"end":{"line":357,"column":3}},"loc":{"start":{"line":360,"column":19},"end":{"line":431,"column":3}},"line":360},"14":{"name":"(anonymous_14)","decl":{"start":{"line":436,"column":2},"end":{"line":436,"column":3}},"loc":{"start":{"line":436,"column":47},"end":{"line":456,"column":3}},"line":436},"15":{"name":"(anonymous_15)","decl":{"start":{"line":461,"column":2},"end":{"line":461,"column":3}},"loc":{"start":{"line":461,"column":44},"end":{"line":468,"column":3}},"line":461}},"branchMap":{"0":{"loc":{"start":{"line":23,"column":6},"end":{"line":28,"column":7}},"type":"if","locations":[{"start":{"line":23,"column":6},"end":{"line":28,"column":7}},{"start":{},"end":{}}],"line":23},"1":{"loc":{"start":{"line":32,"column":6},"end":{"line":37,"column":7}},"type":"if","locations":[{"start":{"line":32,"column":6},"end":{"line":37,"column":7}},{"start":{},"end":{}}],"line":32},"2":{"loc":{"start":{"line":84,"column":10},"end":{"line":84,"column":66}},"type":"cond-expr","locations":[{"start":{"line":84,"column":35},"end":{"line":84,"column":48}},{"start":{"line":84,"column":51},"end":{"line":84,"column":66}}],"line":84},"3":{"loc":{"start":{"line":96,"column":6},"end":{"line":101,"column":7}},"type":"if","locations":[{"start":{"line":96,"column":6},"end":{"line":101,"column":7}},{"start":{},"end":{}}],"line":96},"4":{"loc":{"start":{"line":96,"column":10},"end":{"line":96,"column":53}},"type":"binary-expr","locations":[{"start":{"line":96,"column":10},"end":{"line":96,"column":28}},{"start":{"line":96,"column":32},"end":{"line":96,"column":53}}],"line":96},"5":{"loc":{"start":{"line":105,"column":6},"end":{"line":113,"column":7}},"type":"if","locations":[{"start":{"line":105,"column":6},"end":{"line":113,"column":7}},{"start":{},"end":{}}],"line":105},"6":{"loc":{"start":{"line":106,"column":8},"end":{"line":107,"column":75}},"type":"binary-expr","locations":[{"start":{"line":106,"column":8},"end":{"line":106,"column":13}},{"start":{"line":107,"column":8},"end":{"line":107,"column":75}}],"line":106},"7":{"loc":{"start":{"line":117,"column":6},"end":{"line":122,"column":7}},"type":"if","locations":[{"start":{"line":117,"column":6},"end":{"line":122,"column":7}},{"start":{},"end":{}}],"line":117},"8":{"loc":{"start":{"line":131,"column":6},"end":{"line":136,"column":7}},"type":"if","locations":[{"start":{"line":131,"column":6},"end":{"line":136,"column":7}},{"start":{},"end":{}}],"line":131},"9":{"loc":{"start":{"line":157,"column":10},"end":{"line":157,"column":66}},"type":"cond-expr","locations":[{"start":{"line":157,"column":35},"end":{"line":157,"column":48}},{"start":{"line":157,"column":51},"end":{"line":157,"column":66}}],"line":157},"10":{"loc":{"start":{"line":172,"column":10},"end":{"line":172,"column":66}},"type":"cond-expr","locations":[{"start":{"line":172,"column":35},"end":{"line":172,"column":48}},{"start":{"line":172,"column":51},"end":{"line":172,"column":66}}],"line":172},"11":{"loc":{"start":{"line":205,"column":6},"end":{"line":207,"column":7}},"type":"if","locations":[{"start":{"line":205,"column":6},"end":{"line":207,"column":7}},{"start":{},"end":{}}],"line":205},"12":{"loc":{"start":{"line":210,"column":6},"end":{"line":213,"column":7}},"type":"if","locations":[{"start":{"line":210,"column":6},"end":{"line":213,"column":7}},{"start":{},"end":{}}],"line":210},"13":{"loc":{"start":{"line":238,"column":4},"end":{"line":240,"column":5}},"type":"if","locations":[{"start":{"line":238,"column":4},"end":{"line":240,"column":5}},{"start":{},"end":{}}],"line":238},"14":{"loc":{"start":{"line":238,"column":8},"end":{"line":238,"column":57}},"type":"binary-expr","locations":[{"start":{"line":238,"column":8},"end":{"line":238,"column":22}},{"start":{"line":238,"column":26},"end":{"line":238,"column":57}}],"line":238},"15":{"loc":{"start":{"line":243,"column":4},"end":{"line":245,"column":5}},"type":"if","locations":[{"start":{"line":243,"column":4},"end":{"line":245,"column":5}},{"start":{},"end":{}}],"line":243},"16":{"loc":{"start":{"line":243,"column":8},"end":{"line":243,"column":61}},"type":"binary-expr","locations":[{"start":{"line":243,"column":8},"end":{"line":243,"column":23}},{"start":{"line":243,"column":27},"end":{"line":243,"column":61}}],"line":243},"17":{"loc":{"start":{"line":251,"column":4},"end":{"line":253,"column":5}},"type":"if","locations":[{"start":{"line":251,"column":4},"end":{"line":253,"column":5}},{"start":{},"end":{}}],"line":251},"18":{"loc":{"start":{"line":256,"column":4},"end":{"line":258,"column":5}},"type":"if","locations":[{"start":{"line":256,"column":4},"end":{"line":258,"column":5}},{"start":{},"end":{}}],"line":256},"19":{"loc":{"start":{"line":280,"column":6},"end":{"line":282,"column":7}},"type":"if","locations":[{"start":{"line":280,"column":6},"end":{"line":282,"column":7}},{"start":{},"end":{}}],"line":280},"20":{"loc":{"start":{"line":280,"column":10},"end":{"line":280,"column":73}},"type":"binary-expr","locations":[{"start":{"line":280,"column":10},"end":{"line":280,"column":14}},{"start":{"line":280,"column":18},"end":{"line":280,"column":73}}],"line":280},"21":{"loc":{"start":{"line":314,"column":6},"end":{"line":316,"column":7}},"type":"if","locations":[{"start":{"line":314,"column":6},"end":{"line":316,"column":7}},{"start":{},"end":{}}],"line":314},"22":{"loc":{"start":{"line":314,"column":10},"end":{"line":314,"column":45}},"type":"binary-expr","locations":[{"start":{"line":314,"column":10},"end":{"line":314,"column":16}},{"start":{"line":314,"column":20},"end":{"line":314,"column":45}}],"line":314},"23":{"loc":{"start":{"line":320,"column":6},"end":{"line":324,"column":7}},"type":"if","locations":[{"start":{"line":320,"column":6},"end":{"line":324,"column":7}},{"start":{},"end":{}}],"line":320},"24":{"loc":{"start":{"line":348,"column":10},"end":{"line":348,"column":66}},"type":"cond-expr","locations":[{"start":{"line":348,"column":35},"end":{"line":348,"column":48}},{"start":{"line":348,"column":51},"end":{"line":348,"column":66}}],"line":348},"25":{"loc":{"start":{"line":363,"column":6},"end":{"line":365,"column":7}},"type":"if","locations":[{"start":{"line":363,"column":6},"end":{"line":365,"column":7}},{"start":{},"end":{}}],"line":363},"26":{"loc":{"start":{"line":363,"column":10},"end":{"line":363,"column":42}},"type":"binary-expr","locations":[{"start":{"line":363,"column":10},"end":{"line":363,"column":26}},{"start":{"line":363,"column":30},"end":{"line":363,"column":42}}],"line":363},"27":{"loc":{"start":{"line":370,"column":6},"end":{"line":376,"column":7}},"type":"if","locations":[{"start":{"line":370,"column":6},"end":{"line":376,"column":7}},{"start":{},"end":{}}],"line":370},"28":{"loc":{"start":{"line":380,"column":6},"end":{"line":382,"column":7}},"type":"if","locations":[{"start":{"line":380,"column":6},"end":{"line":382,"column":7}},{"start":{},"end":{}}],"line":380},"29":{"loc":{"start":{"line":385,"column":6},"end":{"line":387,"column":7}},"type":"if","locations":[{"start":{"line":385,"column":6},"end":{"line":387,"column":7}},{"start":{},"end":{}}],"line":385},"30":{"loc":{"start":{"line":396,"column":6},"end":{"line":398,"column":7}},"type":"if","locations":[{"start":{"line":396,"column":6},"end":{"line":398,"column":7}},{"start":{},"end":{}}],"line":396},"31":{"loc":{"start":{"line":407,"column":6},"end":{"line":409,"column":7}},"type":"if","locations":[{"start":{"line":407,"column":6},"end":{"line":409,"column":7}},{"start":{},"end":{}}],"line":407},"32":{"loc":{"start":{"line":427,"column":10},"end":{"line":427,"column":66}},"type":"cond-expr","locations":[{"start":{"line":427,"column":35},"end":{"line":427,"column":48}},{"start":{"line":427,"column":51},"end":{"line":427,"column":66}}],"line":427},"33":{"loc":{"start":{"line":440,"column":6},"end":{"line":442,"column":7}},"type":"if","locations":[{"start":{"line":440,"column":6},"end":{"line":442,"column":7}},{"start":{},"end":{}}],"line":440},"34":{"loc":{"start":{"line":446,"column":6},"end":{"line":450,"column":7}},"type":"if","locations":[{"start":{"line":446,"column":6},"end":{"line":450,"column":7}},{"start":{},"end":{}}],"line":446},"35":{"loc":{"start":{"line":446,"column":10},"end":{"line":446,"column":45}},"type":"binary-expr","locations":[{"start":{"line":446,"column":10},"end":{"line":446,"column":15}},{"start":{"line":446,"column":19},"end":{"line":446,"column":45}}],"line":446}},"s":{"0":0,"1":0,"2":0,"3":0,"4":0,"5":0,"6":0,"7":0,"8":0,"9":0,"10":0,"11":0,"12":0,"13":0,"14":0,"15":0,"16":0,"17":0,"18":0,"19":0,"20":0,"21":0,"22":0,"23":0,"24":0,"25":0,"26":0,"27":0,"28":0,"29":0,"30":0,"31":0,"32":0,"33":0,"34":0,"35":0,"36":0,"37":0,"38":0,"39":0,"40":0,"41":0,"42":0,"43":0,"44":0,"45":0,"46":0,"47":0,"48":0,"49":0,"50":0,"51":0,"52":0,"53":0,"54":0,"55":0,"56":0,"57":0,"58":0,"59":0,"60":0,"61":0,"62":0,"63":0,"64":0,"65":0,"66":0,"67":0,"68":0,"69":0,"70":0,"71":0,"72":0,"73":0,"74":0,"75":0,"76":0,"77":0,"78":0,"79":0,"80":0,"81":0,"82":0,"83":0,"84":0,"85":0,"86":0,"87":0,"88":0,"89":0,"90":0,"91":0,"92":0,"93":0,"94":0,"95":0,"96":0,"97":0,"98":0,"99":0,"100":0,"101":0,"102":0,"103":0,"104":0,"105":0,"106":0,"107":0,"108":0,"109":0,"110":0,"111":0,"112":0,"113":0,"114":0,"115":0,"116":0,"117":0,"118":0,"119":0,"120":0,"121":0,"122":0,"123":0,"124":0,"125":0},"f":{"0":0,"1":0,"2":0,"3":0,"4":0,"5":0,"6":0,"7":0,"8":0,"9":0,"10":0,"11":0,"12":0,"13":0,"14":0,"15":0},"b":{"0":[0,0],"1":[0,0],"2":[0,0],"3":[0,0],"4":[0,0],"5":[0,0],"6":[0,0],"7":[0,0],"8":[0,0],"9":[0,0],"10":[0,0],"11":[0,0],"12":[0,0],"13":[0,0],"14":[0,0],"15":[0,0],"16":[0,0],"17":[0,0],"18":[0,0],"19":[0,0],"20":[0,0],"21":[0,0],"22":[0,0],"23":[0,0],"24":[0,0],"25":[0,0],"26":[0,0],"27":[0,0],"28":[0,0],"29":[0,0],"30":[0,0],"31":[0,0],"32":[0,0],"33":[0,0],"34":[0,0],"35":[0,0]}}
,"C:\\Users\\uccte\\Desktop\\POULTRYCURE-2.0-main\\services\\auth.ts": {"path":"C:\\Users\\uccte\\Desktop\\POULTRYCURE-2.0-main\\services\\auth.ts","statementMap":{"0":{"start":{"line":14,"column":51},"end":{"line":14,"column":57}},"1":{"start":{"line":20,"column":4},"end":{"line":87,"column":5}},"2":{"start":{"line":22,"column":31},"end":{"line":22,"column":64}},"3":{"start":{"line":23,"column":6},"end":{"line":28,"column":7}},"4":{"start":{"line":24,"column":8},"end":{"line":27,"column":10}},"5":{"start":{"line":31,"column":27},"end":{"line":31,"column":69}},"6":{"start":{"line":32,"column":6},"end":{"line":37,"column":7}},"7":{"start":{"line":33,"column":8},"end":{"line":36,"column":10}},"8":{"start":{"line":40,"column":29},"end":{"line":42,"column":7}},"9":{"start":{"line":45,"column":21},"end":{"line":45,"column":42}},"10":{"start":{"line":46,"column":18},"end":{"line":46,"column":28}},"11":{"start":{"line":47,"column":39},"end":{"line":55,"column":7}},"12":{"start":{"line":58,"column":25},"end":{"line":64,"column":7}},"13":{"start":{"line":66,"column":6},"end":{"line":66,"column":43}},"14":{"start":{"line":67,"column":6},"end":{"line":70,"column":9}},"15":{"start":{"line":73,"column":27},"end":{"line":73,"column":59}},"16":{"start":{"line":75,"column":6},"end":{"line":79,"column":8}},"17":{"start":{"line":81,"column":6},"end":{"line":86,"column":8}},"18":{"start":{"line":94,"column":4},"end":{"line":160,"column":5}},"19":{"start":{"line":96,"column":6},"end":{"line":101,"column":7}},"20":{"start":{"line":97,"column":8},"end":{"line":100,"column":10}},"21":{"start":{"line":104,"column":19},"end":{"line":104,"column":49}},"22":{"start":{"line":105,"column":6},"end":{"line":113,"column":7}},"23":{"start":{"line":109,"column":8},"end":{"line":112,"column":10}},"24":{"start":{"line":116,"column":32},"end":{"line":116,"column":69}},"25":{"start":{"line":117,"column":6},"end":{"line":122,"column":7}},"26":{"start":{"line":118,"column":8},"end":{"line":121,"column":10}},"27":{"start":{"line":125,"column":30},"end":{"line":129,"column":7}},"28":{"start":{"line":131,"column":6},"end":{"line":136,"column":7}},"29":{"start":{"line":132,"column":8},"end":{"line":135,"column":10}},"30":{"start":{"line":139,"column":26},"end":{"line":142,"column":7}},"31":{"start":{"line":143,"column":6},"end":{"line":143,"column":50}},"32":{"start":{"line":146,"column":27},"end":{"line":146,"column":60}},"33":{"start":{"line":148,"column":6},"end":{"line":152,"column":8}},"34":{"start":{"line":154,"column":6},"end":{"line":159,"column":8}},"35":{"start":{"line":167,"column":4},"end":{"line":175,"column":5}},"36":{"start":{"line":168,"column":6},"end":{"line":168,"column":42}},"37":{"start":{"line":170,"column":6},"end":{"line":174,"column":8}},"38":{"start":{"line":182,"column":25},"end":{"line":182,"column":52}},"39":{"start":{"line":183,"column":22},"end":{"line":183,"column":32}},"40":{"start":{"line":184,"column":4},"end":{"line":186,"column":6}},"41":{"start":{"line":188,"column":37},"end":{"line":193,"column":5}},"42":{"start":{"line":195,"column":4},"end":{"line":195,"column":51}},"43":{"start":{"line":196,"column":4},"end":{"line":196,"column":24}},"44":{"start":{"line":203,"column":4},"end":{"line":218,"column":5}},"45":{"start":{"line":204,"column":22},"end":{"line":204,"column":55}},"46":{"start":{"line":205,"column":6},"end":{"line":207,"column":7}},"47":{"start":{"line":206,"column":8},"end":{"line":206,"column":20}},"48":{"start":{"line":210,"column":6},"end":{"line":213,"column":7}},"49":{"start":{"line":211,"column":8},"end":{"line":211,"column":44}},"50":{"start":{"line":212,"column":8},"end":{"line":212,"column":20}},"51":{"start":{"line":215,"column":6},"end":{"line":215,"column":21}},"52":{"start":{"line":217,"column":6},"end":{"line":217,"column":18}},"53":{"start":{"line":225,"column":4},"end":{"line":225,"column":40}},"54":{"start":{"line":235,"column":29},"end":{"line":235,"column":31}},"55":{"start":{"line":238,"column":4},"end":{"line":240,"column":5}},"56":{"start":{"line":239,"column":6},"end":{"line":239,"column":61}},"57":{"start":{"line":243,"column":4},"end":{"line":245,"column":5}},"58":{"start":{"line":244,"column":6},"end":{"line":244,"column":56}},"59":{"start":{"line":248,"column":31},"end":{"line":250,"column":5}},"60":{"start":{"line":251,"column":4},"end":{"line":253,"column":5}},"61":{"start":{"line":252,"column":6},"end":{"line":252,"column":48}},"62":{"start":{"line":256,"column":4},"end":{"line":258,"column":5}},"63":{"start":{"line":257,"column":6},"end":{"line":257,"column":44}},"64":{"start":{"line":260,"column":4},"end":{"line":263,"column":6}},"65":{"start":{"line":270,"column":23},"end":{"line":270,"column":51}},"66":{"start":{"line":271,"column":4},"end":{"line":271,"column":34}},"67":{"start":{"line":278,"column":4},"end":{"line":286,"column":5}},"68":{"start":{"line":279,"column":19},"end":{"line":279,"column":49}},"69":{"start":{"line":280,"column":6},"end":{"line":282,"column":7}},"70":{"start":{"line":281,"column":8},"end":{"line":281,"column":20}},"71":{"start":{"line":283,"column":6},"end":{"line":283,"column":18}},"72":{"start":{"line":285,"column":6},"end":{"line":285,"column":18}},"73":{"start":{"line":293,"column":4},"end":{"line":293,"column":75}},"74":{"start":{"line":300,"column":18},"end":{"line":300,"column":43}},"75":{"start":{"line":302,"column":16},"end":{"line":304,"column":15}},"76":{"start":{"line":303,"column":18},"end":{"line":303,"column":49}},"77":{"start":{"line":305,"column":4},"end":{"line":305,"column":28}},"78":{"start":{"line":312,"column":4},"end":{"line":351,"column":5}},"79":{"start":{"line":314,"column":6},"end":{"line":316,"column":7}},"80":{"start":{"line":315,"column":8},"end":{"line":315,"column":62}},"81":{"start":{"line":319,"column":19},"end":{"line":319,"column":52}},"82":{"start":{"line":320,"column":6},"end":{"line":324,"column":7}},"83":{"start":{"line":323,"column":8},"end":{"line":323,"column":15}},"84":{"start":{"line":327,"column":32},"end":{"line":327,"column":72}},"85":{"start":{"line":330,"column":29},"end":{"line":332,"column":7}},"86":{"start":{"line":335,"column":6},"end":{"line":338,"column":9}},"87":{"start":{"line":344,"column":6},"end":{"line":344,"column":42}},"88":{"start":{"line":346,"column":6},"end":{"line":350,"column":8}},"89":{"start":{"line":361,"column":4},"end":{"line":430,"column":5}},"90":{"start":{"line":363,"column":6},"end":{"line":365,"column":7}},"91":{"start":{"line":364,"column":8},"end":{"line":364,"column":74}},"92":{"start":{"line":369,"column":8},"end":{"line":369,"column":59}},"93":{"start":{"line":370,"column":6},"end":{"line":376,"column":7}},"94":{"start":{"line":371,"column":8},"end":{"line":375,"column":10}},"95":{"start":{"line":379,"column":19},"end":{"line":379,"column":49}},"96":{"start":{"line":380,"column":6},"end":{"line":382,"column":7}},"97":{"start":{"line":381,"column":8},"end":{"line":381,"column":55}},"98":{"start":{"line":384,"column":32},"end":{"line":384,"column":69}},"99":{"start":{"line":385,"column":6},"end":{"line":387,"column":7}},"100":{"start":{"line":386,"column":8},"end":{"line":386,"column":54}},"101":{"start":{"line":390,"column":37},"end":{"line":394,"column":7}},"102":{"start":{"line":396,"column":6},"end":{"line":398,"column":7}},"103":{"start":{"line":397,"column":8},"end":{"line":397,"column":57}},"104":{"start":{"line":401,"column":29},"end":{"line":405,"column":7}},"105":{"start":{"line":407,"column":6},"end":{"line":409,"column":7}},"106":{"start":{"line":408,"column":8},"end":{"line":408,"column":80}},"107":{"start":{"line":412,"column":29},"end":{"line":412,"column":74}},"108":{"start":{"line":415,"column":6},"end":{"line":418,"column":9}},"109":{"start":{"line":421,"column":6},"end":{"line":423,"column":9}},"110":{"start":{"line":425,"column":6},"end":{"line":429,"column":8}},"111":{"start":{"line":437,"column":4},"end":{"line":455,"column":5}},"112":{"start":{"line":439,"column":22},"end":{"line":439,"column":50}},"113":{"start":{"line":440,"column":6},"end":{"line":442,"column":7}},"114":{"start":{"line":441,"column":8},"end":{"line":441,"column":20}},"115":{"start":{"line":445,"column":19},"end":{"line":445,"column":49}},"116":{"start":{"line":446,"column":6},"end":{"line":450,"column":7}},"117":{"start":{"line":448,"column":8},"end":{"line":448,"column":36}},"118":{"start":{"line":449,"column":8},"end":{"line":449,"column":20}},"119":{"start":{"line":452,"column":6},"end":{"line":452,"column":18}},"120":{"start":{"line":454,"column":6},"end":{"line":454,"column":18}},"121":{"start":{"line":462,"column":4},"end":{"line":467,"column":5}},"122":{"start":{"line":463,"column":22},"end":{"line":463,"column":50}},"123":{"start":{"line":464,"column":6},"end":{"line":464,"column":30}},"124":{"start":{"line":466,"column":6},"end":{"line":466,"column":19}},"125":{"start":{"line":471,"column":27},"end":{"line":471,"column":44}}},"fnMap":{"0":{"name":"(anonymous_0)","decl":{"start":{"line":19,"column":2},"end":{"line":19,"column":3}},"loc":{"start":{"line":19,"column":58},"end":{"line":88,"column":3}},"line":19},"1":{"name":"(anonymous_1)","decl":{"start":{"line":93,"column":2},"end":{"line":93,"column":3}},"loc":{"start":{"line":93,"column":66},"end":{"line":161,"column":3}},"line":93},"2":{"name":"(anonymous_2)","decl":{"start":{"line":166,"column":2},"end":{"line":166,"column":3}},"loc":{"start":{"line":166,"column":32},"end":{"line":176,"column":3}},"line":166},"3":{"name":"(anonymous_3)","decl":{"start":{"line":181,"column":2},"end":{"line":181,"column":3}},"loc":{"start":{"line":181,"column":63},"end":{"line":197,"column":3}},"line":181},"4":{"name":"(anonymous_4)","decl":{"start":{"line":202,"column":2},"end":{"line":202,"column":3}},"loc":{"start":{"line":202,"column":63},"end":{"line":219,"column":3}},"line":202},"5":{"name":"(anonymous_5)","decl":{"start":{"line":224,"column":2},"end":{"line":224,"column":3}},"loc":{"start":{"line":224,"column":48},"end":{"line":226,"column":3}},"line":224},"6":{"name":"(anonymous_6)","decl":{"start":{"line":231,"column":2},"end":{"line":231,"column":3}},"loc":{"start":{"line":234,"column":4},"end":{"line":264,"column":3}},"line":234},"7":{"name":"(anonymous_7)","decl":{"start":{"line":269,"column":2},"end":{"line":269,"column":3}},"loc":{"start":{"line":269,"column":47},"end":{"line":272,"column":3}},"line":269},"8":{"name":"(anonymous_8)","decl":{"start":{"line":277,"column":2},"end":{"line":277,"column":3}},"loc":{"start":{"line":277,"column":69},"end":{"line":287,"column":3}},"line":277},"9":{"name":"(anonymous_9)","decl":{"start":{"line":292,"column":2},"end":{"line":292,"column":3}},"loc":{"start":{"line":292,"column":35},"end":{"line":294,"column":3}},"line":292},"10":{"name":"(anonymous_10)","decl":{"start":{"line":299,"column":2},"end":{"line":299,"column":3}},"loc":{"start":{"line":299,"column":41},"end":{"line":306,"column":3}},"line":299},"11":{"name":"(anonymous_11)","decl":{"start":{"line":303,"column":11},"end":{"line":303,"column":12}},"loc":{"start":{"line":303,"column":18},"end":{"line":303,"column":49}},"line":303},"12":{"name":"(anonymous_12)","decl":{"start":{"line":311,"column":2},"end":{"line":311,"column":3}},"loc":{"start":{"line":311,"column":52},"end":{"line":352,"column":3}},"line":311},"13":{"name":"(anonymous_13)","decl":{"start":{"line":357,"column":2},"end":{"line":357,"column":3}},"loc":{"start":{"line":360,"column":19},"end":{"line":431,"column":3}},"line":360},"14":{"name":"(anonymous_14)","decl":{"start":{"line":436,"column":2},"end":{"line":436,"column":3}},"loc":{"start":{"line":436,"column":47},"end":{"line":456,"column":3}},"line":436},"15":{"name":"(anonymous_15)","decl":{"start":{"line":461,"column":2},"end":{"line":461,"column":3}},"loc":{"start":{"line":461,"column":44},"end":{"line":468,"column":3}},"line":461}},"branchMap":{"0":{"loc":{"start":{"line":23,"column":6},"end":{"line":28,"column":7}},"type":"if","locations":[{"start":{"line":23,"column":6},"end":{"line":28,"column":7}},{"start":{},"end":{}}],"line":23},"1":{"loc":{"start":{"line":32,"column":6},"end":{"line":37,"column":7}},"type":"if","locations":[{"start":{"line":32,"column":6},"end":{"line":37,"column":7}},{"start":{},"end":{}}],"line":32},"2":{"loc":{"start":{"line":84,"column":10},"end":{"line":84,"column":66}},"type":"cond-expr","locations":[{"start":{"line":84,"column":35},"end":{"line":84,"column":48}},{"start":{"line":84,"column":51},"end":{"line":84,"column":66}}],"line":84},"3":{"loc":{"start":{"line":96,"column":6},"end":{"line":101,"column":7}},"type":"if","locations":[{"start":{"line":96,"column":6},"end":{"line":101,"column":7}},{"start":{},"end":{}}],"line":96},"4":{"loc":{"start":{"line":96,"column":10},"end":{"line":96,"column":53}},"type":"binary-expr","locations":[{"start":{"line":96,"column":10},"end":{"line":96,"column":28}},{"start":{"line":96,"column":32},"end":{"line":96,"column":53}}],"line":96},"5":{"loc":{"start":{"line":105,"column":6},"end":{"line":113,"column":7}},"type":"if","locations":[{"start":{"line":105,"column":6},"end":{"line":113,"column":7}},{"start":{},"end":{}}],"line":105},"6":{"loc":{"start":{"line":106,"column":8},"end":{"line":107,"column":75}},"type":"binary-expr","locations":[{"start":{"line":106,"column":8},"end":{"line":106,"column":13}},{"start":{"line":107,"column":8},"end":{"line":107,"column":75}}],"line":106},"7":{"loc":{"start":{"line":117,"column":6},"end":{"line":122,"column":7}},"type":"if","locations":[{"start":{"line":117,"column":6},"end":{"line":122,"column":7}},{"start":{},"end":{}}],"line":117},"8":{"loc":{"start":{"line":131,"column":6},"end":{"line":136,"column":7}},"type":"if","locations":[{"start":{"line":131,"column":6},"end":{"line":136,"column":7}},{"start":{},"end":{}}],"line":131},"9":{"loc":{"start":{"line":157,"column":10},"end":{"line":157,"column":66}},"type":"cond-expr","locations":[{"start":{"line":157,"column":35},"end":{"line":157,"column":48}},{"start":{"line":157,"column":51},"end":{"line":157,"column":66}}],"line":157},"10":{"loc":{"start":{"line":172,"column":10},"end":{"line":172,"column":66}},"type":"cond-expr","locations":[{"start":{"line":172,"column":35},"end":{"line":172,"column":48}},{"start":{"line":172,"column":51},"end":{"line":172,"column":66}}],"line":172},"11":{"loc":{"start":{"line":205,"column":6},"end":{"line":207,"column":7}},"type":"if","locations":[{"start":{"line":205,"column":6},"end":{"line":207,"column":7}},{"start":{},"end":{}}],"line":205},"12":{"loc":{"start":{"line":210,"column":6},"end":{"line":213,"column":7}},"type":"if","locations":[{"start":{"line":210,"column":6},"end":{"line":213,"column":7}},{"start":{},"end":{}}],"line":210},"13":{"loc":{"start":{"line":238,"column":4},"end":{"line":240,"column":5}},"type":"if","locations":[{"start":{"line":238,"column":4},"end":{"line":240,"column":5}},{"start":{},"end":{}}],"line":238},"14":{"loc":{"start":{"line":238,"column":8},"end":{"line":238,"column":57}},"type":"binary-expr","locations":[{"start":{"line":238,"column":8},"end":{"line":238,"column":22}},{"start":{"line":238,"column":26},"end":{"line":238,"column":57}}],"line":238},"15":{"loc":{"start":{"line":243,"column":4},"end":{"line":245,"column":5}},"type":"if","locations":[{"start":{"line":243,"column":4},"end":{"line":245,"column":5}},{"start":{},"end":{}}],"line":243},"16":{"loc":{"start":{"line":243,"column":8},"end":{"line":243,"column":61}},"type":"binary-expr","locations":[{"start":{"line":243,"column":8},"end":{"line":243,"column":23}},{"start":{"line":243,"column":27},"end":{"line":243,"column":61}}],"line":243},"17":{"loc":{"start":{"line":251,"column":4},"end":{"line":253,"column":5}},"type":"if","locations":[{"start":{"line":251,"column":4},"end":{"line":253,"column":5}},{"start":{},"end":{}}],"line":251},"18":{"loc":{"start":{"line":256,"column":4},"end":{"line":258,"column":5}},"type":"if","locations":[{"start":{"line":256,"column":4},"end":{"line":258,"column":5}},{"start":{},"end":{}}],"line":256},"19":{"loc":{"start":{"line":280,"column":6},"end":{"line":282,"column":7}},"type":"if","locations":[{"start":{"line":280,"column":6},"end":{"line":282,"column":7}},{"start":{},"end":{}}],"line":280},"20":{"loc":{"start":{"line":280,"column":10},"end":{"line":280,"column":73}},"type":"binary-expr","locations":[{"start":{"line":280,"column":10},"end":{"line":280,"column":14}},{"start":{"line":280,"column":18},"end":{"line":280,"column":73}}],"line":280},"21":{"loc":{"start":{"line":314,"column":6},"end":{"line":316,"column":7}},"type":"if","locations":[{"start":{"line":314,"column":6},"end":{"line":316,"column":7}},{"start":{},"end":{}}],"line":314},"22":{"loc":{"start":{"line":314,"column":10},"end":{"line":314,"column":45}},"type":"binary-expr","locations":[{"start":{"line":314,"column":10},"end":{"line":314,"column":16}},{"start":{"line":314,"column":20},"end":{"line":314,"column":45}}],"line":314},"23":{"loc":{"start":{"line":320,"column":6},"end":{"line":324,"column":7}},"type":"if","locations":[{"start":{"line":320,"column":6},"end":{"line":324,"column":7}},{"start":{},"end":{}}],"line":320},"24":{"loc":{"start":{"line":348,"column":10},"end":{"line":348,"column":66}},"type":"cond-expr","locations":[{"start":{"line":348,"column":35},"end":{"line":348,"column":48}},{"start":{"line":348,"column":51},"end":{"line":348,"column":66}}],"line":348},"25":{"loc":{"start":{"line":363,"column":6},"end":{"line":365,"column":7}},"type":"if","locations":[{"start":{"line":363,"column":6},"end":{"line":365,"column":7}},{"start":{},"end":{}}],"line":363},"26":{"loc":{"start":{"line":363,"column":10},"end":{"line":363,"column":42}},"type":"binary-expr","locations":[{"start":{"line":363,"column":10},"end":{"line":363,"column":26}},{"start":{"line":363,"column":30},"end":{"line":363,"column":42}}],"line":363},"27":{"loc":{"start":{"line":370,"column":6},"end":{"line":376,"column":7}},"type":"if","locations":[{"start":{"line":370,"column":6},"end":{"line":376,"column":7}},{"start":{},"end":{}}],"line":370},"28":{"loc":{"start":{"line":380,"column":6},"end":{"line":382,"column":7}},"type":"if","locations":[{"start":{"line":380,"column":6},"end":{"line":382,"column":7}},{"start":{},"end":{}}],"line":380},"29":{"loc":{"start":{"line":385,"column":6},"end":{"line":387,"column":7}},"type":"if","locations":[{"start":{"line":385,"column":6},"end":{"line":387,"column":7}},{"start":{},"end":{}}],"line":385},"30":{"loc":{"start":{"line":396,"column":6},"end":{"line":398,"column":7}},"type":"if","locations":[{"start":{"line":396,"column":6},"end":{"line":398,"column":7}},{"start":{},"end":{}}],"line":396},"31":{"loc":{"start":{"line":407,"column":6},"end":{"line":409,"column":7}},"type":"if","locations":[{"start":{"line":407,"column":6},"end":{"line":409,"column":7}},{"start":{},"end":{}}],"line":407},"32":{"loc":{"start":{"line":427,"column":10},"end":{"line":427,"column":66}},"type":"cond-expr","locations":[{"start":{"line":427,"column":35},"end":{"line":427,"column":48}},{"start":{"line":427,"column":51},"end":{"line":427,"column":66}}],"line":427},"33":{"loc":{"start":{"line":440,"column":6},"end":{"line":442,"column":7}},"type":"if","locations":[{"start":{"line":440,"column":6},"end":{"line":442,"column":7}},{"start":{},"end":{}}],"line":440},"34":{"loc":{"start":{"line":446,"column":6},"end":{"line":450,"column":7}},"type":"if","locations":[{"start":{"line":446,"column":6},"end":{"line":450,"column":7}},{"start":{},"end":{}}],"line":446},"35":{"loc":{"start":{"line":446,"column":10},"end":{"line":446,"column":45}},"type":"binary-expr","locations":[{"start":{"line":446,"column":10},"end":{"line":446,"column":15}},{"start":{"line":446,"column":19},"end":{"line":446,"column":45}}],"line":446}},"s":{"0":3,"1":5,"2":5,"3":5,"4":3,"5":2,"6":2,"7":1,"8":1,"9":1,"10":1,"11":1,"12":1,"13":1,"14":1,"15":1,"16":1,"17":0,"18":4,"19":4,"20":0,"21":4,"22":4,"23":1,"24":3,"25":3,"26":1,"27":2,"28":2,"29":1,"30":1,"31":1,"32":1,"33":1,"34":0,"35":1,"36":1,"37":0,"38":2,"39":2,"40":2,"41":2,"42":2,"43":2,"44":6,"45":6,"46":6,"47":2,"48":4,"49":2,"50":2,"51":2,"52":0,"53":0,"54":5,"55":5,"56":0,"57":5,"58":1,"59":5,"60":5,"61":1,"62":5,"63":1,"64":5,"65":8,"66":8,"67":4,"68":4,"69":4,"70":2,"71":2,"72":0,"73":1,"74":2,"75":2,"76":0,"77":2,"78":3,"79":3,"80":1,"81":2,"82":2,"83":1,"84":1,"85":1,"86":1,"87":1,"88":1,"89":4,"90":4,"91":0,"92":4,"93":4,"94":1,"95":3,"96":3,"97":0,"98":3,"99":3,"100":0,"101":3,"102":3,"103":1,"104":2,"105":2,"106":1,"107":1,"108":1,"109":1,"110":3,"111":3,"112":3,"113":3,"114":2,"115":1,"116":1,"117":0,"118":0,"119":1,"120":0,"121":3,"122":3,"123":3,"124":0,"125":3},"f":{"0":5,"1":4,"2":1,"3":2,"4":6,"5":0,"6":5,"7":8,"8":4,"9":1,"10":2,"11":0,"12":3,"13":4,"14":3,"15":3},"b":{"0":[3,2],"1":[1,1],"2":[0,0],"3":[0,4],"4":[4,4],"5":[1,3],"6":[4,3],"7":[1,2],"8":[1,1],"9":[0,0],"10":[0,0],"11":[2,4],"12":[2,2],"13":[0,5],"14":[5,5],"15":[1,4],"16":[5,5],"17":[1,4],"18":[1,4],"19":[2,2],"20":[4,2],"21":[1,2],"22":[3,3],"23":[1,1],"24":[1,0],"25":[0,4],"26":[4,4],"27":[1,3],"28":[0,3],"29":[0,3],"30":[1,2],"31":[1,1],"32":[3,0],"33":[2,1],"34":[0,1],"35":[1,1]},"_coverageSchema":"1a1c01bbd47fc00a2c39e90264f33305004495a9","hash":"82128bc76e6e17d3122d6b369badd7046b6034fc"}
,"C:\\Users\\uccte\\Desktop\\POULTRYCURE-2.0-main\\services\\bookmarkService.ts": {"path":"C:\\Users\\uccte\\Desktop\\POULTRYCURE-2.0-main\\services\\bookmarkService.ts","statementMap":{"0":{"start":{"line":6,"column":25},"end":{"line":6,"column":44}},"1":{"start":{"line":11,"column":4},"end":{"line":13,"column":5}},"2":{"start":{"line":12,"column":6},"end":{"line":12,"column":55}},"3":{"start":{"line":14,"column":4},"end":{"line":14,"column":36}},"4":{"start":{"line":18,"column":4},"end":{"line":26,"column":5}},"5":{"start":{"line":19,"column":24},"end":{"line":19,"column":52}},"6":{"start":{"line":20,"column":6},"end":{"line":22,"column":45}},"7":{"start":{"line":21,"column":28},"end":{"line":21,"column":54}},"8":{"start":{"line":22,"column":25},"end":{"line":22,"column":43}},"9":{"start":{"line":24,"column":6},"end":{"line":24,"column":65}},"10":{"start":{"line":25,"column":6},"end":{"line":25,"column":16}},"11":{"start":{"line":30,"column":4},"end":{"line":71,"column":5}},"12":{"start":{"line":31,"column":24},"end":{"line":31,"column":52}},"13":{"start":{"line":34,"column":31},"end":{"line":36,"column":7}},"14":{"start":{"line":35,"column":13},"end":{"line":35,"column":61}},"15":{"start":{"line":38,"column":6},"end":{"line":40,"column":7}},"16":{"start":{"line":39,"column":8},"end":{"line":39,"column":15}},"17":{"start":{"line":42,"column":43},"end":{"line":48,"column":7}},"18":{"start":{"line":50,"column":6},"end":{"line":50,"column":34}},"19":{"start":{"line":51,"column":6},"end":{"line":51,"column":42}},"20":{"start":{"line":54,"column":6},"end":{"line":67,"column":7}},"21":{"start":{"line":55,"column":33},"end":{"line":55,"column":63}},"22":{"start":{"line":56,"column":25},"end":{"line":56,"column":67}},"23":{"start":{"line":57,"column":8},"end":{"line":63,"column":9}},"24":{"start":{"line":58,"column":10},"end":{"line":62,"column":13}},"25":{"start":{"line":66,"column":8},"end":{"line":66,"column":73}},"26":{"start":{"line":69,"column":6},"end":{"line":69,"column":53}},"27":{"start":{"line":70,"column":6},"end":{"line":70,"column":18}},"28":{"start":{"line":75,"column":4},"end":{"line":101,"column":5}},"29":{"start":{"line":76,"column":24},"end":{"line":76,"column":52}},"30":{"start":{"line":77,"column":32},"end":{"line":79,"column":7}},"31":{"start":{"line":78,"column":13},"end":{"line":78,"column":64}},"32":{"start":{"line":81,"column":6},"end":{"line":81,"column":50}},"33":{"start":{"line":84,"column":6},"end":{"line":97,"column":7}},"34":{"start":{"line":85,"column":33},"end":{"line":85,"column":63}},"35":{"start":{"line":86,"column":25},"end":{"line":86,"column":67}},"36":{"start":{"line":87,"column":8},"end":{"line":93,"column":9}},"37":{"start":{"line":88,"column":10},"end":{"line":92,"column":13}},"38":{"start":{"line":96,"column":8},"end":{"line":96,"column":73}},"39":{"start":{"line":99,"column":6},"end":{"line":99,"column":55}},"40":{"start":{"line":100,"column":6},"end":{"line":100,"column":18}},"41":{"start":{"line":105,"column":4},"end":{"line":111,"column":5}},"42":{"start":{"line":106,"column":24},"end":{"line":106,"column":52}},"43":{"start":{"line":107,"column":6},"end":{"line":107,"column":83}},"44":{"start":{"line":107,"column":33},"end":{"line":107,"column":81}},"45":{"start":{"line":109,"column":6},"end":{"line":109,"column":62}},"46":{"start":{"line":110,"column":6},"end":{"line":110,"column":19}},"47":{"start":{"line":115,"column":4},"end":{"line":122,"column":5}},"48":{"start":{"line":116,"column":24},"end":{"line":116,"column":52}},"49":{"start":{"line":117,"column":23},"end":{"line":117,"column":92}},"50":{"start":{"line":117,"column":43},"end":{"line":117,"column":91}},"51":{"start":{"line":118,"column":6},"end":{"line":118,"column":34}},"52":{"start":{"line":120,"column":6},"end":{"line":120,"column":60}},"53":{"start":{"line":121,"column":6},"end":{"line":121,"column":16}},"54":{"start":{"line":126,"column":4},"end":{"line":156,"column":5}},"55":{"start":{"line":127,"column":24},"end":{"line":127,"column":52}},"56":{"start":{"line":128,"column":28},"end":{"line":130,"column":7}},"57":{"start":{"line":129,"column":13},"end":{"line":129,"column":61}},"58":{"start":{"line":132,"column":6},"end":{"line":152,"column":7}},"59":{"start":{"line":133,"column":8},"end":{"line":133,"column":45}},"60":{"start":{"line":134,"column":8},"end":{"line":134,"column":56}},"61":{"start":{"line":135,"column":8},"end":{"line":135,"column":44}},"62":{"start":{"line":138,"column":8},"end":{"line":151,"column":9}},"63":{"start":{"line":139,"column":35},"end":{"line":139,"column":65}},"64":{"start":{"line":140,"column":27},"end":{"line":140,"column":69}},"65":{"start":{"line":141,"column":10},"end":{"line":147,"column":11}},"66":{"start":{"line":142,"column":12},"end":{"line":146,"column":15}},"67":{"start":{"line":150,"column":10},"end":{"line":150,"column":75}},"68":{"start":{"line":154,"column":6},"end":{"line":154,"column":60}},"69":{"start":{"line":155,"column":6},"end":{"line":155,"column":18}},"70":{"start":{"line":160,"column":4},"end":{"line":166,"column":5}},"71":{"start":{"line":161,"column":24},"end":{"line":161,"column":52}},"72":{"start":{"line":162,"column":6},"end":{"line":162,"column":70}},"73":{"start":{"line":162,"column":42},"end":{"line":162,"column":68}},"74":{"start":{"line":164,"column":6},"end":{"line":164,"column":60}},"75":{"start":{"line":165,"column":6},"end":{"line":165,"column":16}},"76":{"start":{"line":170,"column":4},"end":{"line":185,"column":5}},"77":{"start":{"line":171,"column":28},"end":{"line":171,"column":73}},"78":{"start":{"line":172,"column":6},"end":{"line":180,"column":7}},"79":{"start":{"line":173,"column":23},"end":{"line":173,"column":48}},"80":{"start":{"line":175,"column":8},"end":{"line":179,"column":12}},"81":{"start":{"line":175,"column":46},"end":{"line":179,"column":9}},"82":{"start":{"line":181,"column":6},"end":{"line":181,"column":16}},"83":{"start":{"line":183,"column":6},"end":{"line":183,"column":55}},"84":{"start":{"line":184,"column":6},"end":{"line":184,"column":16}},"85":{"start":{"line":189,"column":4},"end":{"line":194,"column":5}},"86":{"start":{"line":190,"column":6},"end":{"line":190,"column":79}},"87":{"start":{"line":192,"column":6},"end":{"line":192,"column":54}},"88":{"start":{"line":193,"column":6},"end":{"line":193,"column":18}},"89":{"start":{"line":198,"column":4},"end":{"line":205,"column":5}},"90":{"start":{"line":199,"column":24},"end":{"line":199,"column":52}},"91":{"start":{"line":200,"column":32},"end":{"line":200,"column":74}},"92":{"start":{"line":200,"column":54},"end":{"line":200,"column":73}},"93":{"start":{"line":201,"column":6},"end":{"line":201,"column":50}},"94":{"start":{"line":203,"column":6},"end":{"line":203,"column":61}},"95":{"start":{"line":204,"column":6},"end":{"line":204,"column":18}},"96":{"start":{"line":210,"column":31},"end":{"line":210,"column":60}}},"fnMap":{"0":{"name":"(anonymous_0)","decl":{"start":{"line":8,"column":2},"end":{"line":8,"column":3}},"loc":{"start":{"line":8,"column":24},"end":{"line":8,"column":26}},"line":8},"1":{"name":"(anonymous_1)","decl":{"start":{"line":10,"column":2},"end":{"line":10,"column":3}},"loc":{"start":{"line":10,"column":47},"end":{"line":15,"column":3}},"line":10},"2":{"name":"(anonymous_2)","decl":{"start":{"line":17,"column":2},"end":{"line":17,"column":3}},"loc":{"start":{"line":17,"column":72},"end":{"line":27,"column":3}},"line":17},"3":{"name":"(anonymous_3)","decl":{"start":{"line":21,"column":16},"end":{"line":21,"column":17}},"loc":{"start":{"line":21,"column":28},"end":{"line":21,"column":54}},"line":21},"4":{"name":"(anonymous_4)","decl":{"start":{"line":22,"column":13},"end":{"line":22,"column":14}},"loc":{"start":{"line":22,"column":25},"end":{"line":22,"column":43}},"line":22},"5":{"name":"(anonymous_5)","decl":{"start":{"line":29,"column":2},"end":{"line":29,"column":3}},"loc":{"start":{"line":29,"column":77},"end":{"line":72,"column":3}},"line":29},"6":{"name":"(anonymous_6)","decl":{"start":{"line":35,"column":8},"end":{"line":35,"column":9}},"loc":{"start":{"line":35,"column":13},"end":{"line":35,"column":61}},"line":35},"7":{"name":"(anonymous_7)","decl":{"start":{"line":74,"column":2},"end":{"line":74,"column":3}},"loc":{"start":{"line":74,"column":80},"end":{"line":102,"column":3}},"line":74},"8":{"name":"(anonymous_8)","decl":{"start":{"line":78,"column":8},"end":{"line":78,"column":9}},"loc":{"start":{"line":78,"column":13},"end":{"line":78,"column":64}},"line":78},"9":{"name":"(anonymous_9)","decl":{"start":{"line":104,"column":2},"end":{"line":104,"column":3}},"loc":{"start":{"line":104,"column":81},"end":{"line":112,"column":3}},"line":104},"10":{"name":"(anonymous_10)","decl":{"start":{"line":107,"column":28},"end":{"line":107,"column":29}},"loc":{"start":{"line":107,"column":33},"end":{"line":107,"column":81}},"line":107},"11":{"name":"(anonymous_11)","decl":{"start":{"line":114,"column":2},"end":{"line":114,"column":3}},"loc":{"start":{"line":114,"column":88},"end":{"line":123,"column":3}},"line":114},"12":{"name":"(anonymous_12)","decl":{"start":{"line":117,"column":38},"end":{"line":117,"column":39}},"loc":{"start":{"line":117,"column":43},"end":{"line":117,"column":91}},"line":117},"13":{"name":"(anonymous_13)","decl":{"start":{"line":125,"column":2},"end":{"line":125,"column":3}},"loc":{"start":{"line":125,"column":98},"end":{"line":157,"column":3}},"line":125},"14":{"name":"(anonymous_14)","decl":{"start":{"line":129,"column":8},"end":{"line":129,"column":9}},"loc":{"start":{"line":129,"column":13},"end":{"line":129,"column":61}},"line":129},"15":{"name":"(anonymous_15)","decl":{"start":{"line":159,"column":2},"end":{"line":159,"column":3}},"loc":{"start":{"line":159,"column":76},"end":{"line":167,"column":3}},"line":159},"16":{"name":"(anonymous_16)","decl":{"start":{"line":162,"column":30},"end":{"line":162,"column":31}},"loc":{"start":{"line":162,"column":42},"end":{"line":162,"column":68}},"line":162},"17":{"name":"(anonymous_17)","decl":{"start":{"line":169,"column":2},"end":{"line":169,"column":3}},"loc":{"start":{"line":169,"column":62},"end":{"line":186,"column":3}},"line":169},"18":{"name":"(anonymous_18)","decl":{"start":{"line":175,"column":26},"end":{"line":175,"column":27}},"loc":{"start":{"line":175,"column":46},"end":{"line":179,"column":9}},"line":175},"19":{"name":"(anonymous_19)","decl":{"start":{"line":188,"column":2},"end":{"line":188,"column":3}},"loc":{"start":{"line":188,"column":75},"end":{"line":195,"column":3}},"line":188},"20":{"name":"(anonymous_20)","decl":{"start":{"line":197,"column":2},"end":{"line":197,"column":3}},"loc":{"start":{"line":197,"column":65},"end":{"line":206,"column":3}},"line":197},"21":{"name":"(anonymous_21)","decl":{"start":{"line":200,"column":49},"end":{"line":200,"column":50}},"loc":{"start":{"line":200,"column":54},"end":{"line":200,"column":73}},"line":200}},"branchMap":{"0":{"loc":{"start":{"line":11,"column":4},"end":{"line":13,"column":5}},"type":"if","locations":[{"start":{"line":11,"column":4},"end":{"line":13,"column":5}},{"start":{},"end":{}}],"line":11},"1":{"loc":{"start":{"line":35,"column":13},"end":{"line":35,"column":61}},"type":"binary-expr","locations":[{"start":{"line":35,"column":13},"end":{"line":35,"column":32}},{"start":{"line":35,"column":36},"end":{"line":35,"column":61}}],"line":35},"2":{"loc":{"start":{"line":38,"column":6},"end":{"line":40,"column":7}},"type":"if","locations":[{"start":{"line":38,"column":6},"end":{"line":40,"column":7}},{"start":{},"end":{}}],"line":38},"3":{"loc":{"start":{"line":57,"column":8},"end":{"line":63,"column":9}},"type":"if","locations":[{"start":{"line":57,"column":8},"end":{"line":63,"column":9}},{"start":{},"end":{}}],"line":57},"4":{"loc":{"start":{"line":78,"column":15},"end":{"line":78,"column":63}},"type":"binary-expr","locations":[{"start":{"line":78,"column":15},"end":{"line":78,"column":34}},{"start":{"line":78,"column":38},"end":{"line":78,"column":63}}],"line":78},"5":{"loc":{"start":{"line":87,"column":8},"end":{"line":93,"column":9}},"type":"if","locations":[{"start":{"line":87,"column":8},"end":{"line":93,"column":9}},{"start":{},"end":{}}],"line":87},"6":{"loc":{"start":{"line":107,"column":33},"end":{"line":107,"column":81}},"type":"binary-expr","locations":[{"start":{"line":107,"column":33},"end":{"line":107,"column":52}},{"start":{"line":107,"column":56},"end":{"line":107,"column":81}}],"line":107},"7":{"loc":{"start":{"line":117,"column":43},"end":{"line":117,"
[...]
},"94":{"start":{"line":256,"column":25},"end":{"line":256,"column":91}},"95":{"start":{"line":257,"column":8},"end":{"line":257,"column":49}},"96":{"start":{"line":259,"column":8},"end":{"line":263,"column":11}},"97":{"start":{"line":260,"column":10},"end":{"line":262,"column":11}},"98":{"start":{"line":261,"column":12},"end":{"line":261,"column":46}},"99":{"start":{"line":265,"column":8},"end":{"line":265,"column":43}},"100":{"start":{"line":270,"column":36},"end":{"line":277,"column":40}},"101":{"start":{"line":271,"column":51},"end":{"line":276,"column":7}},"102":{"start":{"line":277,"column":22},"end":{"line":277,"column":39}},"103":{"start":{"line":280,"column":4},"end":{"line":280,"column":44}},"104":{"start":{"line":283,"column":4},"end":{"line":288,"column":5}},"105":{"start":{"line":284,"column":23},"end":{"line":284,"column":59}},"106":{"start":{"line":285,"column":6},"end":{"line":287,"column":7}},"107":{"start":{"line":286,"column":8},"end":{"line":286,"column":42}},"108":{"start":{"line":290,"column":23},"end":{"line":290,"column":67}},"109":{"start":{"line":292,"column":4},"end":{"line":298,"column":7}},"110":{"start":{"line":300,"column":4},"end":{"line":300,"column":19}},"111":{"start":{"line":310,"column":48},"end":{"line":310,"column":50}},"112":{"start":{"line":313,"column":19},"end":{"line":319,"column":5}},"113":{"start":{"line":321,"column":4},"end":{"line":346,"column":7}},"114":{"start":{"line":322,"column":24},"end":{"line":322,"column":42}},"115":{"start":{"line":323,"column":24},"end":{"line":323,"column":42}},"116":{"start":{"line":325,"column":18},"end":{"line":325,"column":19}},"117":{"start":{"line":328,"column":6},"end":{"line":341,"column":7}},"118":{"start":{"line":329,"column":8},"end":{"line":329,"column":19}},"119":{"start":{"line":332,"column":34},"end":{"line":332,"column":66}},"120":{"start":{"line":333,"column":8},"end":{"line":335,"column":9}},"121":{"start":{"line":334,"column":10},"end":{"line":334,"column":23}},"122":{"start":{"line":338,"column":25},"end":{"line":338,"column":53}},"123":{"start":{"line":339,"column":30},"end":{"line":339,"column":76}},"124":{"start":{"line":340,"column":8},"end":{"line":340,"column":37}},"125":{"start":{"line":344,"column":26},"end":{"line":344,"column":103}},"126":{"start":{"line":345,"column":6},"end":{"line":345,"column":47}},"127":{"start":{"line":348,"column":23},"end":{"line":348,"column":88}},"128":{"start":{"line":348,"column":73},"end":{"line":348,"column":84}},"129":{"start":{"line":350,"column":4},"end":{"line":350,"column":39}},"130":{"start":{"line":357,"column":47},"end":{"line":357,"column":49}},"131":{"start":{"line":359,"column":19},"end":{"line":363,"column":5}},"132":{"start":{"line":365,"column":4},"end":{"line":374,"column":7}},"133":{"start":{"line":366,"column":28},"end":{"line":366,"column":32}},"134":{"start":{"line":368,"column":6},"end":{"line":371,"column":9}},"135":{"start":{"line":369,"column":22},"end":{"line":369,"column":51}},"136":{"start":{"line":370,"column":8},"end":{"line":370,"column":76}},"137":{"start":{"line":373,"column":6},"end":{"line":373,"column":42}},"138":{"start":{"line":376,"column":4},"end":{"line":376,"column":22}},"139":{"start":{"line":383,"column":4},"end":{"line":383,"column":43}},"140":{"start":{"line":383,"column":33},"end":{"line":383,"column":43}},"141":{"start":{"line":385,"column":24},"end":{"line":385,"column":41}},"142":{"start":{"line":386,"column":25},"end":{"line":386,"column":51}},"143":{"start":{"line":389,"column":4},"end":{"line":393,"column":7}},"144":{"start":{"line":390,"column":6},"end":{"line":392,"column":7}},"145":{"start":{"line":391,"column":8},"end":{"line":391,"column":30}},"146":{"start":{"line":396,"column":4},"end":{"line":401,"column":5}},"147":{"start":{"line":397,"column":27},"end":{"line":397,"column":62}},"148":{"start":{"line":398,"column":6},"end":{"line":400,"column":9}},"149":{"start":{"line":399,"column":8},"end":{"line":399,"column":31}},"150":{"start":{"line":403,"column":4},"end":{"line":403,"column":35}},"151":{"start":{"line":410,"column":4},"end":{"line":410,"column":29}},"152":{"start":{"line":411,"column":4},"end":{"line":411,"column":27}},"153":{"start":{"line":418,"column":4},"end":{"line":418,"column":51}},"154":{"start":{"line":419,"column":4},"end":{"line":419,"column":22}},"155":{"start":{"line":431,"column":23},"end":{"line":431,"column":59}},"156":{"start":{"line":432,"column":25},"end":{"line":432,"column":89}},"157":{"start":{"line":434,"column":4},"end":{"line":439,"column":6}},"158":{"start":{"line":444,"column":31},"end":{"line":444,"column":52}}},"fnMap":{"0":{"name":"(anonymous_0)","decl":{"start":{"line":55,"column":2},"end":{"line":55,"column":3}},"loc":{"start":{"line":55,"column":46},"end":{"line":60,"column":3}},"line":55},"1":{"name":"(anonymous_1)","decl":{"start":{"line":65,"column":2},"end":{"line":65,"column":3}},"loc":{"start":{"line":65,"column":37},"end":{"line":84,"column":3}},"line":65},"2":{"name":"(anonymous_2)","decl":{"start":{"line":79,"column":26},"end":{"line":79,"column":27}},"loc":{"start":{"line":79,"column":35},"end":{"line":83,"column":5}},"line":79},"3":{"name":"(anonymous_3)","decl":{"start":{"line":80,"column":20},"end":{"line":80,"column":21}},"loc":{"start":{"line":80,"column":28},"end":{"line":82,"column":7}},"line":80},"4":{"name":"(anonymous_4)","decl":{"start":{"line":81,"column":56},"end":{"line":81,"column":57}},"loc":{"start":{"line":81,"column":61},"end":{"line":81,"column":76}},"line":81},"5":{"name":"(anonymous_5)","decl":{"start":{"line":89,"column":2},"end":{"line":89,"column":3}},"loc":{"start":{"line":89,"column":59},"end":{"line":135,"column":3}},"line":89},"6":{"name":"(anonymous_6)","decl":{"start":{"line":96,"column":21},"end":{"line":96,"column":22}},"loc":{"start":{"line":96,"column":41},"end":{"line":131,"column":5}},"line":96},"7":{"name":"(anonymous_7)","decl":{"start":{"line":111,"column":20},"end":{"line":111,"column":21}},"loc":{"start":{"line":111,"column":28},"end":{"line":130,"column":7}},"line":111},"8":{"name":"(anonymous_8)","decl":{"start":{"line":122,"column":27},"end":{"line":122,"column":28}},"loc":{"start":{"line":122,"column":38},"end":{"line":128,"column":11}},"line":122},"9":{"name":"(anonymous_9)","decl":{"start":{"line":140,"column":2},"end":{"line":140,"column":3}},"loc":{"start":{"line":140,"column":43},"end":{"line":146,"column":3}},"line":140},"10":{"name":"(anonymous_10)","decl":{"start":{"line":145,"column":14},"end":{"line":145,"column":15}},"loc":{"start":{"line":145,"column":22},"end":{"line":145,"column":37}},"line":145},"11":{"name":"(anonymous_11)","decl":{"start":{"line":151,"column":2},"end":{"line":151,"column":3}},"loc":{"start":{"line":151,"column":37},"end":{"line":170,"column":3}},"line":151},"12":{"name":"(anonymous_12)","decl":{"start":{"line":175,"column":2},"end":{"line":175,"column":3}},"loc":{"start":{"line":175,"column":60},"end":{"line":193,"column":3}},"line":175},"13":{"name":"(anonymous_13)","decl":{"start":{"line":176,"column":54},"end":{"line":176,"column":55}},"loc":{"start":{"line":176,"column":60},"end":{"line":176,"column":90}},"line":176},"14":{"name":"(anonymous_14)","decl":{"start":{"line":198,"column":2},"end":{"line":198,"column":3}},"loc":{"start":{"line":198,"column":51},"end":{"line":212,"column":3}},"line":198},"15":{"name":"(anonymous_15)","decl":{"start":{"line":217,"column":2},"end":{"line":217,"column":3}},"loc":{"start":{"line":217,"column":47},"end":{"line":301,"column":3}},"line":217},"16":{"name":"(anonymous_16)","decl":{"start":{"line":232,"column":23},"end":{"line":232,"column":24}},"loc":{"start":{"line":232,"column":31},"end":{"line":267,"column":5}},"line":232},"17":{"name":"(anonymous_17)","decl":{"start":{"line":238,"column":42},"end":{"line":238,"column":43}},"loc":{"start":{"line":238,"column":51},"end":{"line":238,"column":77}},"line":238},"18":{"name":"(anonymous_18)","decl":{"start":{"line":244,"column":29},"end":{"line":244,"column":30}},"loc":{"start":{"line":244,"column":38},"end":{"line":248,"column":9}},"line":244},"19":{"name":"(anonymous_19)","decl":{"start":{"line":246,"column":44},"end":{"line":246,"column":45}},"loc":{"start":{"line":246,"column":53},"end":{"line":246,"column":79}},"line":246},"20":{"name":"(anonymous_20)","decl":{"start":{"line":252,"column":30},"end":{"line":252,"column":31}},"loc":{"start":{"line":252,"column":39},"end":{"line":266,"column":7}},"line":252},"21":{"name":"(anonymous_21)","decl":{"start":{"line":259,"column":53},"end":{"line":259,"column":54}},"loc":{"start":{"line":259,"column":62},"end":{"line":263,"column":9}},"line":259},"22":{"name":"(anonymous_22)","decl":{"start":{"line":271,"column":11},"end":{"line":271,"column":12}},"loc":{"start":{"line":271,"column":51},"end":{"line":276,"column":7}},"line":271},"23":{"name":"(anonymous_23)","decl":{"start":{"line":277,"column":12},"end":{"line":277,"column":13}},"loc":{"start":{"line":277,"column":22},"end":{"line":277,"column":39}},"line":277},"24":{"name":"(anonymous_24)","decl":{"start":{"line":306,"column":2},"end":{"line":306,"column":3}},"loc":{"start":{"line":309,"column":4},"end":{"line":351,"column":3}},"line":309},"25":{"name":"(anonymous_25)","decl":{"start":{"line":321,"column":35},"end":{"line":321,"column":36}},"loc":{"start":{"line":321,"column":54},"end":{"line":346,"column":5}},"line":321},"26":{"name":"(anonymous_26)","decl":{"start":{"line":348,"column":57},"end":{"line":348,"column":58}},"loc":{"start":{"line":348,"column":73},"end":{"line":348,"column":84}},"line":348},"27":{"name":"(anonymous_27)","decl":{"start":{"line":356,"column":2},"end":{"line":356,"column":3}},"loc":{"start":{"line":356,"column":105},"end":{"line":377,"column":3}},"line":356},"28":{"name":"(anonymous_28)","decl":{"start":{"line":365,"column":35},"end":{"line":365,"column":36}},"loc":{"start":{"line":365,"column":54},"end":{"line":374,"column":5}},"line":365},"29":{"name":"(anonymous_29)","decl":{"start":{"line":368,"column":25},"end":{"line":368,"column":26}},"loc":{"start":{"line":368,"column":33},"end":{"line":371,"column":7}},"line":368},"30":{"name":"(anonymous_30)","decl":{"start":{"line":382,"column":2},"end":{"line":382,"column":3}},"loc":{"start":{"line":382,"column":75},"end":{"line":404,"column":3}},"line":382},"31":{"name":"(anonymous_31)","decl":{"start":{"line":389,"column":42},"end":{"line":389,"column":43}},"loc":{"start":{"line":389,"column":50},"end":{"line":393,"column":5}},"line":389},"32":{"name":"(anonymous_32)","decl":{"start":{"line":398,"column":62},"end":{"line":398,"column":63}},"loc":{"start":{"line":398,"column":71},"end":{"line":400,"column":7}},"line":398},"33":{"name":"(anonymous_33)","decl":{"start":{"line":409,"column":2},"end":{"line":409,"column":3}},"loc":{"start":{"line":409,"column":28},"end":{"line":412,"column":3}},"line":409},"34":{"name":"(anonymous_34)","decl":{"start":{"line":417,"column":2},"end":{"line":417,"column":3}},"loc":{"start":{"line":417,"column":62},"end":{"line":420,"column":3}},"line":417},"35":{"name":"(anonymous_35)","decl":{"start":{"line":425,"column":2},"end":{"line":425,"column":3}},"loc":{"start":{"line":430,"column":4},"end":{"line":440,"column":3}},"line":430}},"branchMap":{"0":{"loc":{"start":{"line":56,"column":4},"end":{"line":58,"column":5}},"type":"if","locations":[{"start":{"line":56,"column":4},"end":{"line":58,"column":5}},{"start":{},"end":{}}],"line":56},"1":{"loc":{"start":{"line":114,"column":8},"end":{"line":116,"column":9}},"type":"if","locations":[{"start":{"line":114,"column":8},"end":{"line":116,"column":9}},{"start":{},"end":{}}],"line":114},"2":{"loc":{"start":{"line":120,"column":8},"end":{"line":129,"column":9}},"type":"if","locations":[{"start":{"line":120,"column":8},"end":{"line":129,"column":9}},{"start":{},"end":{}}],"line":120},"3":{"loc":{"start":{"line":121,"column":27},"end":{"line":121,"column":56}},"type":"binary-expr","locations":[{"start":{"line":121,"column":27},"end":{"line":121,"column":50}},{"start":{"line":121,"column":54},"end":{"line":121,"column":56}}],"line":121},"4":{"loc":{"start":{"line":124,"column":12},"end":{"line":126,"column":13}},"type":"if","locations":[{"start":{"line":124,"column":12},"end":{"line":126,"column":13}},{"start":{},"end":{}}],"line":124},"5":{"loc":{"start":{"line":152,"column":4},"end":{"line":154,"column":5}},"type":"if","locations":[{"start":{"line":152,"column":4},"end":{"line":154,"column":5}},{"start":{},"end":{}}],"line":152},"6":{"loc":{"start":{"line":162,"column":6},"end":{"line":165,"column":7}},"type":"if","locations":[{"start":{"line":162,"column":6},"end":{"line":165,"column":7}},{"start":{},"end":{}}],"line":162},"7":{"loc":{"start":{"line":162,"column":10},"end":{"line":162,"column":72}},"type":"binary-expr","locations":[{"start":{"line":162,"column":10},"end":{"line":162,"column":34}},{"start":{"line":162,"column":38},"end":{"line":162,"column":72}}],"line":162},"8":{"loc":{"start":{"line":183,"column":26},"end":{"line":183,"column":55}},"type":"cond-expr","locations":[{"start":{"line":183,"column":50},"end":{"line":183,"column":51}},{"start":{"line":183,"column":54},"end":{"line":183,"column":55}}],"line":183},"9":{"loc":{"start":{"line":199,"column":4},"end":{"line":199,"column":50}},"type":"if","locations":[{"start":{"line":199,"column":4},"end":{"line":199,"column":50}},{"start":{},"end":{}}],"line":199},"10":{"loc":{"start":{"line":206,"column":6},"end":{"line":208,"column":7}},"type":"if","locations":[{"start":{"line":206,"column":6},"end":{"line":208,"column":7}},{"start":{},"end":{}}],"line":206},"11":{"loc":{"start":{"line":206,"column":10},"end":{"line":206,"column":66}},"type":"binary-expr","locations":[{"start":{"line":206,"column":10},"end":{"line":206,"column":50}},{"start":{"line":206,"column":54},"end":{"line":206,"column":66}}],"line":206},"12":{"loc":{"start":{"line":218,"column":4},"end":{"line":218,"column":33}},"type":"if","locations":[{"start":{"line":218,"column":4},"end":{"line":218,"column":33}},{"start":{},"end":{}}],"line":218},"13":{"loc":{"start":{"line":222,"column":4},"end":{"line":224,"column":5}},"type":"if","locations":[{"start":{"line":222,"column":4},"end":{"line":224,"column":5}},{"start":{},"end":{}}],"line":222},"14":{"loc":{"start":{"line":237,"column":6},"end":{"line":239,"column":7}},"type":"if","locations":[{"start":{"line":237,"column":6},"end":{"line":239,"column":7}},{"start":{},"end":{}}],"line":237},"15":{"loc":{"start":{"line":242,"column":6},"end":{"line":249,"column":7}},"type":"if","locations":[{"start":{"line":242,"column":6},"end":{"line":249,"column":7}},{"start":{},"end":{}}],"line":242},"16":{"loc":{"start":{"line":245,"column":10},"end":{"line":247,"column":11}},"type":"if","locations":[{"start":{"line":245,"column":10},"end":{"line":247,"column":11}},{"start":{},"end":{}}],"line":245},"17":{"loc":{"start":{"line":256,"column":25},"end":{"line":256,"column":91}},"type":"binary-expr","locations":[{"start":{"line":256,"column":25},"end":{"line":256,"column":49}},{"start":{"line":256,"column":53},"end":{"line":256,"column":91}}],"line":256},"18":{"loc":{"start":{"line":260,"column":10},"end":{"line":262,"column":11}},"type":"if","locations":[{"start":{"line":260,"column":10},"end":{"line":262,"column":11}},{"start":{},"end":{}}],"line":260},"19":{"loc":{"start":{"line":283,"column":4},"end":{"line":288,"column":5}},"type":"if","locations":[{"start":{"line":283,"column":4},"end":{"line":288,"column":5}},{"start":{},"end":{}}],"line":283},"20":{"loc":{"start":{"line":285,"column":6},"end":{"line":287,"column":7}},"type":"if","locations":[{"start":{"line":285,"column":6},"end":{"line":287,"column":7}},{"start":{},"end":{}}],"line":285},"21":{"loc":{"start":{"line":295,"column":18},"end":{"line":295,"column":33}},"type":"binary-expr","locations":[{"start":{"line":295,"column":18},"end":{"line":295,"column":28}},{"start":{"line":295,"column":32},"end":{"line":295,"column":33}}],"line":295},"22":{"loc":{"start":{"line":328,"column":6},"end":{"line":341,"column":7}},"type":"if","locations":[{"start":{"line":328,"column":6},"end":{"line":341,"column":7}},{"start":{},"end":{}}],"line":328},"23":{"loc":{"start":{"line":333,"column":8},"end":{"line":335,"column":9}},"type":"if","locations":[{"start":{"line":333,"column":8},"end":{"line":335,"column":9}},{"start":{},"end":{}}],"line":333},"24":{"loc":{"start":{"line":344,"column":26},"end":{"line":344,"column":103}},"type":"binary-expr","locations":[{"start":{"line":344,"column":26},"end":{"line":344,"column":98}},{"start":{"line":344,"column":102},"end":{"line":344,"column":103}}],"line":344},"25":{"loc":{"start":{"line":382,"column":46},"end":{"line":382,"column":63}},"type":"default-arg","locations":[{"start":{"line":382,"column":62},"end":{"line":382,"column":63}}],"line":382},"26":{"loc":{"start":{"line":383,"column":4},"end":{"line":383,"column":43}},"type":"if","locations":[{"start":{"line":383,"column":4},"end":{"line":383,"column":43}},{"start":{},"end":{}}],"line":383},"27":{"loc":{"start":{"line":390,"column":6},"end":{"line":392,"column":7}},"type":"if","locations":[{"start":{"line":390,"column":6},"end":{"line":392,"column":7}},{"start":{},"end":{}}],"line":390},"28":{"loc":{"start":{"line":390,"column":10},"end":{"line":390,"column":67}},"type":"binary-expr","locations":[{"start":{"line":390,"column":10},"end":{"line":390,"column":39}},{"start":{"line":390,"column":43},"end":{"line":390,"column":67}}],"line":390},"29":{"loc":{"start":{"line":396,"column":4},"end":{"line":401,"column":5}},"type":"if","locations":[{"start":{"line":396,"column":4},"end":{"line":401,"column":5}},{"start":{},"end":{}}],"line":396},"30":{"loc":{"start":{"line":396,"column":8},"end":{"line":396,"column":65}},"type":"binary-expr","locations":[{"start":{"line":396,"column":8},"end":{"line":396,"column":32}},{"start":{"line":396,"column":36},"end":{"line":396,"column":65}}],"line":396},"31":{"loc":{"start":{"line":432,"column":25},"end":{"line":432,"column":89}},"type":"cond-expr","locations":[{"start":{"line":432,"column":52},"end":{"line":432,"column":85}},{"start":{"line":432,"column":88},"end":{"line":432,"column":89}}],"line":432}},"s":{"0":0,"1":0,"2":0,"3":0,"4":0,"5":0,"6":0,"7":0,"8":0,"9":0,"10":0,"11":0,"12":0,"13":0,"14":0,"15":0,"16":0,"17":0,"18":0,"19":0,"20":0,"21":0,"22":0,"23":0,"24":0,"25":0,"26":0,"27":0,"28":0,"29":0,"30":0,"31":0,"32":0,"33":0,"34":0,"35":0,"36":0,"37":0,"38":0,"39":0,"40":0,"41":0,"42":0,"43":0,"44":0,"45":0,"46":0,"47":0,"48":0,"49":0,"50":0,"51":0,"52":0,"53":0,"54":0,"55":0,"56":0,"57":0,"58":0,"59":0,"60":0,"61":0,"62":0,"63":0,"64":0,"65":0,"66":0,"67":0,"68":0,"69":0,"70":0,"71":0,"72":0,"73":0,"74":0,"75":0,"76":0,"77":0,"78":0,"79":0,"80":0,"81":0,"82":0,"83":0,"84":0,"85":0,"86":0,"87":0,"88":0,"89":0,"90":0,"91":0,"92":0,"93":0,"94":0,"95":0,"96":0,"97":0,"98":0,"99":0,"100":0,"101":0,"102":0,"103":0,"104":0,"105":0,"106":0,"107":0,"108":0,"109":0,"110":0,"111":0,"112":0,"113":0,"114":0,"115":0,"116":0,"117":0,"118":0,"119":0,"120":0,"121":0,"122":0,"123":0,"124":0,"125":0,"126":0,"127":0,"128":0,"129":0,"130":0,"131":0,"132":0,"133":0,"134":0,"135":0,"136":0,"137":0,"138":0,"139":0,"140":0,"141":0,"142":0,"143":0,"144":0,"145":0,"146":0,"147":0,"148":0,"149":0,"150":0,"151":0,"152":0,"153":0,"154":0,"155":0,"156":0,"157":0,"158":0},"f":{"0":0,"1":0,"2":0,"3":0,"4":0,"5":0,"6":0,"7":0,"8":0,"9":0,"10":0,"11":0,"12":0,"13":0,"14":0,"15":0,"16":0,"17":0,"18":0,"19":0,"20":0,"21":0,"22":0,"23":0,"24":0,"25":0,"26":0,"27":0,"28":0,"29":0,"30":0,"31":0,"32":0,"33":0,"34":0,"35":0},"b":{"0":[0,0],"1":[0,0],"2":[0,0],"3":[0,0],"4":[0,0],"5":[0,0],"6":[0,0],"7":[0,0],"8":[0,0],"9":[0,0],"10":[0,0],"11":[0,0],"12":[0,0],"13":[0,0],"14":[0,0],"15":[0,0],"16":[0,0],"17":[0,0],"18":[0,0],"19":[0,0],"20":[0,0],"21":[0,0],"22":[0,0],"23":[0,0],"24":[0,0],"25":[0],"26":[0,0],"27":[0,0],"28":[0,0],"29":[0,0],"30":[0,0],"31":[0,0]}}
}
