TN:
SF:services\api.ts
FN:8,(anonymous_0)
FN:11,(anonymous_1)
FN:58,(anonymous_2)
FN:96,(anonymous_3)
FN:200,(anonymous_4)
FN:357,(anonymous_5)
FN:363,(anonymous_6)
FN:365,(anonymous_7)
FN:383,(anonymous_8)
FN:431,(anonymous_9)
FN:450,(anonymous_10)
FN:494,(anonymous_11)
FN:517,(anonymous_12)
FN:545,(anonymous_13)
FN:550,(anonymous_14)
FNF:15
FNH:0
FNDA:0,(anonymous_0)
FNDA:0,(anonymous_1)
FNDA:0,(anonymous_2)
FNDA:0,(anonymous_3)
FNDA:0,(anonymous_4)
FNDA:0,(anonymous_5)
FNDA:0,(anonymous_6)
FNDA:0,(anonymous_7)
FNDA:0,(anonymous_8)
FNDA:0,(anonymous_9)
FNDA:0,(anonymous_10)
FNDA:0,(anonymous_11)
FNDA:0,(anonymous_12)
FNDA:0,(anonymous_13)
FNDA:0,(anonymous_14)
DA:8,0
DA:9,0
DA:10,0
DA:13,0
DA:14,0
DA:15,0
DA:16,0
DA:20,0
DA:31,0
DA:34,0
DA:35,0
DA:36,0
DA:37,0
DA:38,0
DA:39,0
DA:40,0
DA:41,0
DA:42,0
DA:44,0
DA:47,0
DA:48,0
DA:51,0
DA:52,0
DA:63,0
DA:64,0
DA:67,0
DA:68,0
DA:71,0
DA:72,0
DA:76,0
DA:77,0
DA:82,0
DA:83,0
DA:84,0
DA:87,0
DA:98,0
DA:99,0
DA:100,0
DA:103,0
DA:105,0
DA:116,0
DA:133,0
DA:134,0
DA:136,0
DA:142,0
DA:143,0
DA:144,0
DA:145,0
DA:146,0
DA:147,0
DA:148,0
DA:151,0
DA:154,0
DA:155,0
DA:156,0
DA:160,0
DA:163,0
DA:164,0
DA:165,0
DA:166,0
DA:169,0
DA:171,0
DA:188,0
DA:189,0
DA:190,0
DA:192,0
DA:193,0
DA:202,0
DA:203,0
DA:204,0
DA:225,0
DA:227,0
DA:229,0
DA:248,0
DA:271,0
DA:272,0
DA:274,0
DA:280,0
DA:281,0
DA:282,0
DA:283,0
DA:284,0
DA:285,0
DA:286,0
DA:289,0
DA:292,0
DA:293,0
DA:294,0
DA:298,0
DA:301,0
DA:302,0
DA:303,0
DA:304,0
DA:307,0
DA:309,0
DA:327,0
DA:328,0
DA:329,0
DA:331,0
DA:332,0
DA:358,0
DA:360,0
DA:361,0
DA:363,0
DA:364,0
DA:365,0
DA:366,0
DA:368,0
DA:369,0
DA:371,0
DA:372,0
DA:375,0
DA:376,0
DA:384,0
DA:386,0
DA:387,0
DA:408,0
DA:410,0
DA:432,0
DA:438,0
DA:439,0
DA:440,0
DA:441,0
DA:444,0
DA:451,0
DA:452,0
DA:455,0
DA:456,0
DA:459,0
DA:460,0
DA:471,0
DA:473,0
DA:474,0
DA:475,0
DA:476,0
DA:477,0
DA:480,0
DA:481,0
DA:487,0
DA:495,0
DA:497,0
DA:507,0
DA:509,0
DA:510,0
DA:523,0
DA:524,0
DA:525,0
DA:531,0
DA:543,0
DA:546,0
DA:547,0
DA:551,0
LF:152
LH:0
BRDA:14,0,0,0
BRDA:14,0,1,0
BRDA:15,1,0,0
BRDA:15,1,1,0
BRDA:31,2,0,0
BRDA:31,2,1,0
BRDA:37,3,0,0
BRDA:37,3,1,0
BRDA:38,4,0,0
BRDA:38,4,1,0
BRDA:39,5,0,0
BRDA:39,5,1,0
BRDA:40,6,0,0
BRDA:40,6,1,0
BRDA:47,7,0,0
BRDA:47,7,1,0
BRDA:47,8,0,0
BRDA:47,8,1,0
BRDA:51,9,0,0
BRDA:51,9,1,0
BRDA:52,10,0,0
BRDA:52,10,1,0
BRDA:67,11,0,0
BRDA:67,11,1,0
BRDA:71,12,0,0
BRDA:71,12,1,0
BRDA:76,13,0,0
BRDA:76,13,1,0
BRDA:83,14,0,0
BRDA:83,14,1,0
BRDA:83,15,0,0
BRDA:83,15,1,0
BRDA:98,16,0,0
BRDA:98,16,1,0
BRDA:133,17,0,0
BRDA:133,17,1,0
BRDA:138,18,0,0
BRDA:138,18,1,0
BRDA:143,19,0,0
BRDA:143,19,1,0
BRDA:145,20,0,0
BRDA:145,20,1,0
BRDA:147,21,0,0
BRDA:147,21,1,0
BRDA:155,22,0,0
BRDA:155,22,1,0
BRDA:163,23,0,0
BRDA:163,23,1,0
BRDA:165,24,0,0
BRDA:165,24,1,0
BRDA:202,25,0,0
BRDA:202,25,1,0
BRDA:271,26,0,0
BRDA:271,26,1,0
BRDA:276,27,0,0
BRDA:276,27,1,0
BRDA:281,28,0,0
BRDA:281,28,1,0
BRDA:283,29,0,0
BRDA:283,29,1,0
BRDA:285,30,0,0
BRDA:285,30,1,0
BRDA:293,31,0,0
BRDA:293,31,1,0
BRDA:301,32,0,0
BRDA:301,32,1,0
BRDA:303,33,0,0
BRDA:303,33,1,0
BRDA:386,34,0,0
BRDA:386,34,1,0
BRDA:438,35,0,0
BRDA:438,35,1,0
BRDA:455,36,0,0
BRDA:455,36,1,0
BRDA:473,37,0,0
BRDA:473,37,1,0
BRDA:476,38,0,0
BRDA:476,38,1,0
BRDA:483,39,0,0
BRDA:483,39,1,0
BRDA:527,40,0,0
BRDA:527,40,1,0
BRDA:533,41,0,0
BRDA:533,41,1,0
BRDA:547,42,0,0
BRDA:547,42,1,0
BRF:86
BRH:0
end_of_record
TN:
SF:services\auth.legacy.ts
FN:19,(anonymous_0)
FN:93,(anonymous_1)
FN:166,(anonymous_2)
FN:181,(anonymous_3)
FN:202,(anonymous_4)
FN:224,(anonymous_5)
FN:231,(anonymous_6)
FN:269,(anonymous_7)
FN:277,(anonymous_8)
FN:292,(anonymous_9)
FN:299,(anonymous_10)
FN:303,(anonymous_11)
FN:311,(anonymous_12)
FN:357,(anonymous_13)
FN:436,(anonymous_14)
FN:461,(anonymous_15)
FNF:16
FNH:0
FNDA:0,(anonymous_0)
FNDA:0,(anonymous_1)
FNDA:0,(anonymous_2)
FNDA:0,(anonymous_3)
FNDA:0,(anonymous_4)
FNDA:0,(anonymous_5)
FNDA:0,(anonymous_6)
FNDA:0,(anonymous_7)
FNDA:0,(anonymous_8)
FNDA:0,(anonymous_9)
FNDA:0,(anonymous_10)
FNDA:0,(anonymous_11)
FNDA:0,(anonymous_12)
FNDA:0,(anonymous_13)
FNDA:0,(anonymous_14)
FNDA:0,(anonymous_15)
DA:14,0
DA:20,0
DA:22,0
DA:23,0
DA:24,0
DA:31,0
DA:32,0
DA:33,0
DA:40,0
DA:45,0
DA:46,0
DA:47,0
DA:58,0
DA:66,0
DA:67,0
DA:73,0
DA:75,0
DA:81,0
DA:94,0
DA:96,0
DA:97,0
DA:104,0
DA:105,0
DA:109,0
DA:116,0
DA:117,0
DA:118,0
DA:125,0
DA:131,0
DA:132,0
DA:139,0
DA:143,0
DA:146,0
DA:148,0
DA:154,0
DA:167,0
DA:168,0
DA:170,0
DA:182,0
DA:183,0
DA:184,0
DA:188,0
DA:195,0
DA:196,0
DA:203,0
DA:204,0
DA:205,0
DA:206,0
DA:210,0
DA:211,0
DA:212,0
DA:215,0
DA:217,0
DA:225,0
DA:235,0
DA:238,0
DA:239,0
DA:243,0
DA:244,0
DA:248,0
DA:251,0
DA:252,0
DA:256,0
DA:257,0
DA:260,0
DA:270,0
DA:271,0
DA:278,0
DA:279,0
DA:280,0
DA:281,0
DA:283,0
DA:285,0
DA:293,0
DA:300,0
DA:302,0
DA:303,0
DA:305,0
DA:312,0
DA:314,0
DA:315,0
DA:319,0
DA:320,0
DA:323,0
DA:327,0
DA:330,0
DA:335,0
DA:344,0
DA:346,0
DA:361,0
DA:363,0
DA:364,0
DA:369,0
DA:370,0
DA:371,0
DA:379,0
DA:380,0
DA:381,0
DA:384,0
DA:385,0
DA:386,0
DA:390,0
DA:396,0
DA:397,0
DA:401,0
DA:407,0
DA:408,0
DA:412,0
DA:415,0
DA:421,0
DA:425,0
DA:437,0
DA:439,0
DA:440,0
DA:441,0
DA:445,0
DA:446,0
DA:448,0
DA:449,0
DA:452,0
DA:454,0
DA:462,0
DA:463,0
DA:464,0
DA:466,0
DA:471,0
LF:126
LH:0
BRDA:23,0,0,0
BRDA:23,0,1,0
BRDA:32,1,0,0
BRDA:32,1,1,0
BRDA:84,2,0,0
BRDA:84,2,1,0
BRDA:96,3,0,0
BRDA:96,3,1,0
BRDA:96,4,0,0
BRDA:96,4,1,0
BRDA:105,5,0,0
BRDA:105,5,1,0
BRDA:106,6,0,0
BRDA:106,6,1,0
BRDA:117,7,0,0
BRDA:117,7,1,0
BRDA:131,8,0,0
BRDA:131,8,1,0
BRDA:157,9,0,0
BRDA:157,9,1,0
BRDA:172,10,0,0
BRDA:172,10,1,0
BRDA:205,11,0,0
BRDA:205,11,1,0
BRDA:210,12,0,0
BRDA:210,12,1,0
BRDA:238,13,0,0
BRDA:238,13,1,0
BRDA:238,14,0,0
BRDA:238,14,1,0
BRDA:243,15,0,0
BRDA:243,15,1,0
BRDA:243,16,0,0
BRDA:243,16,1,0
BRDA:251,17,0,0
BRDA:251,17,1,0
BRDA:256,18,0,0
BRDA:256,18,1,0
BRDA:280,19,0,0
BRDA:280,19,1,0
BRDA:280,20,0,0
BRDA:280,20,1,0
BRDA:314,21,0,0
BRDA:314,21,1,0
BRDA:314,22,0,0
BRDA:314,22,1,0
BRDA:320,23,0,0
BRDA:320,23,1,0
BRDA:348,24,0,0
BRDA:348,24,1,0
BRDA:363,25,0,0
BRDA:363,25,1,0
BRDA:363,26,0,0
BRDA:363,26,1,0
BRDA:370,27,0,0
BRDA:370,27,1,0
BRDA:380,28,0,0
BRDA:380,28,1,0
BRDA:385,29,0,0
BRDA:385,29,1,0
BRDA:396,30,0,0
BRDA:396,30,1,0
BRDA:407,31,0,0
BRDA:407,31,1,0
BRDA:427,32,0,0
BRDA:427,32,1,0
BRDA:440,33,0,0
BRDA:440,33,1,0
BRDA:446,34,0,0
BRDA:446,34,1,0
BRDA:446,35,0,0
BRDA:446,35,1,0
BRF:72
BRH:0
end_of_record
TN:
SF:services\auth.ts
FN:19,(anonymous_0)
FN:93,(anonymous_1)
FN:166,(anonymous_2)
FN:181,(anonymous_3)
FN:202,(anonymous_4)
FN:224,(anonymous_5)
FN:231,(anonymous_6)
FN:269,(anonymous_7)
FN:277,(anonymous_8)
FN:292,(anonymous_9)
FN:299,(anonymous_10)
FN:303,(anonymous_11)
FN:311,(anonymous_12)
FN:357,(anonymous_13)
FN:436,(anonymous_14)
FN:461,(anonymous_15)
FNF:16
FNH:14
FNDA:5,(anonymous_0)
FNDA:4,(anonymous_1)
FNDA:1,(anonymous_2)
FNDA:2,(anonymous_3)
FNDA:6,(anonymous_4)
FNDA:0,(anonymous_5)
FNDA:5,(anonymous_6)
FNDA:8,(anonymous_7)
FNDA:4,(anonymous_8)
FNDA:1,(anonymous_9)
FNDA:2,(anonymous_10)
FNDA:0,(anonymous_11)
FNDA:3,(anonymous_12)
FNDA:4,(anonymous_13)
FNDA:3,(anonymous_14)
FNDA:3,(anonymous_15)
DA:14,3
DA:20,5
DA:22,5
DA:23,5
DA:24,3
DA:31,2
DA:32,2
DA:33,1
DA:40,1
DA:45,1
DA:46,1
DA:47,1
DA:58,1
DA:66,1
DA:67,1
DA:73,1
DA:75,1
DA:81,0
DA:94,4
DA:96,4
DA:97,0
DA:104,4
DA:105,4
DA:109,1
DA:116,3
DA:117,3
DA:118,1
DA:125,2
DA:131,2
DA:132,1
DA:139,1
DA:143,1
DA:146,1
DA:148,1
DA:154,0
DA:167,1
DA:168,1
DA:170,0
DA:182,2
DA:183,2
DA:184,2
DA:188,2
DA:195,2
DA:196,2
DA:203,6
DA:204,6
DA:205,6
DA:206,2
DA:210,4
DA:211,2
DA:212,2
DA:215,2
DA:217,0
DA:225,0
DA:235,5
DA:238,5
DA:239,0
DA:243,5
DA:244,1
DA:248,5
DA:251,5
DA:252,1
DA:256,5
DA:257,1
DA:260,5
DA:270,8
DA:271,8
DA:278,4
DA:279,4
DA:280,4
DA:281,2
DA:283,2
DA:285,0
DA:293,1
DA:300,2
DA:302,2
DA:303,0
DA:305,2
DA:312,3
DA:314,3
DA:315,1
DA:319,2
DA:320,2
DA:323,1
DA:327,1
DA:330,1
DA:335,1
DA:344,1
DA:346,1
DA:361,4
DA:363,4
DA:364,0
DA:369,4
DA:370,4
DA:371,1
DA:379,3
DA:380,3
DA:381,0
DA:384,3
DA:385,3
DA:386,0
DA:390,3
DA:396,3
DA:397,1
DA:401,2
DA:407,2
DA:408,1
DA:412,1
DA:415,1
DA:421,1
DA:425,3
DA:437,3
DA:439,3
DA:440,3
DA:441,2
DA:445,1
DA:446,1
DA:448,0
DA:449,0
DA:452,1
DA:454,0
DA:462,3
DA:463,3
DA:464,3
DA:466,0
DA:471,3
LF:126
LH:110
BRDA:23,0,0,3
BRDA:23,0,1,2
BRDA:32,1,0,1
BRDA:32,1,1,1
BRDA:84,2,0,0
BRDA:84,2,1,0
BRDA:96,3,0,0
BRDA:96,3,1,4
BRDA:96,4,0,4
BRDA:96,4,1,4
BRDA:105,5,0,1
BRDA:105,5,1,3
BRDA:106,6,0,4
BRDA:106,6,1,3
BRDA:117,7,0,1
BRDA:117,7,1,2
BRDA:131,8,0,1
BRDA:131,8,1,1
BRDA:157,9,0,0
BRDA:157,9,1,0
BRDA:172,10,0,0
BRDA:172,10,1,0
BRDA:205,11,0,2
BRDA:205,11,1,4
BRDA:210,12,0,2
BRDA:210,12,1,2
BRDA:238,13,0,0
BRDA:238,13,1,5
BRDA:238,14,0,5
BRDA:238,14,1,5
BRDA:243,15,0,1
BRDA:243,15,1,4
BRDA:243,16,0,5
BRDA:243,16,1,5
BRDA:251,17,0,1
BRDA:251,17,1,4
BRDA:256,18,0,1
BRDA:256,18,1,4
BRDA:280,19,0,2
BRDA:280,19,1,2
BRDA:280,20,0,4
BRDA:280,20,1,2
BRDA:314,21,0,1
BRDA:314,21,1,2
BRDA:314,22,0,3
BRDA:314,22,1,3
BRDA:320,23,0,1
BRDA:320,23,1,1
BRDA:348,24,0,1
BRDA:348,24,1,0
BRDA:363,25,0,0
BRDA:363,25,1,4
BRDA:363,26,0,4
BRDA:363,26,1,4
BRDA:370,27,0,1
BRDA:370,27,1,3
BRDA:380,28,0,0
BRDA:380,28,1,3
BRDA:385,29,0,0
BRDA:385,29,1,3
BRDA:396,30,0,1
BRDA:396,30,1,2
BRDA:407,31,0,1
BRDA:407,31,1,1
BRDA:427,32,0,3
BRDA:427,32,1,0
BRDA:440,33,0,2
BRDA:440,33,1,1
BRDA:446,34,0,0
BRDA:446,34,1,1
BRDA:446,35,0,1
BRDA:446,35,1,1
BRF:72
BRH:58
end_of_record
TN:
SF:services\bookmarkService.ts
FN:8,(anonymous_0)
FN:10,(anonymous_1)
FN:17,(anonymous_2)
FN:21,(anonymous_3)
FN:22,(anonymous_4)
FN:29,(anonymous_5)
FN:35,(anonymous_6)
FN:74,(anonymous_7)
FN:78,(anonymous_8)
FN:104,(anonymous_9)
FN:107,(anonymous_10)
FN:114,(anonymous_11)
FN:117,(anonymous_12)
FN:125,(anonymous_13)
FN:129,(anonymous_14)
FN:159,(anonymous_15)
FN:162,(anonymous_16)
FN:169,(anonymous_17)
FN:175,(anonymous_18)
FN:188,(anonymous_19)
FN:197,(anonymous_20)
FN:200,(anonymous_21)
FNF:22
FNH:22
FNDA:5,(anonymous_0)
FNDA:5,(anonymous_1)
FNDA:196,(anonymous_2)
FNDA:18,(anonymous_3)
FNDA:16,(anonymous_4)
FNDA:1896,(anonymous_5)
FNDA:22153,(anonymous_6)
FNDA:2,(anonymous_7)
FNDA:2,(anonymous_8)
FNDA:443,(anonymous_9)
FNDA:20239,(anonymous_10)
FNDA:3,(anonymous_11)
FNDA:3,(anonymous_12)
FNDA:5,(anonymous_13)
FNDA:4,(anonymous_14)
FNDA:2,(anonymous_15)
FNDA:3,(anonymous_16)
FNDA:2548,(anonymous_17)
FNDA:42424,(anonymous_18)
FNDA:1902,(anonymous_19)
FNDA:1,(anonymous_20)
FNDA:2,(anonymous_21)
DA:6,5
DA:11,5
DA:12,5
DA:14,5
DA:18,196
DA:19,196
DA:20,196
DA:21,18
DA:22,16
DA:24,0
DA:25,0
DA:30,1896
DA:31,1896
DA:34,1896
DA:35,22153
DA:38,1896
DA:39,1
DA:42,1895
DA:50,1895
DA:51,1895
DA:54,1894
DA:55,1894
DA:56,1878
DA:57,1878
DA:58,2
DA:66,16
DA:69,1
DA:70,1
DA:75,2
DA:76,2
DA:77,2
DA:78,2
DA:81,2
DA:84,2
DA:85,2
DA:86,0
DA:87,0
DA:88,0
DA:96,2
DA:99,0
DA:100,0
DA:105,443
DA:106,443
DA:107,20239
DA:109,0
DA:110,0
DA:115,3
DA:116,3
DA:117,3
DA:118,3
DA:120,0
DA:121,0
DA:126,5
DA:127,5
DA:128,5
DA:129,4
DA:132,5
DA:133,4
DA:134,4
DA:135,4
DA:138,4
DA:139,4
DA:140,3
DA:141,3
DA:142,0
DA:150,1
DA:154,0
DA:155,0
DA:160,2
DA:161,2
DA:162,3
DA:164,0
DA:165,0
DA:170,2548
DA:171,2548
DA:172,2547
DA:173,1015
DA:175,42424
DA:181,1532
DA:183,1
DA:184,1
DA:189,1902
DA:190,1902
DA:192,1
DA:193,1
DA:198,1
DA:199,1
DA:200,2
DA:201,1
DA:203,0
DA:204,0
DA:210,5
LF:92
LH:74
BRDA:11,0,0,5
BRDA:11,0,1,0
BRDA:35,1,0,22153
BRDA:35,1,1,22153
BRDA:38,2,0,1
BRDA:38,2,1,1895
BRDA:57,3,0,2
BRDA:57,3,1,1876
BRDA:78,4,0,2
BRDA:78,4,1,2
BRDA:87,5,0,0
BRDA:87,5,1,0
BRDA:107,6,0,20239
BRDA:107,6,1,20220
BRDA:117,7,0,3
BRDA:117,7,1,3
BRDA:118,8,0,3
BRDA:118,8,1,2
BRDA:129,9,0,4
BRDA:129,9,1,4
BRDA:132,10,0,4
BRDA:132,10,1,1
BRDA:141,11,0,0
BRDA:141,11,1,3
BRDA:172,12,0,1015
BRDA:172,12,1,1532
BRF:26
BRH:22
end_of_record
TN:
SF:services\cacheManager.ts
FN:36,(anonymous_0)
FN:40,(anonymous_1)
FN:50,(anonymous_2)
FN:51,(anonymous_3)
FN:59,(anonymous_4)
FN:68,(anonymous_5)
FN:77,(anonymous_6)
FN:81,(anonymous_7)
FN:92,(anonymous_8)
FN:106,(anonymous_9)
FN:137,(anonymous_10)
FN:147,(anonymous_11)
FN:160,(anonymous_12)
FN:181,(anonymous_13)
FN:202,(anonymous_14)
FN:205,(anonymous_15)
FN:221,(anonymous_16)
FN:236,(anonymous_17)
FN:244,(anonymous_18)
FN:257,(anonymous_19)
FN:262,(anonymous_20)
FN:277,(anonymous_21)
FN:298,(anonymous_22)
FN:310,(anonymous_23)
FN:323,(anonymous_24)
FN:334,(anonymous_25)
FN:358,(anonymous_26)
FN:375,(anonymous_27)
FN:399,(anonymous_28)
FN:418,(anonymous_29)
FNF:30
FNH:23
FNDA:4,(anonymous_0)
FNDA:4,(anonymous_1)
FNDA:4,(anonymous_2)
FNDA:0,(anonymous_3)
FNDA:0,(anonymous_4)
FNDA:4,(anonymous_5)
FNDA:0,(anonymous_6)
FNDA:0,(anonymous_7)
FNDA:1887,(anonymous_8)
FNDA:138,(anonymous_9)
FNDA:160,(anonymous_10)
FNDA:3001,(anonymous_11)
FNDA:9,(anonymous_12)
FNDA:5,(anonymous_13)
FNDA:1,(anonymous_14)
FNDA:0,(anonymous_15)
FNDA:0,(anonymous_16)
FNDA:3,(anonymous_17)
FNDA:2,(anonymous_18)
FNDA:1,(anonymous_19)
FNDA:1,(anonymous_20)
FNDA:3,(anonymous_21)
FNDA:4,(anonymous_22)
FNDA:3,(anonymous_23)
FNDA:1,(anonymous_24)
FNDA:0,(anonymous_25)
FNDA:4,(anonymous_26)
FNDA:1,(anonymous_27)
FNDA:4,(anonymous_28)
FNDA:1,(anonymous_29)
DA:20,4
DA:28,4
DA:29,4
DA:30,4
DA:32,4
DA:33,4
DA:34,4
DA:37,4
DA:41,4
DA:42,4
DA:44,4
DA:51,4
DA:52,0
DA:53,0
DA:56,0
DA:59,0
DA:62,0
DA:63,0
DA:68,4
DA:69,4
DA:70,4
DA:78,0
DA:81,0
DA:82,0
DA:83,0
DA:84,0
DA:93,1887
DA:94,1887
DA:95,1887
DA:96,1887
DA:98,0
DA:99,0
DA:107,138
DA:108,138
DA:116,138
DA:122,137
DA:127,137
DA:129,1
DA:130,1
DA:138,160
DA:139,160
DA:140,159
DA:141,56
DA:144,103
DA:147,3001
DA:152,2
DA:153,2
DA:161,9
DA:162,9
DA:163,9
DA:164,7
DA:167,2
DA:168,2
DA:173,0
DA:174,0
DA:182,5
DA:183,5
DA:184,5
DA:185,4
DA:188,1
DA:189,1
DA:190,1
DA:192,1
DA:194,0
DA:195,0
DA:203,1
DA:204,1
DA:205,1
DA:207,1
DA:209,0
DA:210,0
DA:213,1
DA:221,1
DA:222,1
DA:224,1
DA:229,0
DA:237,3
DA:238,3
DA:239,3
DA:240,0
DA:243,3
DA:244,3
DA:249,0
DA:250,0
DA:258,1
DA:259,1
DA:260,1
DA:262,1
DA:265,1
DA:267,1
DA:269,0
DA:270,0
DA:282,3
DA:283,3
DA:284,3
DA:286,3
DA:291,0
DA:303,4
DA:304,4
DA:305,4
DA:306,0
DA:309,4
DA:310,4
DA:315,0
DA:316,0
DA:324,1
DA:325,1
DA:327,0
DA:335,0
DA:336,0
DA:338,0
DA:339,0
DA:340,0
DA:348,0
DA:349,0
DA:351,0
DA:359,4
DA:360,4
DA:368,0
DA:379,1
DA:380,1
DA:381,1
DA:382,0
DA:385,1
DA:386,1
DA:391,0
DA:392,0
DA:400,4
DA:401,4
DA:408,4
DA:410,0
DA:411,0
DA:423,1
DA:424,1
DA:425,1
DA:427,1
DA:428,1
DA:430,1
DA:436,0
DA:437,0
DA:443,4
LF:141
LH:95
BRDA:41,0,0,4
BRDA:41,0,1,0
BRDA:53,1,0,0
BRDA:53,1,1,0
BRDA:62,2,0,0
BRDA:62,2,1,0
BRDA:62,3,0,0
BRDA:62,3,1,0
BRDA:69,4,0,4
BRDA:69,4,1,0
BRDA:83,5,0,0
BRDA:83,5,1,0
BRDA:95,6,0,1887
BRDA:95,6,1,0
BRDA:140,7,0,56
BRDA:140,7,1,103
BRDA:163,8,0,7
BRDA:163,8,1,2
BRDA:184,9,0,4
BRDA:184,9,1,1
BRDA:207,10,0,0
BRDA:207,10,1,1
BRDA:239,11,0,0
BRDA:239,11,1,3
BRDA:305,12,0,0
BRDA:305,12,1,4
BRDA:339,13,0,0
BRDA:339,13,1,0
BRDA:381,14,0,0
BRDA:381,14,1,1
BRDA:427,15,0,1
BRDA:427,15,1,0
BRDA:428,16,0,1
BRDA:428,16,1,0
BRF:34
BRH:15
end_of_record
TN:
SF:services\diseaseService.ts
FN:11,(anonymous_0)
FN:15,(anonymous_1)
FN:22,(anonymous_2)
FN:66,(anonymous_3)
FN:73,(anonymous_4)
FN:78,(anonymous_5)
FN:93,(anonymous_6)
FN:103,(anonymous_7)
FN:114,(anonymous_8)
FN:125,(anonymous_9)
FN:131,(anonymous_10)
FN:146,(anonymous_11)
FN:147,(anonymous_12)
FN:148,(anonymous_13)
FN:159,(anonymous_14)
FN:163,(anonymous_15)
FN:166,(anonymous_16)
FN:171,(anonymous_17)
FN:176,(anonymous_18)
FN:183,(anonymous_19)
FN:210,(anonymous_20)
FN:215,(anonymous_21)
FN:220,(anonymous_22)
FN:225,(anonymous_23)
FN:226,(anonymous_24)
FN:233,(anonymous_25)
FN:239,(anonymous_26)
FN:251,(anonymous_27)
FN:260,(anonymous_28)
FN:297,(anonymous_29)
FN:329,(anonymous_30)
FN:334,(anonymous_31)
FN:351,(anonymous_32)
FN:373,(anonymous_33)
FN:389,(anonymous_34)
FN:404,(anonymous_35)
FN:419,(anonymous_36)
FN:435,(anonymous_37)
FN:436,(anonymous_38)
FN:438,(anonymous_39)
FN:444,(anonymous_40)
FN:449,(anonymous_41)
FN:460,(anonymous_42)
FN:467,(anonymous_43)
FN:474,(anonymous_44)
FN:479,(anonymous_45)
FN:488,(anonymous_46)
FN:490,(anonymous_47)
FN:494,(anonymous_48)
FN:503,(anonymous_49)
FN:507,(anonymous_50)
FN:508,(anonymous_51)
FN:533,(anonymous_52)
FN:534,(anonymous_53)
FN:541,(anonymous_54)
FN:588,(anonymous_55)
FN:616,(anonymous_56)
FN:621,(anonymous_57)
FN:627,(anonymous_58)
FN:641,(anonymous_59)
FN:644,(anonymous_60)
FN:646,(anonymous_61)
FN:651,(anonymous_62)
FN:654,(anonymous_63)
FN:661,(anonymous_64)
FNF:65
FNH:44
FNDA:6,(anonymous_0)
FNDA:110,(anonymous_1)
FNDA:6,(anonymous_2)
FNDA:201,(anonymous_3)
FNDA:5,(anonymous_4)
FNDA:19,(anonymous_5)
FNDA:715,(anonymous_6)
FNDA:5552,(anonymous_7)
FNDA:47886,(anonymous_8)
FNDA:29842,(anonymous_9)
FNDA:24984,(anonymous_10)
FNDA:5552,(anonymous_11)
FNDA:600,(anonymous_12)
FNDA:734,(anonymous_13)
FNDA:2,(anonymous_14)
FNDA:16,(anonymous_15)
FNDA:1,(anonymous_16)
FNDA:8,(anonymous_17)
FNDA:0,(anonymous_18)
FNDA:2,(anonymous_19)
FNDA:10,(anonymous_20)
FNDA:48,(anonymous_21)
FNDA:28,(anonymous_22)
FNDA:23,(anonymous_23)
FNDA:23,(anonymous_24)
FNDA:3,(anonymous_25)
FNDA:0,(anonymous_26)
FNDA:3,(anonymous_27)
FNDA:0,(anonymous_28)
FNDA:1,(anonymous_29)
FNDA:8,(anonymous_30)
FNDA:23,(anonymous_31)
FNDA:6,(anonymous_32)
FNDA:32,(anonymous_33)
FNDA:276,(anonymous_34)
FNDA:172,(anonymous_35)
FNDA:144,(anonymous_36)
FNDA:17,(anonymous_37)
FNDA:19,(anonymous_38)
FNDA:4,(anonymous_39)
FNDA:4,(anonymous_40)
FNDA:0,(anonymous_41)
FNDA:0,(anonymous_42)
FNDA:0,(anonymous_43)
FNDA:0,(anonymous_44)
FNDA:0,(anonymous_45)
FNDA:0,(anonymous_46)
FNDA:0,(anonymous_47)
FNDA:6,(anonymous_48)
FNDA:48,(anonymous_49)
FNDA:72,(anonymous_50)
FNDA:502,(anonymous_51)
FNDA:48,(anonymous_52)
FNDA:62,(anonymous_53)
FNDA:0,(anonymous_54)
FNDA:0,(anonymous_55)
FNDA:0,(anonymous_56)
FNDA:0,(anonymous_57)
FNDA:0,(anonymous_58)
FNDA:0,(anonymous_59)
FNDA:0,(anonymous_60)
FNDA:0,(anonymous_61)
FNDA:0,(anonymous_62)
FNDA:0,(anonymous_63)
FNDA:0,(anonymous_64)
DA:7,6
DA:8,6
DA:9,6
DA:12,6
DA:16,110
DA:17,6
DA:19,110
DA:23,6
DA:25,6
DA:26,6
DA:29,3
DA:32,3
DA:33,3
DA:34,3
DA:36,3
DA:37,0
DA:38,0
DA:39,0
DA:42,3
DA:43,3
DA:44,3
DA:45,3
DA:48,3
DA:52,3
DA:53,3
DA:54,0
DA:56,3
DA:57,3
DA:60,0
DA:62,0
DA:67,201
DA:68,0
DA:70,201
DA:74,5
DA:75,0
DA:78,19
DA:81,5
DA:82,3
DA:83,3
DA:84,0
DA:86,3
DA:90,5
DA:94,715
DA:95,0
DA:98,715
DA:101,715
DA:102,694
DA:103,694
DA:104,5552
DA:107,5552
DA:108,0
DA:109,5552
DA:110,37
DA:114,5552
DA:115,47886
DA:117,5552
DA:120,5552
DA:121,544
DA:125,5552
DA:126,29842
DA:128,5552
DA:131,5552
DA:132,24984
DA:134,5552
DA:137,5552
DA:138,42
DA:141,5552
DA:145,694
DA:146,5552
DA:147,600
DA:148,734
DA:152,715
DA:153,10
DA:156,715
DA:160,2
DA:161,0
DA:163,16
DA:167,1
DA:168,1
DA:170,1
DA:171,8
DA:174,1
DA:175,0
DA:176,0
DA:180,1
DA:184,2
DA:185,2
DA:186,2
DA:187,2
DA:189,2
DA:190,2
DA:191,2
DA:196,0
DA:197,0
DA:199,0
DA:202,0
DA:203,0
DA:206,0
DA:211,10
DA:214,10
DA:215,48
DA:219,10
DA:220,28
DA:224,10
DA:225,5
DA:226,23
DA:230,10
DA:234,3
DA:235,3
DA:236,3
DA:237,0
DA:239,0
DA:244,3
DA:246,0
DA:247,0
DA:252,3
DA:253,3
DA:254,3
DA:256,0
DA:266,0
DA:267,0
DA:268,0
DA:269,0
DA:270,0
DA:271,0
DA:273,0
DA:281,0
DA:282,0
DA:283,0
DA:291,0
DA:292,0
DA:303,1
DA:304,0
DA:307,1
DA:316,1
DA:322,1
DA:329,1
DA:330,8
DA:331,8
DA:334,8
DA:335,23
DA:336,23
DA:337,21
DA:342,1
DA:357,6
DA:358,0
DA:361,6
DA:362,2
DA:365,4
DA:371,4
DA:373,4
DA:375,32
DA:376,1
DA:377,1
DA:378,1
DA:380,1
DA:389,32
DA:390,276
DA:391,6
DA:392,6
DA:393,6
DA:395,6
DA:404,32
DA:405,172
DA:406,1
DA:407,1
DA:408,1
DA:410,1
DA:419,32
DA:420,144
DA:421,9
DA:422,9
DA:423,9
DA:425,9
DA:435,4
DA:436,19
DA:437,17
DA:438,8
DA:440,9
DA:443,4
DA:444,4
DA:453,0
DA:454,0
DA:457,0
DA:458,0
DA:460,0
DA:468,0
DA:469,0
DA:472,0
DA:474,0
DA:476,0
DA:479,0
DA:480,0
DA:484,0
DA:487,0
DA:488,0
DA:490,0
DA:499,6
DA:500,0
DA:503,6
DA:504,48
DA:507,48
DA:508,72
DA:509,502
DA:512,48
DA:515,48
DA:516,45
DA:520,48
DA:521,0
DA:525,48
DA:526,9
DA:529,48
DA:532,6
DA:533,48
DA:534,62
DA:547,0
DA:548,0
DA:549,0
DA:550,0
DA:552,0
DA:553,0
DA:556,0
DA:557,0
DA:559,0
DA:567,0
DA:575,0
DA:576,0
DA:589,0
DA:590,0
DA:591,0
DA:592,0
DA:594,0
DA:595,0
DA:596,0
DA:599,0
DA:603,0
DA:604,0
DA:606,0
DA:608,0
DA:609,0
DA:617,0
DA:618,0
DA:619,0
DA:620,0
DA:621,0
DA:623,0
DA:624,0
DA:627,0
DA:629,0
DA:630,0
DA:633,0
DA:634,0
DA:642,0
DA:644,0
DA:645,0
DA:647,0
DA:651,0
DA:653,0
DA:654,0
DA:662,0
DA:663,0
DA:664,0
DA:665,0
DA:666,0
DA:668,0
DA:670,0
DA:671,0
DA:674,0
DA:675,0
DA:681,6
LF:270
LH:159
BRDA:16,0,0,6
BRDA:16,0,1,104
BRDA:36,1,0,0
BRDA:36,1,1,3
BRDA:36,2,0,3
BRDA:36,2,1,0
BRDA:36,2,2,0
BRDA:36,2,3,0
BRDA:38,3,0,0
BRDA:38,3,1,0
BRDA:53,4,0,0
BRDA:53,4,1,3
BRDA:53,5,0,3
BRDA:53,5,1,0
BRDA:67,6,0,0
BRDA:67,6,1,201
BRDA:74,7,0,0
BRDA:74,7,1,5
BRDA:78,8,0,5
BRDA:78,8,1,2
BRDA:81,9,0,3
BRDA:81,9,1,2
BRDA:94,10,0,0
BRDA:94,10,1,715
BRDA:101,11,0,694
BRDA:101,11,1,21
BRDA:101,12,0,715
BRDA:101,12,1,694
BRDA:107,13,0,0
BRDA:107,13,1,5552
BRDA:109,14,0,37
BRDA:109,14,1,5515
BRDA:120,15,0,544
BRDA:120,15,1,5008
BRDA:137,16,0,42
BRDA:137,16,1,5510
BRDA:152,17,0,10
BRDA:152,17,1,705
BRDA:160,18,0,0
BRDA:160,18,1,2
BRDA:168,19,0,0
BRDA:168,19,1,1
BRDA:174,20,0,0
BRDA:174,20,1,1
BRDA:176,21,0,0
BRDA:176,21,1,0
BRDA:189,22,0,2
BRDA:189,22,1,0
BRDA:214,23,0,6
BRDA:214,23,1,4
BRDA:214,24,0,10
BRDA:214,24,1,10
BRDA:219,25,0,5
BRDA:219,25,1,5
BRDA:219,26,0,10
BRDA:219,26,1,10
BRDA:224,27,0,5
BRDA:224,27,1,5
BRDA:224,28,0,10
BRDA:224,28,1,10
BRDA:236,29,0,0
BRDA:236,29,1,3
BRDA:274,30,0,0
BRDA:274,30,1,0
BRDA:282,31,0,0
BRDA:282,31,1,0
BRDA:303,32,0,0
BRDA:303,32,1,1
BRDA:336,33,0,21
BRDA:336,33,1,2
BRDA:351,34,0,6
BRDA:357,35,0,0
BRDA:357,35,1,6
BRDA:361,36,0,2
BRDA:361,36,1,4
BRDA:361,37,0,6
BRDA:361,37,1,6
BRDA:375,38,0,1
BRDA:375,38,1,31
BRDA:378,39,0,0
BRDA:378,39,1,1
BRDA:378,40,0,1
BRDA:378,40,1,0
BRDA:390,41,0,6
BRDA:390,41,1,270
BRDA:393,42,0,0
BRDA:393,42,1,6
BRDA:393,43,0,6
BRDA:393,43,1,0
BRDA:405,44,0,1
BRDA:405,44,1,171
BRDA:408,45,0,0
BRDA:408,45,1,1
BRDA:408,46,0,1
BRDA:408,46,1,0
BRDA:420,47,0,9
BRDA:420,47,1,135
BRDA:423,48,0,0
BRDA:423,48,1,9
BRDA:423,49,0,9
BRDA:423,49,1,0
BRDA:437,50,0,8
BRDA:437,50,1,9
BRDA:437,51,0,17
BRDA:437,51,1,9
BRDA:453,52,0,0
BRDA:453,52,1,0
BRDA:467,53,0,0
BRDA:468,54,0,0
BRDA:468,54,1,0
BRDA:476,55,0,0
BRDA:476,55,1,0
BRDA:480,56,0,0
BRDA:480,56,1,0
BRDA:484,57,0,0
BRDA:484,57,1,0
BRDA:499,58,0,0
BRDA:499,58,1,6
BRDA:515,59,0,45
BRDA:515,59,1,3
BRDA:515,60,0,48
BRDA:515,60,1,48
BRDA:520,61,0,0
BRDA:520,61,1,48
BRDA:520,62,0,48
BRDA:520,62,1,0
BRDA:525,63,0,9
BRDA:525,63,1,39
BRDA:561,64,0,0
BRDA:561,64,1,0
BRDA:594,65,0,0
BRDA:594,65,1,0
BRDA:616,66,0,0
BRDA:623,67,0,0
BRDA:623,67,1,0
BRDA:668,68,0,0
BRDA:668,68,1,0
BRF:137
BRH:81
end_of_record
TN:
SF:services\gemini-client.ts
FN:30,(anonymous_0)
FN:45,(anonymous_1)
FN:70,(anonymous_2)
FN:84,(anonymous_3)
FN:85,(anonymous_4)
FN:108,(anonymous_5)
FN:123,(anonymous_6)
FN:124,(anonymous_7)
FN:139,(anonymous_8)
FN:164,(anonymous_9)
FN:165,(anonymous_10)
FN:180,(anonymous_11)
FN:181,(anonymous_12)
FN:209,(anonymous_13)
FN:210,(anonymous_14)
FN:244,(anonymous_15)
FN:272,(anonymous_16)
FN:279,(anonymous_17)
FNF:18
FNH:0
FNDA:0,(anonymous_0)
FNDA:0,(anonymous_1)
FNDA:0,(anonymous_2)
FNDA:0,(anonymous_3)
FNDA:0,(anonymous_4)
FNDA:0,(anonymous_5)
FNDA:0,(anonymous_6)
FNDA:0,(anonymous_7)
FNDA:0,(anonymous_8)
FNDA:0,(anonymous_9)
FNDA:0,(anonymous_10)
FNDA:0,(anonymous_11)
FNDA:0,(anonymous_12)
FNDA:0,(anonymous_13)
FNDA:0,(anonymous_14)
FNDA:0,(anonymous_15)
FNDA:0,(anonymous_16)
FNDA:0,(anonymous_17)
DA:35,0
DA:36,0
DA:48,0
DA:50,0
DA:59,0
DA:60,0
DA:63,0
DA:64,0
DA:71,0
DA:72,0
DA:79,0
DA:85,0
DA:89,0
DA:91,0
DA:93,0
DA:94,0
DA:97,0
DA:98,0
DA:101,0
DA:109,0
DA:110,0
DA:112,0
DA:118,0
DA:124,0
DA:128,0
DA:130,0
DA:131,0
DA:132,0
DA:140,0
DA:141,0
DA:143,0
DA:149,0
DA:159,0
DA:165,0
DA:169,0
DA:171,0
DA:172,0
DA:173,0
DA:181,0
DA:182,0
DA:185,0
DA:210,0
DA:211,0
DA:214,0
DA:216,0
DA:245,0
DA:246,0
DA:249,0
DA:250,0
DA:253,0
DA:254,0
DA:257,0
DA:258,0
DA:261,0
DA:262,0
DA:266,0
DA:273,0
DA:280,0
DA:283,0
DA:284,0
DA:285,0
LF:61
LH:0
BRDA:33,0,0,0
BRDA:48,1,0,0
BRDA:48,1,1,0
BRDA:48,1,2,0
BRDA:52,2,0,0
BRDA:52,2,1,0
BRDA:53,3,0,0
BRDA:53,3,1,0
BRDA:55,4,0,0
BRDA:55,4,1,0
BRDA:59,5,0,0
BRDA:59,5,1,0
BRDA:93,6,0,0
BRDA:93,6,1,0
BRDA:93,7,0,0
BRDA:93,7,1,0
BRDA:97,8,0,0
BRDA:97,8,1,0
BRDA:139,9,0,0
BRDA:209,10,0,0
BRDA:214,11,0,0
BRDA:214,11,1,0
BRDA:245,12,0,0
BRDA:245,12,1,0
BRDA:245,13,0,0
BRDA:245,13,1,0
BRDA:249,14,0,0
BRDA:249,14,1,0
BRDA:249,15,0,0
BRDA:249,15,1,0
BRDA:253,16,0,0
BRDA:253,16,1,0
BRDA:253,17,0,0
BRDA:253,17,1,0
BRDA:257,18,0,0
BRDA:257,18,1,0
BRDA:257,19,0,0
BRDA:257,19,1,0
BRDA:261,20,0,0
BRDA:261,20,1,0
BRDA:261,21,0,0
BRDA:261,21,1,0
BRDA:283,22,0,0
BRDA:283,22,1,0
BRF:44
BRH:0
end_of_record
TN:
SF:services\imageCache.ts
FN:26,(anonymous_0)
FN:34,(anonymous_1)
FN:39,(anonymous_2)
FN:49,(anonymous_3)
FN:61,(anonymous_4)
FN:84,(anonymous_5)
FN:92,(anonymous_6)
FN:122,(anonymous_7)
FN:143,(anonymous_8)
FN:146,(anonymous_9)
FN:169,(anonymous_10)
FN:176,(anonymous_11)
FN:191,(anonymous_12)
FN:204,(anonymous_13)
FN:217,(anonymous_14)
FN:219,(anonymous_15)
FN:229,(anonymous_16)
FN:243,(anonymous_17)
FN:253,(anonymous_18)
FN:287,(anonymous_19)
FN:293,(anonymous_20)
FN:317,(anonymous_21)
FN:318,(anonymous_22)
FN:319,(anonymous_23)
FN:321,(anonymous_24)
FN:322,(anonymous_25)
FN:323,(anonymous_26)
FN:324,(anonymous_27)
FNF:28
FNH:0
FNDA:0,(anonymous_0)
FNDA:0,(anonymous_1)
FNDA:0,(anonymous_2)
FNDA:0,(anonymous_3)
FNDA:0,(anonymous_4)
FNDA:0,(anonymous_5)
FNDA:0,(anonymous_6)
FNDA:0,(anonymous_7)
FNDA:0,(anonymous_8)
FNDA:0,(anonymous_9)
FNDA:0,(anonymous_10)
FNDA:0,(anonymous_11)
FNDA:0,(anonymous_12)
FNDA:0,(anonymous_13)
FNDA:0,(anonymous_14)
FNDA:0,(anonymous_15)
FNDA:0,(anonymous_16)
FNDA:0,(anonymous_17)
FNDA:0,(anonymous_18)
FNDA:0,(anonymous_19)
FNDA:0,(anonymous_20)
FNDA:0,(anonymous_21)
FNDA:0,(anonymous_22)
FNDA:0,(anonymous_23)
FNDA:0,(anonymous_24)
FNDA:0,(anonymous_25)
FNDA:0,(anonymous_26)
FNDA:0,(anonymous_27)
DA:7,0
DA:8,0
DA:11,0
DA:23,0
DA:27,0
DA:28,0
DA:35,0
DA:36,0
DA:37,0
DA:38,0
DA:39,0
DA:42,0
DA:50,0
DA:51,0
DA:52,0
DA:54,0
DA:62,0
DA:63,0
DA:66,0
DA:67,0
DA:68,0
DA:72,0
DA:73,0
DA:74,0
DA:76,0
DA:77,0
DA:85,0
DA:86,0
DA:97,0
DA:99,0
DA:101,0
DA:103,0
DA:110,0
DA:111,0
DA:113,0
DA:115,0
DA:123,0
DA:124,0
DA:125,0
DA:127,0
DA:130,0
DA:131,0
DA:133,0
DA:136,0
DA:144,0
DA:146,0
DA:147,0
DA:148,0
DA:150,0
DA:154,0
DA:157,0
DA:158,0
DA:160,0
DA:162,0
DA:175,0
DA:176,0
DA:180,0
DA:192,0
DA:193,0
DA:195,0
DA:196,0
DA:198,0
DA:199,0
DA:204,0
DA:206,0
DA:207,0
DA:210,0
DA:218,0
DA:219,0
DA:223,0
DA:224,0
DA:228,0
DA:229,0
DA:232,0
DA:233,0
DA:235,0
DA:236,0
DA:238,0
DA:239,0
DA:243,0
DA:245,0
DA:246,0
DA:257,0
DA:259,0
DA:260,0
DA:264,0
DA:265,0
DA:266,0
DA:269,0
DA:270,0
DA:272,0
DA:274,0
DA:276,0
DA:277,0
DA:281,0
DA:291,0
DA:293,0
DA:294,0
DA:295,0
DA:296,0
DA:298,0
DA:299,0
DA:300,0
DA:302,0
DA:304,0
DA:308,0
DA:309,0
DA:314,0
DA:317,0
DA:318,0
DA:319,0
DA:320,0
DA:321,0
DA:322,0
DA:323,0
DA:324,0
LF:116
LH:0
BRDA:26,0,0,0
BRDA:37,1,0,0
BRDA:37,1,1,0
BRDA:63,2,0,0
BRDA:63,2,1,0
BRDA:66,3,0,0
BRDA:66,3,1,0
BRDA:86,4,0,0
BRDA:86,4,1,0
BRDA:97,5,0,0
BRDA:97,5,1,0
BRDA:125,6,0,0
BRDA:125,6,1,0
BRDA:198,7,0,0
BRDA:198,7,1,0
BRDA:206,8,0,0
BRDA:206,8,1,0
BRDA:223,9,0,0
BRDA:223,9,1,0
BRDA:236,10,0,0
BRDA:236,10,1,0
BRDA:245,11,0,0
BRDA:245,11,1,0
BRDA:259,12,0,0
BRDA:259,12,1,0
BRDA:264,13,0,0
BRDA:264,13,1,0
BRDA:270,14,0,0
BRDA:270,14,1,0
BRDA:296,15,0,0
BRDA:296,15,1,0
BRDA:300,16,0,0
BRDA:300,16,1,0
BRF:33
BRH:0
end_of_record
TN:
SF:services\imageCacheService.ts
FN:36,(anonymous_0)
FN:46,(anonymous_1)
FN:63,(anonymous_2)
FN:75,(anonymous_3)
FN:77,(anonymous_4)
FN:83,(anonymous_5)
FN:101,(anonymous_6)
FN:103,(anonymous_7)
FN:117,(anonymous_8)
FN:131,(anonymous_9)
FN:148,(anonymous_10)
FN:181,(anonymous_11)
FN:218,(anonymous_12)
FN:228,(anonymous_13)
FN:233,(anonymous_14)
FN:243,(anonymous_15)
FN:251,(anonymous_16)
FN:266,(anonymous_17)
FN:267,(anonymous_18)
FN:274,(anonymous_19)
FN:283,(anonymous_20)
FN:295,(anonymous_21)
FN:302,(anonymous_22)
FNF:23
FNH:0
FNDA:0,(anonymous_0)
FNDA:0,(anonymous_1)
FNDA:0,(anonymous_2)
FNDA:0,(anonymous_3)
FNDA:0,(anonymous_4)
FNDA:0,(anonymous_5)
FNDA:0,(anonymous_6)
FNDA:0,(anonymous_7)
FNDA:0,(anonymous_8)
FNDA:0,(anonymous_9)
FNDA:0,(anonymous_10)
FNDA:0,(anonymous_11)
FNDA:0,(anonymous_12)
FNDA:0,(anonymous_13)
FNDA:0,(anonymous_14)
FNDA:0,(anonymous_15)
FNDA:0,(anonymous_16)
FNDA:0,(anonymous_17)
FNDA:0,(anonymous_18)
FNDA:0,(anonymous_19)
FNDA:0,(anonymous_20)
FNDA:0,(anonymous_21)
FNDA:0,(anonymous_22)
DA:26,0
DA:27,0
DA:28,0
DA:34,0
DA:37,0
DA:38,0
DA:40,0
DA:47,0
DA:48,0
DA:49,0
DA:50,0
DA:51,0
DA:52,0
DA:53,0
DA:56,0
DA:64,0
DA:65,0
DA:66,0
DA:68,0
DA:76,0
DA:77,0
DA:84,0
DA:85,0
DA:87,0
DA:88,0
DA:89,0
DA:93,0
DA:94,0
DA:102,0
DA:103,0
DA:105,0
DA:106,0
DA:107,0
DA:109,0
DA:110,0
DA:118,0
DA:119,0
DA:120,0
DA:121,0
DA:133,0
DA:134,0
DA:136,0
DA:137,0
DA:140,0
DA:142,0
DA:149,0
DA:152,0
DA:153,0
DA:154,0
DA:155,0
DA:156,0
DA:160,0
DA:161,0
DA:162,0
DA:166,0
DA:167,0
DA:169,0
DA:170,0
DA:171,0
DA:172,0
DA:174,0
DA:182,0
DA:184,0
DA:187,0
DA:190,0
DA:191,0
DA:195,0
DA:202,0
DA:203,0
DA:206,0
DA:208,0
DA:210,0
DA:211,0
DA:219,0
DA:221,0
DA:223,0
DA:224,0
DA:227,0
DA:228,0
DA:232,0
DA:233,0
DA:237,0
DA:244,0
DA:245,0
DA:259,0
DA:261,0
DA:266,0
DA:267,0
DA:275,0
DA:276,0
DA:277,0
DA:284,0
DA:287,0
DA:288,0
DA:296,0
DA:303,0
DA:308,0
LF:97
LH:0
BRDA:37,0,0,0
BRDA:37,0,1,0
BRDA:49,1,0,0
BRDA:49,1,1,0
BRDA:88,2,0,0
BRDA:88,2,1,0
BRDA:107,3,0,0
BRDA:107,3,1,0
BRDA:119,4,0,0
BRDA:119,4,1,0
BRDA:133,5,0,0
BRDA:133,5,1,0
BRDA:136,6,0,0
BRDA:136,6,1,0
BRDA:136,7,0,0
BRDA:136,7,1,0
BRDA:153,8,0,0
BRDA:153,8,1,0
BRDA:153,9,0,0
BRDA:153,9,1,0
BRDA:156,10,0,0
BRDA:156,10,1,0
BRDA:161,11,0,0
BRDA:161,11,1,0
BRDA:190,12,0,0
BRDA:190,12,1,0
BRDA:218,13,0,0
BRDA:219,14,0,0
BRDA:219,14,1,0
BRDA:232,15,0,0
BRDA:232,15,1,0
BRDA:245,16,0,0
BRDA:245,16,1,0
BRDA:266,17,0,0
BRDA:266,17,1,0
BRDA:267,18,0,0
BRDA:267,18,1,0
BRDA:287,19,0,0
BRDA:287,19,1,0
BRF:39
BRH:0
end_of_record
TN:
SF:services\imageService.ts
FN:45,(anonymous_0)
FN:108,(anonymous_1)
FN:181,(anonymous_2)
FN:254,(anonymous_3)
FN:275,(anonymous_4)
FN:283,(anonymous_5)
FN:302,(anonymous_6)
FN:336,(anonymous_7)
FN:350,(anonymous_8)
FN:382,(anonymous_9)
FN:385,(anonymous_10)
FNF:11
FNH:0
FNDA:0,(anonymous_0)
FNDA:0,(anonymous_1)
FNDA:0,(anonymous_2)
FNDA:0,(anonymous_3)
FNDA:0,(anonymous_4)
FNDA:0,(anonymous_5)
FNDA:0,(anonymous_6)
FNDA:0,(anonymous_7)
FNDA:0,(anonymous_8)
FNDA:0,(anonymous_9)
FNDA:0,(anonymous_10)
DA:32,0
DA:40,0
DA:45,0
DA:49,0
DA:50,0
DA:53,0
DA:54,0
DA:56,0
DA:57,0
DA:61,0
DA:64,0
DA:72,0
DA:82,0
DA:83,0
DA:85,0
DA:96,0
DA:98,0
DA:100,0
DA:101,0
DA:108,0
DA:113,0
DA:114,0
DA:117,0
DA:120,0
DA:121,0
DA:122,0
DA:125,0
DA:130,0
DA:131,0
DA:138,0
DA:139,0
DA:140,0
DA:144,0
DA:153,0
DA:154,0
DA:155,0
DA:158,0
DA:161,0
DA:165,0
DA:167,0
DA:173,0
DA:174,0
DA:181,0
DA:182,0
DA:183,0
DA:186,0
DA:194,0
DA:195,0
DA:198,0
DA:203,0
DA:204,0
DA:211,0
DA:212,0
DA:213,0
DA:217,0
DA:226,0
DA:227,0
DA:228,0
DA:231,0
DA:234,0
DA:238,0
DA:240,0
DA:246,0
DA:247,0
DA:254,0
DA:255,0
DA:256,0
DA:258,0
DA:260,0
DA:261,0
DA:262,0
DA:265,0
DA:267,0
DA:268,0
DA:275,0
DA:276,0
DA:277,0
DA:283,0
DA:284,0
DA:285,0
DA:286,0
DA:288,0
DA:294,0
DA:295,0
DA:302,0
DA:303,0
DA:304,0
DA:306,0
DA:307,0
DA:308,0
DA:311,0
DA:312,0
DA:313,0
DA:314,0
DA:318,0
DA:319,0
DA:321,0
DA:322,0
DA:323,0
DA:326,0
DA:328,0
DA:329,0
DA:336,0
DA:337,0
DA:340,0
DA:342,0
DA:343,0
DA:350,0
DA:356,0
DA:358,0
DA:359,0
DA:362,0
DA:363,0
DA:364,0
DA:368,0
DA:369,0
DA:370,0
DA:373,0
DA:382,0
DA:383,0
DA:384,0
DA:386,0
DA:387,0
DA:389,0
DA:393,0
DA:395,0
LF:126
LH:0
BRDA:47,0,0,0
BRDA:54,1,0,0
BRDA:54,1,1,0
BRDA:56,2,0,0
BRDA:56,2,1,0
BRDA:67,3,0,0
BRDA:67,3,1,0
BRDA:68,4,0,0
BRDA:68,4,1,0
BRDA:76,5,0,0
BRDA:76,5,1,0
BRDA:77,6,0,0
BRDA:77,6,1,0
BRDA:83,7,0,0
BRDA:83,7,1,0
BRDA:87,8,0,0
BRDA:87,8,1,0
BRDA:93,9,0,0
BRDA:93,9,1,0
BRDA:139,10,0,0
BRDA:139,10,1,0
BRDA:153,11,0,0
BRDA:153,11,1,0
BRDA:212,12,0,0
BRDA:212,12,1,0
BRDA:226,13,0,0
BRDA:226,13,1,0
BRDA:260,14,0,0
BRDA:260,14,1,0
BRDA:289,15,0,0
BRDA:289,15,1,0
BRDA:290,16,0,0
BRDA:290,16,1,0
BRDA:306,17,0,0
BRDA:306,17,1,0
BRDA:311,18,0,0
BRDA:311,18,1,0
BRDA:312,19,0,0
BRDA:312,19,1,0
BRDA:321,20,0,0
BRDA:321,20,1,0
BRDA:321,21,0,0
BRDA:321,21,1,0
BRDA:362,22,0,0
BRDA:362,22,1,0
BRDA:368,23,0,0
BRDA:368,23,1,0
BRF:47
BRH:0
end_of_record
TN:
SF:services\notificationService.ts
FN:30,(anonymous_0)
FN:42,(anonymous_1)
FN:50,(anonymous_2)
FN:86,(anonymous_3)
FN:114,(anonymous_4)
FN:153,(anonymous_5)
FN:171,(anonymous_6)
FN:194,(anonymous_7)
FN:204,(anonymous_8)
FN:215,(anonymous_9)
FN:225,(anonymous_10)
FN:236,(anonymous_11)
FN:246,(anonymous_12)
FN:274,(anonymous_13)
FN:276,(anonymous_14)
FN:282,(anonymous_15)
FN:289,(anonymous_16)
FN:315,(anonymous_17)
FN:320,(anonymous_18)
FNF:19
FNH:0
FNDA:0,(anonymous_0)
FNDA:0,(anonymous_1)
FNDA:0,(anonymous_2)
FNDA:0,(anonymous_3)
FNDA:0,(anonymous_4)
FNDA:0,(anonymous_5)
FNDA:0,(anonymous_6)
FNDA:0,(anonymous_7)
FNDA:0,(anonymous_8)
FNDA:0,(anonymous_9)
FNDA:0,(anonymous_10)
FNDA:0,(anonymous_11)
FNDA:0,(anonymous_12)
FNDA:0,(anonymous_13)
FNDA:0,(anonymous_14)
FNDA:0,(anonymous_15)
FNDA:0,(anonymous_16)
FNDA:0,(anonymous_17)
FNDA:0,(anonymous_18)
DA:9,0
DA:29,0
DA:30,0
DA:43,0
DA:44,0
DA:46,0
DA:51,0
DA:52,0
DA:53,0
DA:57,0
DA:58,0
DA:59,0
DA:60,0
DA:61,0
DA:62,0
DA:64,0
DA:68,0
DA:69,0
DA:71,0
DA:72,0
DA:73,0
DA:76,0
DA:77,0
DA:78,0
DA:81,0
DA:82,0
DA:87,0
DA:89,0
DA:90,0
DA:91,0
DA:94,0
DA:95,0
DA:99,0
DA:100,0
DA:102,0
DA:105,0
DA:106,0
DA:108,0
DA:109,0
DA:115,0
DA:117,0
DA:118,0
DA:119,0
DA:122,0
DA:123,0
DA:125,0
DA:128,0
DA:139,0
DA:140,0
DA:141,0
DA:144,0
DA:145,0
DA:147,0
DA:148,0
DA:154,0
DA:155,0
DA:164,0
DA:166,0
DA:175,0
DA:176,0
DA:185,0
DA:186,0
DA:188,0
DA:189,0
DA:195,0
DA:196,0
DA:197,0
DA:199,0
DA:205,0
DA:206,0
DA:207,0
DA:209,0
DA:210,0
DA:216,0
DA:217,0
DA:218,0
DA:220,0
DA:226,0
DA:227,0
DA:228,0
DA:230,0
DA:231,0
DA:237,0
DA:238,0
DA:239,0
DA:241,0
DA:247,0
DA:248,0
DA:250,0
DA:251,0
DA:255,0
DA:256,0
DA:257,0
DA:258,0
DA:262,0
DA:265,0
DA:267,0
DA:269,0
DA:276,0
DA:277,0
DA:278,0
DA:282,0
DA:283,0
DA:284,0
DA:290,0
DA:292,0
DA:294,0
DA:296,0
DA:298,0
DA:300,0
DA:302,0
DA:304,0
DA:306,0
DA:308,0
DA:310,0
DA:316,0
DA:325,0
DA:334,0
LF:118
LH:0
BRDA:43,0,0,0
BRDA:43,0,1,0
BRDA:51,1,0,0
BRDA:51,1,1,0
BRDA:57,2,0,0
BRDA:57,2,1,0
BRDA:60,3,0,0
BRDA:60,3,1,0
BRDA:71,4,0,0
BRDA:71,4,1,0
BRDA:76,5,0,0
BRDA:76,5,1,0
BRDA:89,6,0,0
BRDA:89,6,1,0
BRDA:95,7,0,0
BRDA:95,7,1,0
BRDA:99,8,0,0
BRDA:99,8,1,0
BRDA:117,9,0,0
BRDA:117,9,1,0
BRDA:123,10,0,0
BRDA:123,10,1,0
BRDA:139,11,0,0
BRDA:139,11,1,0
BRDA:159,12,0,0
BRDA:159,12,1,0
BRDA:180,13,0,0
BRDA:180,13,1,0
BRDA:250,14,0,0
BRDA:250,14,1,0
BRDA:256,15,0,0
BRDA:256,15,1,0
BRDA:292,16,0,0
BRDA:292,16,1,0
BRDA:292,16,2,0
BRDA:292,16,3,0
BRDA:292,16,4,0
BRF:37
BRH:0
end_of_record
TN:
SF:services\profile.ts
FN:12,(anonymous_0)
FN:27,(anonymous_1)
FN:64,(anonymous_2)
FN:111,(anonymous_3)
FN:138,(anonymous_4)
FN:153,(anonymous_5)
FN:180,(anonymous_6)
FN:206,(anonymous_7)
FNF:8
FNH:0
FNDA:0,(anonymous_0)
FNDA:0,(anonymous_1)
FNDA:0,(anonymous_2)
FNDA:0,(anonymous_3)
FNDA:0,(anonymous_4)
FNDA:0,(anonymous_5)
FNDA:0,(anonymous_6)
FNDA:0,(anonymous_7)
DA:13,0
DA:14,0
DA:15,0
DA:16,0
DA:18,0
DA:20,0
DA:28,0
DA:30,0
DA:31,0
DA:32,0
DA:33,0
DA:35,0
DA:38,0
DA:39,0
DA:40,0
DA:41,0
DA:43,0
DA:47,0
DA:50,0
DA:51,0
DA:52,0
DA:55,0
DA:57,0
DA:65,0
DA:67,0
DA:68,0
DA:72,0
DA:73,0
DA:74,0
DA:78,0
DA:90,0
DA:91,0
DA:94,0
DA:100,0
DA:102,0
DA:104,0
DA:112,0
DA:113,0
DA:115,0
DA:117,0
DA:118,0
DA:119,0
DA:120,0
DA:124,0
DA:128,0
DA:131,0
DA:139,0
DA:140,0
DA:141,0
DA:143,0
DA:145,0
DA:146,0
DA:154,0
DA:155,0
DA:156,0
DA:157,0
DA:160,0
DA:167,0
DA:168,0
DA:171,0
DA:173,0
DA:181,0
DA:182,0
DA:183,0
DA:184,0
DA:187,0
DA:193,0
DA:194,0
DA:197,0
DA:199,0
DA:207,0
DA:208,0
DA:212,0
LF:73
LH:0
BRDA:15,0,0,0
BRDA:15,0,1,0
BRDA:20,1,0,0
BRDA:20,1,1,0
BRDA:30,2,0,0
BRDA:30,2,1,0
BRDA:32,3,0,0
BRDA:32,3,1,0
BRDA:38,4,0,0
BRDA:38,4,1,0
BRDA:40,5,0,0
BRDA:40,5,1,0
BRDA:51,6,0,0
BRDA:51,6,1,0
BRDA:57,7,0,0
BRDA:57,7,1,0
BRDA:67,8,0,0
BRDA:67,8,1,0
BRDA:73,9,0,0
BRDA:73,9,1,0
BRDA:104,10,0,0
BRDA:104,10,1,0
BRDA:115,11,0,0
BRDA:115,11,1,0
BRDA:119,12,0,0
BRDA:119,12,1,0
BRDA:131,13,0,0
BRDA:131,13,1,0
BRDA:143,14,0,0
BRDA:143,14,1,0
BRDA:156,15,0,0
BRDA:156,15,1,0
BRDA:167,16,0,0
BRDA:167,16,1,0
BRDA:167,17,0,0
BRDA:167,17,1,0
BRDA:167,17,2,0
BRDA:173,18,0,0
BRDA:173,18,1,0
BRDA:183,19,0,0
BRDA:183,19,1,0
BRDA:193,20,0,0
BRDA:193,20,1,0
BRDA:193,21,0,0
BRDA:193,21,1,0
BRDA:193,21,2,0
BRDA:199,22,0,0
BRDA:199,22,1,0
BRF:48
BRH:0
end_of_record
TN:
SF:services\searchHistoryService.ts
FN:14,(anonymous_0)
FN:16,(anonymous_1)
FN:23,(anonymous_2)
FN:28,(anonymous_3)
FN:40,(anonymous_4)
FN:48,(anonymous_5)
FN:66,(anonymous_6)
FN:74,(anonymous_7)
FN:77,(anonymous_8)
FNF:9
FNH:6
FNDA:2,(anonymous_0)
FNDA:2,(anonymous_1)
FNDA:1183,(anonymous_2)
FNDA:10924,(anonymous_3)
FNDA:1080,(anonymous_4)
FNDA:10403,(anonymous_5)
FNDA:0,(anonymous_6)
FNDA:0,(anonymous_7)
FNDA:0,(anonymous_8)
DA:11,2
DA:12,2
DA:17,2
DA:18,2
DA:20,2
DA:24,1183
DA:25,1183
DA:26,1183
DA:27,1157
DA:28,10924
DA:33,26
DA:35,0
DA:36,0
DA:41,1080
DA:43,1080
DA:44,1080
DA:47,1080
DA:48,10403
DA:52,1080
DA:58,1080
DA:60,1080
DA:62,0
DA:67,0
DA:68,0
DA:70,0
DA:75,0
DA:76,0
DA:77,0
DA:78,0
DA:80,0
DA:85,2
LF:31
LH:20
BRDA:17,0,0,2
BRDA:17,0,1,0
BRDA:26,1,0,1157
BRDA:26,1,1,26
BRDA:41,2,0,0
BRDA:41,2,1,1080
BRF:6
BRH:4
end_of_record
TN:
SF:services\shareService.ts
FN:21,(anonymous_0)
FN:23,(anonymous_1)
FN:33,(anonymous_2)
FN:70,(anonymous_3)
FN:85,(anonymous_4)
FN:124,(anonymous_5)
FN:145,(anonymous_6)
FN:160,(anonymous_7)
FN:192,(anonymous_8)
FN:202,(anonymous_9)
FN:212,(anonymous_10)
FN:225,(anonymous_11)
FN:231,(anonymous_12)
FN:240,(anonymous_13)
FN:253,(anonymous_14)
FN:274,(anonymous_15)
FN:297,(anonymous_16)
FN:321,(anonymous_17)
FN:329,(anonymous_18)
FN:344,(anonymous_19)
FN:351,(anonymous_20)
FN:358,(anonymous_21)
FN:379,(anonymous_22)
FN:406,(anonymous_23)
FN:426,(anonymous_24)
FN:434,(anonymous_25)
FN:453,(anonymous_26)
FNF:27
FNH:22
FNDA:1,(anonymous_0)
FNDA:3,(anonymous_1)
FNDA:10,(anonymous_2)
FNDA:5,(anonymous_3)
FNDA:4,(anonymous_4)
FNDA:2,(anonymous_5)
FNDA:2,(anonymous_6)
FNDA:12,(anonymous_7)
FNDA:11,(anonymous_8)
FNDA:33,(anonymous_9)
FNDA:3,(anonymous_10)
FNDA:6,(anonymous_11)
FNDA:0,(anonymous_12)
FNDA:1,(anonymous_13)
FNDA:2,(anonymous_14)
FNDA:1,(anonymous_15)
FNDA:1,(anonymous_16)
FNDA:1,(anonymous_17)
FNDA:2,(anonymous_18)
FNDA:15,(anonymous_19)
FNDA:9,(anonymous_20)
FNDA:14,(anonymous_21)
FNDA:14,(anonymous_22)
FNDA:0,(anonymous_23)
FNDA:0,(anonymous_24)
FNDA:0,(anonymous_25)
FNDA:0,(anonymous_26)
DA:19,1
DA:24,3
DA:25,1
DA:27,3
DA:37,10
DA:43,10
DA:45,10
DA:46,10
DA:48,10
DA:50,10
DA:57,9
DA:59,9
DA:61,1
DA:62,1
DA:63,1
DA:71,5
DA:75,5
DA:90,4
DA:91,4
DA:92,4
DA:94,4
DA:96,2
DA:97,2
DA:99,1
DA:100,1
DA:102,1
DA:103,1
DA:106,4
DA:112,3
DA:113,3
DA:115,1
DA:116,1
DA:117,1
DA:128,2
DA:129,2
DA:130,1
DA:131,1
DA:134,1
DA:135,1
DA:137,1
DA:139,1
DA:145,1
DA:146,2
DA:149,1
DA:151,0
DA:152,0
DA:153,0
DA:166,12
DA:169,12
DA:170,1
DA:173,12
DA:175,1
DA:176,1
DA:178,3
DA:179,3
DA:182,8
DA:183,8
DA:186,12
DA:193,11
DA:202,33
DA:213,3
DA:216,3
DA:223,3
DA:224,3
DA:225,6
DA:229,3
DA:230,0
DA:231,0
DA:234,3
DA:241,1
DA:258,2
DA:261,2
DA:280,1
DA:282,1
DA:283,0
DA:286,1
DA:287,1
DA:288,1
DA:289,1
DA:291,1
DA:302,1
DA:304,1
DA:305,0
DA:308,1
DA:309,1
DA:310,1
DA:311,1
DA:312,1
DA:313,1
DA:315,1
DA:322,1
DA:323,1
DA:325,1
DA:326,0
DA:329,1
DA:330,2
DA:331,2
DA:332,2
DA:333,2
DA:336,1
DA:338,1
DA:345,15
DA:352,9
DA:360,14
DA:368,14
DA:370,14
DA:372,0
DA:380,14
DA:381,14
DA:382,14
DA:384,14
DA:385,0
DA:387,0
DA:395,0
DA:397,0
DA:399,14
DA:417,0
DA:418,0
DA:419,0
DA:420,0
DA:421,0
DA:423,0
DA:424,0
DA:426,0
DA:427,0
DA:428,0
DA:429,0
DA:433,0
DA:434,0
DA:440,0
DA:441,0
DA:454,0
DA:455,0
DA:456,0
DA:458,0
DA:464,1
LF:136
LH:104
BRDA:24,0,0,1
BRDA:24,0,1,2
BRDA:35,1,0,4
BRDA:39,2,0,9
BRDA:40,3,0,9
BRDA:41,4,0,5
BRDA:42,5,0,5
BRDA:46,6,0,6
BRDA:46,6,1,4
BRDA:48,7,0,6
BRDA:48,7,1,4
BRDA:88,8,0,3
BRDA:94,9,0,2
BRDA:94,9,1,1
BRDA:94,9,2,1
BRDA:126,10,0,2
BRDA:129,11,0,1
BRDA:129,11,1,1
BRDA:135,12,0,1
BRDA:135,12,1,0
BRDA:137,13,0,1
BRDA:137,13,1,0
BRDA:169,14,0,1
BRDA:169,14,1,11
BRDA:169,15,0,12
BRDA:169,15,1,1
BRDA:173,16,0,1
BRDA:173,16,1,3
BRDA:173,16,2,8
BRDA:173,16,3,8
BRDA:223,17,0,3
BRDA:223,17,1,0
BRDA:229,18,0,0
BRDA:229,18,1,3
BRDA:247,19,0,0
BRDA:247,19,1,1
BRDA:258,20,0,2
BRDA:258,20,1,1
BRDA:259,21,0,2
BRDA:259,21,1,2
BRDA:259,22,0,2
BRDA:259,22,1,2
BRDA:282,23,0,0
BRDA:282,23,1,1
BRDA:282,24,0,1
BRDA:282,24,1,0
BRDA:288,25,0,1
BRDA:288,25,1,0
BRDA:304,26,0,0
BRDA:304,26,1,1
BRDA:304,27,0,1
BRDA:304,27,1,0
BRDA:311,28,0,1
BRDA:311,28,1,0
BRDA:323,29,0,1
BRDA:323,29,1,0
BRDA:325,30,0,0
BRDA:325,30,1,1
BRDA:325,31,0,1
BRDA:325,31,1,0
BRDA:385,32,0,0
BRDA:385,32,1,0
BRDA:421,33,0,0
BRDA:421,33,1,0
BRDA:427,34,0,0
BRDA:427,34,1,0
BRDA:428,35,0,0
BRDA:428,35,1,0
BRDA:429,36,0,0
BRDA:429,36,1,0
BRF:70
BRH:46
end_of_record
TN:
SF:services\storage.ts
FN:17,(anonymous_0)
FN:38,(anonymous_1)
FN:57,(anonymous_2)
FN:82,(anonymous_3)
FN:97,(anonymous_4)
FN:115,(anonymous_5)
FN:134,(anonymous_6)
FN:159,(anonymous_7)
FN:170,(anonymous_8)
FN:181,(anonymous_9)
FN:194,(anonymous_10)
FN:209,(anonymous_11)
FN:226,(anonymous_12)
FNF:13
FNH:5
FNDA:0,(anonymous_0)
FNDA:2,(anonymous_1)
FNDA:2,(anonymous_2)
FNDA:1,(anonymous_3)
FNDA:2,(anonymous_4)
FNDA:0,(anonymous_5)
FNDA:0,(anonymous_6)
FNDA:0,(anonymous_7)
FNDA:0,(anonymous_8)
FNDA:0,(anonymous_9)
FNDA:1,(anonymous_10)
FNDA:0,(anonymous_11)
FNDA:0,(anonymous_12)
DA:7,4
DA:18,0
DA:19,0
DA:22,0
DA:23,0
DA:24,0
DA:29,0
DA:31,0
DA:39,2
DA:40,2
DA:45,2
DA:50,0
DA:58,2
DA:59,2
DA:62,2
DA:63,1
DA:66,1
DA:68,0
DA:74,1
DA:75,1
DA:83,1
DA:84,1
DA:85,1
DA:90,0
DA:98,2
DA:99,2
DA:102,2
DA:103,1
DA:105,1
DA:107,1
DA:108,1
DA:116,0
DA:117,0
DA:122,0
DA:127,0
DA:135,0
DA:136,0
DA:139,0
DA:140,0
DA:143,0
DA:145,0
DA:151,0
DA:152,0
DA:160,0
DA:161,0
DA:163,0
DA:171,0
DA:172,0
DA:174,0
DA:182,0
DA:183,0
DA:187,0
DA:195,1
DA:196,1
DA:202,0
DA:210,0
DA:211,0
DA:212,0
DA:213,0
DA:217,0
DA:219,0
DA:227,0
DA:228,0
DA:229,0
DA:230,0
DA:233,0
DA:239,0
DA:241,0
DA:246,4
LF:69
LH:24
BRDA:22,0,0,0
BRDA:22,0,1,0
BRDA:62,1,0,1
BRDA:62,1,1,1
BRDA:102,2,0,1
BRDA:102,2,1,1
BRDA:139,3,0,0
BRDA:139,3,1,0
BRDA:212,4,0,0
BRDA:212,4,1,0
BRDA:229,5,0,0
BRDA:229,5,1,0
BRF:12
BRH:4
end_of_record
TN:
SF:services\supabase-auth.ts
FN:11,(anonymous_0)
FN:79,(anonymous_1)
FN:141,(anonymous_2)
FN:156,(anonymous_3)
FN:194,(anonymous_4)
FN:203,(anonymous_5)
FN:225,(anonymous_6)
FN:260,(anonymous_7)
FN:295,(anonymous_8)
FN:326,(anonymous_9)
FN:331,(anonymous_10)
FNF:11
FNH:0
FNDA:0,(anonymous_0)
FNDA:0,(anonymous_1)
FNDA:0,(anonymous_2)
FNDA:0,(anonymous_3)
FNDA:0,(anonymous_4)
FNDA:0,(anonymous_5)
FNDA:0,(anonymous_6)
FNDA:0,(anonymous_7)
FNDA:0,(anonymous_8)
FNDA:0,(anonymous_9)
FNDA:0,(anonymous_10)
DA:12,0
DA:13,0
DA:14,0
DA:15,0
DA:21,0
DA:31,0
DA:32,0
DA:38,0
DA:39,0
DA:45,0
DA:51,0
DA:52,0
DA:55,0
DA:64,0
DA:70,0
DA:80,0
DA:81,0
DA:82,0
DA:88,0
DA:93,0
DA:94,0
DA:100,0
DA:101,0
DA:107,0
DA:113,0
DA:114,0
DA:117,0
DA:126,0
DA:132,0
DA:142,0
DA:143,0
DA:144,0
DA:145,0
DA:148,0
DA:157,0
DA:158,0
DA:160,0
DA:161,0
DA:164,0
DA:166,0
DA:167,0
DA:170,0
DA:176,0
DA:177,0
DA:180,0
DA:189,0
DA:190,0
DA:195,0
DA:196,0
DA:197,0
DA:199,0
DA:204,0
DA:205,0
DA:206,0
DA:209,0
DA:213,0
DA:214,0
DA:217,0
DA:229,0
DA:230,0
DA:231,0
DA:235,0
DA:236,0
DA:237,0
DA:244,0
DA:248,0
DA:249,0
DA:252,0
DA:261,0
DA:262,0
DA:264,0
DA:265,0
DA:268,0
DA:277,0
DA:278,0
DA:281,0
DA:282,0
DA:287,0
DA:299,0
DA:301,0
DA:302,0
DA:305,0
DA:306,0
DA:309,0
DA:312,0
DA:313,0
DA:316,0
DA:317,0
DA:320,0
DA:327,0
DA:328,0
DA:332,0
DA:333,0
DA:335,0
DA:336,0
DA:338,0
DA:339,0
DA:341,0
DA:342,0
DA:344,0
DA:345,0
DA:347,0
DA:348,0
DA:350,0
DA:354,0
LF:105
LH:0
BRDA:14,0,0,0
BRDA:14,0,1,0
BRDA:31,1,0,0
BRDA:31,1,1,0
BRDA:38,2,0,0
BRDA:38,2,1,0
BRDA:51,3,0,0
BRDA:51,3,1,0
BRDA:57,4,0,0
BRDA:57,4,1,0
BRDA:59,5,0,0
BRDA:59,5,1,0
BRDA:61,6,0,0
BRDA:61,6,1,0
BRDA:73,7,0,0
BRDA:73,7,1,0
BRDA:81,8,0,0
BRDA:81,8,1,0
BRDA:81,9,0,0
BRDA:81,9,1,0
BRDA:93,10,0,0
BRDA:93,10,1,0
BRDA:100,11,0,0
BRDA:100,11,1,0
BRDA:100,12,0,0
BRDA:100,12,1,0
BRDA:113,13,0,0
BRDA:113,13,1,0
BRDA:119,14,0,0
BRDA:119,14,1,0
BRDA:121,15,0,0
BRDA:121,15,1,0
BRDA:123,16,0,0
BRDA:123,16,1,0
BRDA:135,17,0,0
BRDA:135,17,1,0
BRDA:144,18,0,0
BRDA:144,18,1,0
BRDA:150,19,0,0
BRDA:150,19,1,0
BRDA:160,20,0,0
BRDA:160,20,1,0
BRDA:160,21,0,0
BRDA:160,21,1,0
BRDA:166,22,0,0
BRDA:166,22,1,0
BRDA:166,23,0,0
BRDA:166,23,1,0
BRDA:176,24,0,0
BRDA:176,24,1,0
BRDA:182,25,0,0
BRDA:182,25,1,0
BRDA:182,25,2,0
BRDA:184,26,0,0
BRDA:184,26,1,0
BRDA:186,27,0,0
BRDA:186,27,1,0
BRDA:205,28,0,0
BRDA:205,28,1,0
BRDA:205,29,0,0
BRDA:205,29,1,0
BRDA:213,30,0,0
BRDA:213,30,1,0
BRDA:219,31,0,0
BRDA:219,31,1,0
BRDA:230,32,0,0
BRDA:230,32,1,0
BRDA:230,33,0,0
BRDA:230,33,1,0
BRDA:236,34,0,0
BRDA:236,34,1,0
BRDA:248,35,0,0
BRDA:248,35,1,0
BRDA:254,36,0,0
BRDA:254,36,1,0
BRDA:264,37,0,0
BRDA:264,37,1,0
BRDA:277,38,0,0
BRDA:277,38,1,0
BRDA:281,39,0,0
BRDA:281,39,1,0
BRDA:289,40,0,0
BRDA:289,40,1,0
BRDA:301,41,0,0
BRDA:301,41,1,0
BRDA:301,42,0,0
BRDA:301,42,1,0
BRDA:305,43,0,0
BRDA:305,43,1,0
BRDA:305,44,0,0
BRDA:305,44,1,0
BRDA:312,45,0,0
BRDA:312,45,1,0
BRDA:316,46,0,0
BRDA:316,46,1,0
BRDA:332,47,0,0
BRDA:332,47,1,0
BRDA:335,48,0,0
BRDA:335,48,1,0
BRDA:338,49,0,0
BRDA:338,49,1,0
BRDA:341,50,0,0
BRDA:341,50,1,0
BRDA:344,51,0,0
BRDA:344,51,1,0
BRDA:347,52,0,0
BRDA:347,52,1,0
BRF:107
BRH:0
end_of_record
TN:
SF:services\supabase-diagnoses.ts
FN:20,(anonymous_0)
FN:36,(anonymous_1)
FN:52,(anonymous_2)
FN:69,(anonymous_3)
FN:86,(anonymous_4)
FN:109,(anonymous_5)
FN:132,(anonymous_6)
FN:154,(anonymous_7)
FN:179,(anonymous_8)
FN:213,(anonymous_9)
FN:232,(anonymous_10)
FN:250,(anonymous_11)
FNF:12
FNH:9
FNDA:2,(anonymous_0)
FNDA:0,(anonymous_1)
FNDA:2,(anonymous_2)
FNDA:2,(anonymous_3)
FNDA:0,(anonymous_4)
FNDA:2,(anonymous_5)
FNDA:2,(anonymous_6)
FNDA:2,(anonymous_7)
FNDA:0,(anonymous_8)
FNDA:2,(anonymous_9)
FNDA:2,(anonymous_10)
FNDA:2,(anonymous_11)
DA:20,1
DA:21,2
DA:23,2
DA:24,0
DA:26,2
DA:27,0
DA:29,2
DA:30,2
DA:33,0
DA:36,1
DA:37,0
DA:52,1
DA:53,2
DA:69,1
DA:70,2
DA:86,1
DA:87,0
DA:89,0
DA:90,0
DA:93,0
DA:95,0
DA:101,0
DA:102,0
DA:103,0
DA:106,0
DA:109,1
DA:110,2
DA:112,2
DA:113,0
DA:116,2
DA:118,2
DA:124,2
DA:125,1
DA:126,1
DA:129,1
DA:132,1
DA:133,2
DA:135,2
DA:136,0
DA:139,2
DA:146,0
DA:147,0
DA:148,0
DA:151,0
DA:154,1
DA:155,2
DA:157,2
DA:158,0
DA:161,2
DA:168,2
DA:169,1
DA:170,0
DA:172,1
DA:173,1
DA:176,1
DA:179,1
DA:180,0
DA:182,0
DA:183,0
DA:186,0
DA:188,0
DA:189,0
DA:190,0
DA:191,0
DA:192,0
DA:193,0
DA:194,0
DA:195,0
DA:197,0
DA:205,0
DA:206,0
DA:207,0
DA:210,0
DA:213,1
DA:214,2
DA:216,2
DA:217,0
DA:220,2
DA:226,0
DA:227,0
DA:228,0
DA:232,1
DA:233,2
DA:235,2
DA:236,0
DA:239,2
DA:244,2
DA:245,1
DA:246,1
DA:250,1
DA:251,2
DA:253,2
DA:254,0
DA:257,2
DA:262,2
DA:263,1
DA:264,1
DA:267,1
LF:98
LH:54
BRDA:23,0,0,0
BRDA:23,0,1,2
BRDA:23,1,0,2
BRDA:23,1,1,2
BRDA:26,2,0,0
BRDA:26,2,1,2
BRDA:26,3,0,2
BRDA:26,3,1,2
BRDA:26,3,2,2
BRDA:29,4,0,2
BRDA:29,4,1,0
BRDA:29,5,0,2
BRDA:29,5,1,0
BRDA:65,6,0,2
BRDA:65,6,1,0
BRDA:89,7,0,0
BRDA:89,7,1,0
BRDA:101,8,0,0
BRDA:101,8,1,0
BRDA:112,9,0,0
BRDA:112,9,1,2
BRDA:124,10,0,1
BRDA:124,10,1,1
BRDA:132,11,0,2
BRDA:132,12,0,2
BRDA:135,13,0,0
BRDA:135,13,1,2
BRDA:146,14,0,0
BRDA:146,14,1,0
BRDA:151,15,0,0
BRDA:151,15,1,0
BRDA:157,16,0,0
BRDA:157,16,1,2
BRDA:168,17,0,1
BRDA:168,17,1,1
BRDA:169,18,0,0
BRDA:169,18,1,1
BRDA:182,19,0,0
BRDA:182,19,1,0
BRDA:188,20,0,0
BRDA:188,20,1,0
BRDA:189,21,0,0
BRDA:189,21,1,0
BRDA:190,22,0,0
BRDA:190,22,1,0
BRDA:191,23,0,0
BRDA:191,23,1,0
BRDA:192,24,0,0
BRDA:192,24,1,0
BRDA:193,25,0,0
BRDA:193,25,1,0
BRDA:194,26,0,0
BRDA:194,26,1,0
BRDA:195,27,0,0
BRDA:195,27,1,0
BRDA:205,28,0,0
BRDA:205,28,1,0
BRDA:216,29,0,0
BRDA:216,29,1,2
BRDA:226,30,0,0
BRDA:226,30,1,0
BRDA:235,31,0,0
BRDA:235,31,1,2
BRDA:244,32,0,1
BRDA:244,32,1,1
BRDA:253,33,0,0
BRDA:253,33,1,2
BRDA:262,34,0,1
BRDA:262,34,1,1
BRDA:267,35,0,1
BRDA:267,35,1,1
BRF:71
BRH:29
end_of_record
TN:
SF:utils\accessibility.ts
FN:21,(anonymous_0)
FN:41,(anonymous_1)
FN:53,(anonymous_2)
FN:65,(anonymous_3)
FN:77,(anonymous_4)
FN:90,(anonymous_5)
FN:106,(anonymous_6)
FN:130,(anonymous_7)
FN:144,(anonymous_8)
FN:165,(anonymous_9)
FN:197,(anonymous_10)
FN:212,(anonymous_11)
FN:226,(anonymous_12)
FNF:13
FNH:0
FNDA:0,(anonymous_0)
FNDA:0,(anonymous_1)
FNDA:0,(anonymous_2)
FNDA:0,(anonymous_3)
FNDA:0,(anonymous_4)
FNDA:0,(anonymous_5)
FNDA:0,(anonymous_6)
FNDA:0,(anonymous_7)
FNDA:0,(anonymous_8)
FNDA:0,(anonymous_9)
FNDA:0,(anonymous_10)
FNDA:0,(anonymous_11)
FNDA:0,(anonymous_12)
DA:21,0
DA:22,0
DA:23,0
DA:26,0
DA:41,0
DA:42,0
DA:43,0
DA:45,0
DA:46,0
DA:53,0
DA:54,0
DA:55,0
DA:57,0
DA:58,0
DA:65,0
DA:66,0
DA:67,0
DA:69,0
DA:70,0
DA:77,0
DA:78,0
DA:84,0
DA:90,0
DA:91,0
DA:100,0
DA:106,0
DA:107,0
DA:115,0
DA:121,0
DA:122,0
DA:124,0
DA:130,0
DA:131,0
DA:138,0
DA:144,0
DA:145,0
DA:146,0
DA:148,0
DA:149,0
DA:151,0
DA:152,0
DA:155,0
DA:156,0
DA:159,0
DA:165,0
DA:173,0
DA:175,0
DA:176,0
DA:179,0
DA:180,0
DA:183,0
DA:184,0
DA:187,0
DA:191,0
DA:197,0
DA:198,0
DA:205,0
DA:206,0
DA:212,0
DA:213,0
DA:216,0
DA:218,0
DA:219,0
DA:226,0
DA:227,0
DA:228,0
DA:230,0
LF:67
LH:0
BRDA:27,0,0,0
BRDA:27,0,1,0
BRDA:28,1,0,0
BRDA:28,1,1,0
BRDA:29,2,0,0
BRDA:29,2,1,0
BRDA:30,3,0,0
BRDA:30,3,1,0
BRDA:31,4,0,0
BRDA:31,4,1,0
BRDA:32,5,0,0
BRDA:32,5,1,0
BRDA:33,6,0,0
BRDA:33,6,1,0
BRDA:34,7,0,0
BRDA:34,7,1,0
BRDA:84,8,0,0
BRDA:84,8,1,0
BRDA:100,9,0,0
BRDA:100,9,1,0
BRDA:121,10,0,0
BRDA:121,10,1,0
BRDA:122,11,0,0
BRDA:122,11,1,0
BRDA:138,12,0,0
BRDA:138,12,1,0
BRDA:144,13,0,0
BRDA:145,14,0,0
BRDA:145,14,1,0
BRDA:146,15,0,0
BRDA:146,15,1,0
BRDA:151,16,0,0
BRDA:151,16,1,0
BRDA:155,17,0,0
BRDA:155,17,1,0
BRDA:175,18,0,0
BRDA:175,18,1,0
BRDA:176,19,0,0
BRDA:176,19,1,0
BRDA:179,20,0,0
BRDA:179,20,1,0
BRDA:180,21,0,0
BRDA:180,21,1,0
BRDA:183,22,0,0
BRDA:183,22,1,0
BRDA:184,23,0,0
BRDA:184,23,1,0
BRDA:187,24,0,0
BRDA:187,24,1,0
BRDA:191,25,0,0
BRDA:191,25,1,0
BRDA:205,26,0,0
BRDA:205,26,1,0
BRF:53
BRH:0
end_of_record
TN:
SF:utils\accessibilityTesting.ts
FN:17,(anonymous_0)
FN:47,(anonymous_1)
FN:81,(anonymous_2)
FN:121,(anonymous_3)
FN:155,getLuminance
FN:172,(anonymous_5)
FN:204,(anonymous_6)
FN:218,(anonymous_7)
FN:219,(anonymous_8)
FN:220,(anonymous_9)
FN:221,(anonymous_10)
FN:232,(anonymous_11)
FN:240,(anonymous_12)
FN:256,(anonymous_13)
FN:286,(anonymous_14)
FN:297,(anonymous_15)
FNF:16
FNH:0
FNDA:0,(anonymous_0)
FNDA:0,(anonymous_1)
FNDA:0,(anonymous_2)
FNDA:0,(anonymous_3)
FNDA:0,getLuminance
FNDA:0,(anonymous_5)
FNDA:0,(anonymous_6)
FNDA:0,(anonymous_7)
FNDA:0,(anonymous_8)
FNDA:0,(anonymous_9)
FNDA:0,(anonymous_10)
FNDA:0,(anonymous_11)
FNDA:0,(anonymous_12)
FNDA:0,(anonymous_13)
FNDA:0,(anonymous_14)
FNDA:0,(anonymous_15)
DA:17,0
DA:21,0
DA:22,0
DA:29,0
DA:30,0
DA:37,0
DA:47,0
DA:48,0
DA:49,0
DA:51,0
DA:52,0
DA:53,0
DA:60,0
DA:62,0
DA:63,0
DA:71,0
DA:81,0
DA:82,0
DA:83,0
DA:84,0
DA:91,0
DA:92,0
DA:93,0
DA:95,0
DA:96,0
DA:103,0
DA:104,0
DA:111,0
DA:121,0
DA:129,0
DA:130,0
DA:133,0
DA:134,0
DA:135,0
DA:137,0
DA:138,0
DA:145,0
DA:160,0
DA:161,0
DA:162,0
DA:163,0
DA:166,0
DA:172,0
DA:173,0
DA:174,0
DA:176,0
DA:177,0
DA:178,0
DA:185,0
DA:186,0
DA:194,0
DA:204,0
DA:205,0
DA:207,0
DA:208,0
DA:209,0
DA:210,0
DA:212,0
DA:218,0
DA:219,0
DA:220,0
DA:221,0
DA:223,0
DA:225,0
DA:226,0
DA:227,0
DA:228,0
DA:230,0
DA:231,0
DA:232,0
DA:233,0
DA:235,0
DA:238,0
DA:239,0
DA:240,0
DA:241,0
DA:243,0
DA:246,0
DA:247,0
DA:250,0
DA:256,0
DA:261,0
DA:262,0
DA:268,0
DA:274,0
DA:275,0
DA:286,0
DA:287,0
DA:288,0
DA:290,0
DA:297,0
DA:298,0
DA:299,0
DA:301,0
LF:94
LH:0
BRDA:21,0,0,0
BRDA:21,0,1,0
BRDA:21,1,0,0
BRDA:21,1,1,0
BRDA:29,2,0,0
BRDA:29,2,1,0
BRDA:29,3,0,0
BRDA:29,3,1,0
BRDA:49,4,0,0
BRDA:49,4,1,0
BRDA:49,4,2,0
BRDA:51,5,0,0
BRDA:51,5,1,0
BRDA:52,6,0,0
BRDA:52,6,1,0
BRDA:62,7,0,0
BRDA:62,7,1,0
BRDA:83,8,0,0
BRDA:83,8,1,0
BRDA:92,9,0,0
BRDA:92,9,1,0
BRDA:93,10,0,0
BRDA:93,10,1,0
BRDA:95,11,0,0
BRDA:95,11,1,0
BRDA:95,12,0,0
BRDA:95,12,1,0
BRDA:103,13,0,0
BRDA:103,13,1,0
BRDA:103,14,0,0
BRDA:103,14,1,0
BRDA:124,15,0,0
BRDA:130,16,0,0
BRDA:130,16,1,0
BRDA:137,17,0,0
BRDA:137,17,1,0
BRDA:140,18,0,0
BRDA:140,18,1,0
BRDA:174,19,0,0
BRDA:174,19,1,0
BRDA:174,19,2,0
BRDA:176,20,0,0
BRDA:176,20,1,0
BRDA:177,21,0,0
BRDA:177,21,1,0
BRDA:177,22,0,0
BRDA:177,22,1,0
BRDA:185,23,0,0
BRDA:185,23,1,0
BRDA:219,24,0,0
BRDA:219,24,1,0
BRDA:220,25,0,0
BRDA:220,25,1,0
BRDA:230,26,0,0
BRDA:230,26,1,0
BRDA:238,27,0,0
BRDA:238,27,1,0
BRDA:246,28,0,0
BRDA:246,28,1,0
BRDA:246,29,0,0
BRDA:246,29,1,0
BRF:61
BRH:0
end_of_record
TN:
SF:utils\bundleOptimization.ts
FN:11,(anonymous_0)
FN:17,(anonymous_1)
FN:36,(anonymous_2)
FN:40,(anonymous_3)
FN:44,(anonymous_4)
FN:48,(anonymous_5)
FN:56,(anonymous_6)
FN:57,(anonymous_7)
FN:58,(anonymous_8)
FN:59,(anonymous_9)
FN:60,(anonymous_10)
FN:68,(anonymous_11)
FN:68,(anonymous_12)
FN:69,(anonymous_13)
FN:69,(anonymous_14)
FN:70,(anonymous_15)
FN:70,(anonymous_16)
FN:78,(anonymous_17)
FN:90,(anonymous_18)
FN:107,(anonymous_19)
FN:128,(anonymous_20)
FN:142,(anonymous_21)
FN:152,(anonymous_22)
FN:165,(anonymous_23)
FN:174,(anonymous_24)
FN:177,(anonymous_25)
FN:190,(anonymous_26)
FN:191,(anonymous_27)
FN:193,(anonymous_28)
FN:207,(anonymous_29)
FN:210,(anonymous_30)
FN:211,(anonymous_31)
FN:222,(anonymous_32)
FN:231,(anonymous_33)
FN:239,(anonymous_34)
FNF:35
FNH:0
FNDA:0,(anonymous_0)
FNDA:0,(anonymous_1)
FNDA:0,(anonymous_2)
FNDA:0,(anonymous_3)
FNDA:0,(anonymous_4)
FNDA:0,(anonymous_5)
FNDA:0,(anonymous_6)
FNDA:0,(anonymous_7)
FNDA:0,(anonymous_8)
FNDA:0,(anonymous_9)
FNDA:0,(anonymous_10)
FNDA:0,(anonymous_11)
FNDA:0,(anonymous_12)
FNDA:0,(anonymous_13)
FNDA:0,(anonymous_14)
FNDA:0,(anonymous_15)
FNDA:0,(anonymous_16)
FNDA:0,(anonymous_17)
FNDA:0,(anonymous_18)
FNDA:0,(anonymous_19)
FNDA:0,(anonymous_20)
FNDA:0,(anonymous_21)
FNDA:0,(anonymous_22)
FNDA:0,(anonymous_23)
FNDA:0,(anonymous_24)
FNDA:0,(anonymous_25)
FNDA:0,(anonymous_26)
FNDA:0,(anonymous_27)
FNDA:0,(anonymous_28)
FNDA:0,(anonymous_29)
FNDA:0,(anonymous_30)
FNDA:0,(anonymous_31)
FNDA:0,(anonymous_32)
FNDA:0,(anonymous_33)
FNDA:0,(anonymous_34)
DA:11,0
DA:15,0
DA:17,0
DA:18,0
DA:25,0
DA:27,0
DA:33,0
DA:36,0
DA:40,0
DA:44,0
DA:48,0
DA:55,0
DA:56,0
DA:57,0
DA:58,0
DA:59,0
DA:60,0
DA:66,0
DA:68,0
DA:69,0
DA:70,0
DA:76,0
DA:79,0
DA:81,0
DA:83,0
DA:85,0
DA:91,0
DA:93,0
DA:95,0
DA:97,0
DA:99,0
DA:107,0
DA:109,0
DA:115,0
DA:116,0
DA:117,0
DA:119,0
DA:126,0
DA:129,0
DA:130,0
DA:133,0
DA:134,0
DA:143,0
DA:144,0
DA:145,0
DA:146,0
DA:148,0
DA:153,0
DA:154,0
DA:155,0
DA:163,0
DA:168,0
DA:169,0
DA:176,0
DA:177,0
DA:178,0
DA:179,0
DA:180,0
DA:188,0
DA:191,0
DA:193,0
DA:195,0
DA:196,0
DA:198,0
DA:199,0
DA:203,0
DA:208,0
DA:209,0
DA:210,0
DA:211,0
DA:213,0
DA:220,0
DA:223,0
DA:232,0
DA:240,0
LF:75
LH:0
BRDA:20,0,0,0
BRDA:20,0,1,0
BRDA:25,1,0,0
BRDA:25,1,1,0
BRDA:81,2,0,0
BRDA:81,2,1,0
BRDA:91,3,0,0
BRDA:91,3,1,0
BRDA:91,3,2,0
BRDA:91,3,3,0
BRDA:129,4,0,0
BRDA:129,4,1,0
BRDA:131,5,0,0
BRDA:131,5,1,0
BRDA:133,6,0,0
BRDA:133,6,1,0
BRDA:143,7,0,0
BRDA:143,7,1,0
BRDA:146,8,0,0
BRDA:146,8,1,0
BRDA:153,9,0,0
BRDA:153,9,1,0
BRDA:168,10,0,0
BRDA:168,10,1,0
BRF:24
BRH:0
end_of_record
TN:
SF:utils\edgeFunctionClient.ts
FN:5,(anonymous_0)
FN:10,(anonymous_1)
FN:48,(anonymous_2)
FN:56,(anonymous_3)
FN:90,(anonymous_4)
FN:138,(anonymous_5)
FN:171,(anonymous_6)
FN:188,(anonymous_7)
FN:250,(anonymous_8)
FN:277,(anonymous_9)
FN:310,(anonymous_10)
FN:313,(anonymous_11)
FN:316,(anonymous_12)
FN:319,(anonymous_13)
FN:322,(anonymous_14)
FNF:15
FNH:0
FNDA:0,(anonymous_0)
FNDA:0,(anonymous_1)
FNDA:0,(anonymous_2)
FNDA:0,(anonymous_3)
FNDA:0,(anonymous_4)
FNDA:0,(anonymous_5)
FNDA:0,(anonymous_6)
FNDA:0,(anonymous_7)
FNDA:0,(anonymous_8)
FNDA:0,(anonymous_9)
FNDA:0,(anonymous_10)
FNDA:0,(anonymous_11)
FNDA:0,(anonymous_12)
FNDA:0,(anonymous_13)
FNDA:0,(anonymous_14)
DA:5,0
DA:6,0
DA:7,0
DA:10,0
DA:11,0
DA:12,0
DA:13,0
DA:49,0
DA:50,0
DA:57,0
DA:58,0
DA:60,0
DA:67,0
DA:68,0
DA:69,0
DA:75,0
DA:77,0
DA:79,0
DA:80,0
DA:91,0
DA:92,0
DA:94,0
DA:101,0
DA:102,0
DA:103,0
DA:109,0
DA:110,0
DA:113,0
DA:114,0
DA:115,0
DA:116,0
DA:118,0
DA:127,0
DA:128,0
DA:139,0
DA:140,0
DA:147,0
DA:148,0
DA:149,0
DA:155,0
DA:160,0
DA:161,0
DA:172,0
DA:174,0
DA:175,0
DA:178,0
DA:179,0
DA:189,0
DA:191,0
DA:193,0
DA:194,0
DA:198,0
DA:199,0
DA:200,0
DA:201,0
DA:202,0
DA:207,0
DA:209,0
DA:216,0
DA:234,0
DA:239,0
DA:240,0
DA:252,0
DA:254,0
DA:255,0
DA:259,0
DA:260,0
DA:262,0
DA:263,0
DA:264,0
DA:268,0
DA:278,0
DA:279,0
DA:286,0
DA:287,0
DA:293,0
DA:298,0
DA:307,0
DA:310,0
DA:311,0
DA:313,0
DA:314,0
DA:316,0
DA:317,0
DA:319,0
DA:320,0
DA:322,0
DA:323,0
LF:88
LH:0
BRDA:6,0,0,0
BRDA:6,0,1,0
BRDA:6,1,0,0
BRDA:6,1,1,0
BRDA:12,2,0,0
BRDA:12,2,1,0
BRDA:49,3,0,0
BRDA:49,3,1,0
BRDA:50,4,0,0
BRDA:50,4,1,0
BRDA:67,5,0,0
BRDA:67,5,1,0
BRDA:71,6,0,0
BRDA:71,6,1,0
BRDA:82,7,0,0
BRDA:82,7,1,0
BRDA:101,8,0,0
BRDA:101,8,1,0
BRDA:101,9,0,0
BRDA:101,9,1,0
BRDA:109,10,0,0
BRDA:109,10,1,0
BRDA:130,11,0,0
BRDA:130,11,1,0
BRDA:138,12,0,0
BRDA:147,13,0,0
BRDA:147,13,1,0
BRDA:157,14,0,0
BRDA:157,14,1,0
BRDA:163,15,0,0
BRDA:163,15,1,0
BRDA:174,16,0,0
BRDA:174,16,1,0
BRDA:198,17,0,0
BRDA:198,17,1,0
BRDA:200,18,0,0
BRDA:200,18,1,0
BRDA:201,19,0,0
BRDA:201,19,1,0
BRDA:218,20,0,0
BRDA:218,20,1,0
BRDA:242,21,0,0
BRDA:242,21,1,0
BRDA:254,22,0,0
BRDA:254,22,1,0
BRDA:262,23,0,0
BRDA:262,23,1,0
BRDA:286,24,0,0
BRDA:286,24,1,0
BRDA:300,25,0,0
BRDA:300,25,1,0
BRF:51
BRH:0
end_of_record
TN:
SF:utils\encryption.ts
FN:10,(anonymous_0)
FN:20,(anonymous_1)
FN:41,(anonymous_2)
FN:45,(anonymous_3)
FN:64,(anonymous_4)
FN:78,(anonymous_5)
FNF:6
FNH:5
FNDA:3,(anonymous_0)
FNDA:3,(anonymous_1)
FNDA:1,(anonymous_2)
FNDA:0,(anonymous_3)
FNDA:2,(anonymous_4)
FNDA:1,(anonymous_5)
DA:4,8
DA:5,8
DA:11,3
DA:13,3
DA:21,3
DA:22,3
DA:23,3
DA:24,0
DA:26,0
DA:27,0
DA:28,0
DA:32,0
DA:34,3
DA:42,1
DA:44,1
DA:45,0
DA:48,0
DA:49,0
DA:51,0
DA:52,0
DA:55,0
DA:57,1
DA:65,2
DA:66,2
DA:71,1
DA:79,1
DA:81,1
LF:27
LH:16
BRDA:22,0,0,3
BRDA:22,0,1,2
BRF:2
BRH:2
end_of_record
TN:
SF:utils\errorHandling.ts
FN:23,(anonymous_0)
FN:42,(anonymous_1)
FN:202,(anonymous_2)
FN:234,(anonymous_3)
FN:255,(anonymous_4)
FN:262,(anonymous_5)
FN:269,(anonymous_6)
FN:293,(anonymous_7)
FN:328,(anonymous_8)
FN:329,(anonymous_9)
FN:337,(anonymous_10)
FN:340,(anonymous_11)
FN:351,(anonymous_12)
FNF:13
FNH:0
FNDA:0,(anonymous_0)
FNDA:0,(anonymous_1)
FNDA:0,(anonymous_2)
FNDA:0,(anonymous_3)
FNDA:0,(anonymous_4)
FNDA:0,(anonymous_5)
FNDA:0,(anonymous_6)
FNDA:0,(anonymous_7)
FNDA:0,(anonymous_8)
FNDA:0,(anonymous_9)
FNDA:0,(anonymous_10)
FNDA:0,(anonymous_11)
FNDA:0,(anonymous_12)
DA:25,0
DA:26,0
DA:30,0
DA:31,0
DA:35,0
DA:36,0
DA:39,0
DA:43,0
DA:46,0
DA:47,0
DA:56,0
DA:57,0
DA:66,0
DA:67,0
DA:76,0
DA:77,0
DA:86,0
DA:87,0
DA:97,0
DA:98,0
DA:107,0
DA:108,0
DA:117,0
DA:118,0
DA:127,0
DA:128,0
DA:137,0
DA:138,0
DA:148,0
DA:149,0
DA:159,0
DA:160,0
DA:170,0
DA:171,0
DA:181,0
DA:182,0
DA:192,0
DA:203,0
DA:205,0
DA:206,0
DA:215,0
DA:216,0
DA:225,0
DA:242,0
DA:256,0
DA:263,0
DA:270,0
DA:280,0
DA:281,0
DA:300,0
DA:302,0
DA:303,0
DA:304,0
DA:306,0
DA:309,0
DA:310,0
DA:314,0
DA:315,0
DA:316,0
DA:320,0
DA:321,0
DA:325,0
DA:329,0
DA:338,0
DA:340,0
DA:341,0
DA:342,0
DA:343,0
DA:344,0
DA:348,0
DA:352,0
DA:353,0
LF:72
LH:0
BRDA:25,0,0,0
BRDA:25,0,1,0
BRDA:30,1,0,0
BRDA:30,1,1,0
BRDA:35,2,0,0
BRDA:35,2,1,0
BRDA:35,3,0,0
BRDA:35,3,1,0
BRDA:35,3,2,0
BRDA:35,3,3,0
BRDA:36,4,0,0
BRDA:36,4,1,0
BRDA:46,5,0,0
BRDA:46,5,1,0
BRDA:56,6,0,0
BRDA:56,6,1,0
BRDA:66,7,0,0
BRDA:66,7,1,0
BRDA:76,8,0,0
BRDA:76,8,1,0
BRDA:86,9,0,0
BRDA:86,9,1,0
BRDA:97,10,0,0
BRDA:97,10,1,0
BRDA:107,11,0,0
BRDA:107,11,1,0
BRDA:117,12,0,0
BRDA:117,12,1,0
BRDA:127,13,0,0
BRDA:127,13,1,0
BRDA:137,14,0,0
BRDA:137,14,1,0
BRDA:148,15,0,0
BRDA:148,15,1,0
BRDA:148,16,0,0
BRDA:148,16,1,0
BRDA:159,17,0,0
BRDA:159,17,1,0
BRDA:159,18,0,0
BRDA:159,18,1,0
BRDA:159,18,2,0
BRDA:170,19,0,0
BRDA:170,19,1,0
BRDA:170,20,0,0
BRDA:170,20,1,0
BRDA:181,21,0,0
BRDA:181,21,1,0
BRDA:181,22,0,0
BRDA:181,22,1,0
BRDA:181,22,2,0
BRDA:205,23,0,0
BRDA:205,23,1,0
BRDA:205,24,0,0
BRDA:205,24,1,0
BRDA:215,25,0,0
BRDA:215,25,1,0
BRDA:238,26,0,0
BRDA:280,27,0,0
BRDA:280,27,1,0
BRDA:295,28,0,0
BRDA:296,29,0,0
BRDA:297,30,0,0
BRDA:309,31,0,0
BRDA:309,31,1,0
BRDA:315,32,0,0
BRDA:315,32,1,0
BRDA:341,33,0,0
BRDA:341,33,1,0
BRDA:343,34,0,0
BRDA:343,34,1,0
BRDA:353,35,0,0
BRDA:353,35,1,0
BRF:72
BRH:0
end_of_record
TN:
SF:utils\formValidation.ts
FN:6,useDebounce
FN:9,(anonymous_1)
FN:10,(anonymous_2)
FN:14,(anonymous_3)
FN:25,useFieldValidation
FN:45,(anonymous_5)
FN:52,(anonymous_6)
FN:60,(anonymous_7)
FN:69,(anonymous_8)
FN:82,(anonymous_9)
FN:89,useAutoFocus
FN:92,(anonymous_11)
FN:93,(anonymous_12)
FN:99,(anonymous_13)
FN:108,useFormSubmission
FN:113,(anonymous_15)
FN:129,(anonymous_16)
FN:151,(anonymous_17)
FN:158,(anonymous_18)
FN:163,(anonymous_19)
FN:180,(anonymous_20)
FN:203,(anonymous_21)
FN:231,(anonymous_22)
FN:241,(anonymous_23)
FNF:24
FNH:0
FNDA:0,useDebounce
FNDA:0,(anonymous_1)
FNDA:0,(anonymous_2)
FNDA:0,(anonymous_3)
FNDA:0,useFieldValidation
FNDA:0,(anonymous_5)
FNDA:0,(anonymous_6)
FNDA:0,(anonymous_7)
FNDA:0,(anonymous_8)
FNDA:0,(anonymous_9)
FNDA:0,useAutoFocus
FNDA:0,(anonymous_11)
FNDA:0,(anonymous_12)
FNDA:0,(anonymous_13)
FNDA:0,useFormSubmission
FNDA:0,(anonymous_15)
FNDA:0,(anonymous_16)
FNDA:0,(anonymous_17)
FNDA:0,(anonymous_18)
FNDA:0,(anonymous_19)
FNDA:0,(anonymous_20)
FNDA:0,(anonymous_21)
FNDA:0,(anonymous_22)
FNDA:0,(anonymous_23)
DA:7,0
DA:9,0
DA:10,0
DA:11,0
DA:14,0
DA:15,0
DA:19,0
DA:38,0
DA:40,0
DA:41,0
DA:42,0
DA:45,0
DA:46,0
DA:47,0
DA:48,0
DA:52,0
DA:53,0
DA:54,0
DA:55,0
DA:56,0
DA:60,0
DA:61,0
DA:63,0
DA:64,0
DA:69,0
DA:70,0
DA:71,0
DA:72,0
DA:73,0
DA:76,0
DA:82,0
DA:90,0
DA:92,0
DA:93,0
DA:94,0
DA:95,0
DA:99,0
DA:102,0
DA:109,0
DA:110,0
DA:111,0
DA:113,0
DA:114,0
DA:115,0
DA:116,0
DA:117,0
DA:119,0
DA:121,0
DA:123,0
DA:125,0
DA:129,0
DA:130,0
DA:131,0
DA:132,0
DA:135,0
DA:147,0
DA:152,0
DA:163,0
DA:164,0
DA:165,0
DA:166,0
DA:167,0
DA:176,0
DA:185,0
DA:186,0
DA:188,0
DA:189,0
DA:192,0
DA:208,0
DA:210,0
DA:211,0
DA:212,0
DA:213,0
DA:216,0
DA:231,0
DA:241,0
LF:76
LH:0
BRDA:28,0,0,0
BRDA:35,1,0,0
BRDA:36,2,0,0
BRDA:37,3,0,0
BRDA:46,4,0,0
BRDA:46,4,1,0
BRDA:46,5,0,0
BRDA:46,5,1,0
BRDA:46,5,2,0
BRDA:48,6,0,0
BRDA:48,6,1,0
BRDA:54,7,0,0
BRDA:54,7,1,0
BRDA:56,8,0,0
BRDA:56,8,1,0
BRDA:61,9,0,0
BRDA:61,9,1,0
BRDA:63,10,0,0
BRDA:63,10,1,0
BRDA:71,11,0,0
BRDA:71,11,1,0
BRDA:89,12,0,0
BRDA:94,13,0,0
BRDA:94,13,1,0
BRDA:123,14,0,0
BRDA:123,14,1,0
BRDA:152,15,0,0
BRDA:152,15,1,0
BRDA:164,16,0,0
BRDA:164,16,1,0
BRDA:164,17,0,0
BRDA:164,17,1,0
BRDA:166,18,0,0
BRDA:166,18,1,0
BRDA:188,19,0,0
BRDA:188,19,1,0
BRDA:189,20,0,0
BRDA:189,20,1,0
BRDA:210,21,0,0
BRDA:210,21,1,0
BRDA:212,22,0,0
BRDA:212,22,1,0
BRDA:222,23,0,0
BRDA:222,23,1,0
BRF:44
BRH:0
end_of_record
TN:
SF:utils\imageValidation.ts
FN:43,(anonymous_0)
FN:69,(anonymous_1)
FN:187,(anonymous_2)
FN:221,(anonymous_3)
FN:247,(anonymous_4)
FN:260,(anonymous_5)
FNF:6
FNH:6
FNDA:5,(anonymous_0)
FNDA:11,(anonymous_1)
FNDA:4,(anonymous_2)
FNDA:10,(anonymous_3)
FNDA:4,(anonymous_4)
FNDA:8,(anonymous_5)
DA:29,1
DA:43,1
DA:47,5
DA:48,5
DA:49,5
DA:51,5
DA:52,5
DA:58,5
DA:68,5
DA:69,5
DA:70,11
DA:73,5
DA:74,2
DA:84,5
DA:86,0
DA:87,0
DA:97,0
DA:98,0
DA:109,0
DA:110,0
DA:113,0
DA:114,0
DA:118,0
DA:120,0
DA:121,0
DA:131,0
DA:132,0
DA:143,0
DA:144,0
DA:154,5
DA:161,5
DA:167,5
DA:170,0
DA:172,0
DA:187,1
DA:190,4
DA:191,4
DA:193,4
DA:194,1
DA:200,4
DA:201,2
DA:207,4
DA:208,1
DA:211,4
DA:221,1
DA:222,10
DA:224,1
DA:226,2
DA:228,1
DA:230,1
DA:232,1
DA:234,0
DA:236,1
DA:238,1
DA:240,2
DA:247,1
DA:248,4
DA:250,3
DA:251,3
DA:252,3
DA:254,3
DA:260,1
DA:261,8
DA:262,8
LF:64
LH:46
BRDA:45,0,0,3
BRDA:73,1,0,2
BRDA:73,1,1,3
BRDA:84,2,0,0
BRDA:84,2,1,5
BRDA:84,3,0,5
BRDA:84,3,1,0
BRDA:86,4,0,0
BRDA:86,4,1,0
BRDA:86,5,0,0
BRDA:86,5,1,0
BRDA:97,6,0,0
BRDA:97,6,1,0
BRDA:97,7,0,0
BRDA:97,7,1,0
BRDA:109,8,0,0
BRDA:109,8,1,0
BRDA:109,9,0,0
BRDA:109,9,1,0
BRDA:113,10,0,0
BRDA:113,10,1,0
BRDA:113,11,0,0
BRDA:113,11,1,0
BRDA:120,12,0,0
BRDA:120,12,1,0
BRDA:120,13,0,0
BRDA:120,13,1,0
BRDA:131,14,0,0
BRDA:131,14,1,0
BRDA:131,15,0,0
BRDA:131,15,1,0
BRDA:143,16,0,0
BRDA:143,16,1,0
BRDA:143,17,0,0
BRDA:143,17,1,0
BRDA:177,18,0,0
BRDA:177,18,1,0
BRDA:193,19,0,1
BRDA:193,19,1,3
BRDA:200,20,0,2
BRDA:200,20,1,2
BRDA:200,21,0,4
BRDA:200,21,1,2
BRDA:207,22,0,1
BRDA:207,22,1,3
BRDA:207,23,0,4
BRDA:207,23,1,2
BRDA:222,24,0,1
BRDA:222,24,1,2
BRDA:222,24,2,1
BRDA:222,24,3,1
BRDA:222,24,4,1
BRDA:222,24,5,0
BRDA:222,24,6,1
BRDA:222,24,7,1
BRDA:222,24,8,2
BRDA:240,25,0,2
BRDA:240,25,1,1
BRDA:248,26,0,1
BRDA:248,26,1,3
BRDA:262,27,0,8
BRDA:262,27,1,1
BRF:62
BRH:29
end_of_record
TN:
SF:utils\memoryMonitor.ts
FN:42,(anonymous_0)
FN:47,(anonymous_1)
FN:57,(anonymous_2)
FN:73,(anonymous_3)
FN:100,(anonymous_4)
FN:118,(anonymous_5)
FN:119,(anonymous_6)
FN:125,(anonymous_7)
FN:134,(anonymous_8)
FN:151,(anonymous_9)
FN:159,(anonymous_10)
FN:171,(anonymous_11)
FN:178,(anonymous_12)
FN:185,(anonymous_13)
FN:192,(anonymous_14)
FN:202,(anonymous_15)
FN:206,(anonymous_16)
FN:231,(anonymous_17)
FN:250,(anonymous_18)
FN:254,(anonymous_19)
FN:274,(anonymous_20)
FN:290,(anonymous_21)
FN:303,(anonymous_22)
FN:317,(anonymous_23)
FN:324,(anonymous_24)
FN:334,(anonymous_25)
FN:335,(anonymous_26)
FN:338,(anonymous_27)
FN:347,(anonymous_28)
FN:348,(anonymous_29)
FN:352,(anonymous_30)
FN:362,(anonymous_31)
FN:363,(anonymous_32)
FN:366,(anonymous_33)
FNF:34
FNH:0
FNDA:0,(anonymous_0)
FNDA:0,(anonymous_1)
FNDA:0,(anonymous_2)
FNDA:0,(anonymous_3)
FNDA:0,(anonymous_4)
FNDA:0,(anonymous_5)
FNDA:0,(anonymous_6)
FNDA:0,(anonymous_7)
FNDA:0,(anonymous_8)
FNDA:0,(anonymous_9)
FNDA:0,(anonymous_10)
FNDA:0,(anonymous_11)
FNDA:0,(anonymous_12)
FNDA:0,(anonymous_13)
FNDA:0,(anonymous_14)
FNDA:0,(anonymous_15)
FNDA:0,(anonymous_16)
FNDA:0,(anonymous_17)
FNDA:0,(anonymous_18)
FNDA:0,(anonymous_19)
FNDA:0,(anonymous_20)
FNDA:0,(anonymous_21)
FNDA:0,(anonymous_22)
FNDA:0,(anonymous_23)
FNDA:0,(anonymous_24)
FNDA:0,(anonymous_25)
FNDA:0,(anonymous_26)
FNDA:0,(anonymous_27)
FNDA:0,(anonymous_28)
FNDA:0,(anonymous_29)
FNDA:0,(anonymous_30)
FNDA:0,(anonymous_31)
FNDA:0,(anonymous_32)
FNDA:0,(anonymous_33)
DA:26,0
DA:27,0
DA:28,0
DA:29,0
DA:30,0
DA:31,0
DA:33,0
DA:43,0
DA:45,0
DA:47,0
DA:48,0
DA:51,0
DA:58,0
DA:60,0
DA:62,0
DA:63,0
DA:64,0
DA:67,0
DA:74,0
DA:84,0
DA:87,0
DA:88,0
DA:92,0
DA:94,0
DA:103,0
DA:104,0
DA:105,0
DA:106,0
DA:108,0
DA:109,0
DA:110,0
DA:112,0
DA:119,0
DA:128,0
DA:135,0
DA:137,0
DA:138,0
DA:139,0
DA:140,0
DA:141,0
DA:142,0
DA:143,0
DA:144,0
DA:152,0
DA:153,0
DA:160,0
DA:161,0
DA:162,0
DA:164,0
DA:172,0
DA:179,0
DA:186,0
DA:193,0
DA:194,0
DA:195,0
DA:203,0
DA:206,0
DA:207,0
DA:208,0
DA:210,0
DA:215,0
DA:216,0
DA:220,0
DA:221,0
DA:224,0
DA:225,0
DA:238,0
DA:239,0
DA:240,0
DA:249,0
DA:250,0
DA:251,0
DA:254,0
DA:255,0
DA:259,0
DA:260,0
DA:262,0
DA:275,0
DA:277,0
DA:278,0
DA:279,0
DA:280,0
DA:282,0
DA:283,0
DA:284,0
DA:291,0
DA:292,0
DA:294,0
DA:296,0
DA:297,0
DA:298,0
DA:299,0
DA:300,0
DA:302,0
DA:303,0
DA:304,0
DA:307,0
DA:308,0
DA:309,0
DA:311,0
DA:318,0
DA:325,0
DA:326,0
DA:327,0
DA:334,0
DA:335,0
DA:336,0
DA:338,0
DA:339,0
DA:347,0
DA:348,0
DA:349,0
DA:350,0
DA:352,0
DA:353,0
DA:362,0
DA:363,0
DA:364,0
DA:366,0
DA:367,0
DA:373,0
LF:121
LH:0
BRDA:42,0,0,0
BRDA:43,1,0,0
BRDA:43,1,1,0
BRDA:58,2,0,0
BRDA:58,2,1,0
BRDA:62,3,0,0
BRDA:62,3,1,0
BRDA:87,4,0,0
BRDA:87,4,1,0
BRDA:137,5,0,0
BRDA:137,5,1,0
BRDA:140,6,0,0
BRDA:140,6,1,0
BRDA:143,7,0,0
BRDA:143,7,1,0
BRDA:152,8,0,0
BRDA:152,8,1,0
BRDA:160,9,0,0
BRDA:160,9,1,0
BRDA:161,10,0,0
BRDA:161,10,1,0
BRDA:194,11,0,0
BRDA:194,11,1,0
BRDA:215,12,0,0
BRDA:215,12,1,0
BRDA:220,13,0,0
BRDA:220,13,1,0
BRDA:238,14,0,0
BRDA:238,14,1,0
BRDA:251,15,0,0
BRDA:251,15,1,0
BRDA:275,16,0,0
BRDA:275,16,1,0
BRDA:282,17,0,0
BRDA:282,17,1,0
BRDA:283,18,0,0
BRDA:283,18,1,0
BRDA:349,19,0,0
BRDA:349,19,1,0
BRF:39
BRH:0
end_of_record
TN:
SF:utils\password.ts
FN:25,(anonymous_0)
FN:32,(anonymous_1)
FN:56,(anonymous_2)
FN:69,(anonymous_3)
FN:139,(anonymous_4)
FN:146,(anonymous_5)
FN:152,(anonymous_6)
FN:173,(anonymous_7)
FN:179,(anonymous_8)
FN:208,(anonymous_9)
FNF:10
FNH:10
FNDA:2,(anonymous_0)
FNDA:7,(anonymous_1)
FNDA:3,(anonymous_2)
FNDA:10,(anonymous_3)
FNDA:14,(anonymous_4)
FNDA:39,(anonymous_5)
FNDA:3,(anonymous_6)
FNDA:106,(anonymous_7)
FNDA:4,(anonymous_8)
FNDA:5,(anonymous_9)
DA:18,4
DA:19,4
DA:20,4
DA:26,2
DA:33,7
DA:34,7
DA:37,7
DA:40,7
DA:41,6001
DA:44,6
DA:49,1
DA:57,3
DA:58,3
DA:59,2
DA:61,1
DA:62,1
DA:70,10
DA:71,10
DA:95,10
DA:96,1
DA:100,10
DA:101,0
DA:105,10
DA:106,2
DA:110,10
DA:111,3
DA:115,10
DA:116,1
DA:120,10
DA:121,3
DA:125,10
DA:126,8
DA:129,10
DA:140,14
DA:146,39
DA:153,3
DA:154,3
DA:155,3
DA:156,3
DA:158,3
DA:159,3
DA:162,3
DA:163,3
DA:164,3
DA:165,3
DA:168,3
DA:169,28
DA:173,106
DA:180,4
DA:183,4
DA:186,4
DA:187,4
DA:188,4
DA:189,4
DA:192,4
DA:193,4
DA:196,4
DA:199,4
DA:200,4
DA:202,4
DA:209,5
DA:210,4
DA:211,3
DA:212,2
DA:213,1
LF:65
LH:64
BRDA:34,0,0,7
BRDA:34,0,1,1
BRDA:95,1,0,1
BRDA:95,1,1,9
BRDA:100,2,0,0
BRDA:100,2,1,10
BRDA:105,3,0,2
BRDA:105,3,1,8
BRDA:110,4,0,3
BRDA:110,4,1,7
BRDA:115,5,0,1
BRDA:115,5,1,9
BRDA:120,6,0,3
BRDA:120,6,1,7
BRDA:125,7,0,8
BRDA:125,7,1,2
BRDA:152,8,0,1
BRDA:186,9,0,4
BRDA:186,9,1,0
BRDA:187,10,0,2
BRDA:187,10,1,2
BRDA:188,11,0,2
BRDA:188,11,1,2
BRDA:189,12,0,2
BRDA:189,12,1,2
BRDA:192,13,0,2
BRDA:192,13,1,2
BRDA:193,14,0,2
BRDA:193,14,1,2
BRDA:196,15,0,1
BRDA:196,15,1,3
BRDA:200,16,0,0
BRDA:200,16,1,4
BRDA:209,17,0,1
BRDA:209,17,1,4
BRDA:210,18,0,1
BRDA:210,18,1,3
BRDA:211,19,0,1
BRDA:211,19,1,2
BRDA:212,20,0,1
BRDA:212,20,1,1
BRF:41
BRH:38
end_of_record
TN:
SF:utils\performanceMonitor.ts
FN:41,(anonymous_0)
FN:53,(anonymous_1)
FN:74,(anonymous_2)
FN:81,(anonymous_3)
FN:82,(anonymous_4)
FN:88,(anonymous_5)
FN:95,(anonymous_6)
FN:132,(anonymous_7)
FN:150,(anonymous_8)
FN:165,(anonymous_9)
FN:166,(anonymous_10)
FN:167,(anonymous_11)
FN:169,(anonymous_12)
FN:186,(anonymous_13)
FN:192,(anonymous_14)
FN:204,(anonymous_15)
FN:211,(anonymous_16)
FN:221,(anonymous_17)
FN:222,(anonymous_18)
FN:265,(anonymous_19)
FN:268,(anonymous_20)
FN:277,(anonymous_21)
FN:286,(anonymous_22)
FN:287,(anonymous_23)
FN:311,(anonymous_24)
FN:317,(anonymous_25)
FN:319,(anonymous_26)
FN:326,(anonymous_27)
FN:332,(anonymous_28)
FN:344,(anonymous_29)
FN:356,(anonymous_30)
FN:360,(anonymous_31)
FN:364,(anonymous_32)
FN:375,(anonymous_33)
FNF:34
FNH:0
FNDA:0,(anonymous_0)
FNDA:0,(anonymous_1)
FNDA:0,(anonymous_2)
FNDA:0,(anonymous_3)
FNDA:0,(anonymous_4)
FNDA:0,(anonymous_5)
FNDA:0,(anonymous_6)
FNDA:0,(anonymous_7)
FNDA:0,(anonymous_8)
FNDA:0,(anonymous_9)
FNDA:0,(anonymous_10)
FNDA:0,(anonymous_11)
FNDA:0,(anonymous_12)
FNDA:0,(anonymous_13)
FNDA:0,(anonymous_14)
FNDA:0,(anonymous_15)
FNDA:0,(anonymous_16)
FNDA:0,(anonymous_17)
FNDA:0,(anonymous_18)
FNDA:0,(anonymous_19)
FNDA:0,(anonymous_20)
FNDA:0,(anonymous_21)
FNDA:0,(anonymous_22)
FNDA:0,(anonymous_23)
FNDA:0,(anonymous_24)
FNDA:0,(anonymous_25)
FNDA:0,(anonymous_26)
FNDA:0,(anonymous_27)
FNDA:0,(anonymous_28)
FNDA:0,(anonymous_29)
FNDA:0,(anonymous_30)
FNDA:0,(anonymous_31)
FNDA:0,(anonymous_32)
FNDA:0,(anonymous_33)
DA:33,0
DA:34,0
DA:35,0
DA:36,0
DA:42,0
DA:47,0
DA:54,0
DA:55,0
DA:56,0
DA:57,0
DA:60,0
DA:61,0
DA:64,0
DA:65,0
DA:68,0
DA:75,0
DA:82,0
DA:89,0
DA:96,0
DA:99,0
DA:101,0
DA:102,0
DA:104,0
DA:108,0
DA:115,0
DA:118,0
DA:119,0
DA:122,0
DA:124,0
DA:125,0
DA:133,0
DA:136,0
DA:137,0
DA:141,0
DA:142,0
DA:143,0
DA:156,0
DA:157,0
DA:165,0
DA:166,0
DA:167,0
DA:169,0
DA:170,0
DA:171,0
DA:172,0
DA:175,0
DA:187,0
DA:189,0
DA:192,0
DA:193,0
DA:194,0
DA:195,0
DA:197,0
DA:205,0
DA:212,0
DA:213,0
DA:215,0
DA:218,0
DA:220,0
DA:221,0
DA:222,0
DA:223,0
DA:226,0
DA:227,0
DA:231,0
DA:232,0
DA:233,0
DA:234,0
DA:235,0
DA:236,0
DA:238,0
DA:239,0
DA:242,0
DA:245,0
DA:248,0
DA:249,0
DA:250,0
DA:251,0
DA:252,0
DA:255,0
DA:260,0
DA:265,0
DA:266,0
DA:268,0
DA:269,0
DA:271,0
DA:272,0
DA:275,0
DA:277,0
DA:278,0
DA:286,0
DA:287,0
DA:294,0
DA:302,0
DA:305,0
DA:311,0
DA:317,0
DA:318,0
DA:319,0
DA:326,0
DA:330,0
DA:332,0
DA:333,0
DA:334,0
DA:335,0
DA:336,0
DA:344,0
DA:347,0
DA:348,0
DA:350,0
DA:356,0
DA:360,0
DA:361,0
DA:362,0
DA:364,0
DA:365,0
DA:367,0
DA:368,0
DA:371,0
DA:373,0
DA:375,0
DA:376,0
DA:379,0
DA:383,0
LF:124
LH:0
BRDA:55,0,0,0
BRDA:55,0,1,0
BRDA:64,1,0,0
BRDA:64,1,1,0
BRDA:99,2,0,0
BRDA:99,2,1,0
BRDA:102,3,0,0
BRDA:102,3,1,0
BRDA:118,4,0,0
BRDA:118,4,1,0
BRDA:136,5,0,0
BRDA:136,5,1,0
BRDA:142,6,0,0
BRDA:142,6,1,0
BRDA:156,7,0,0
BRDA:156,7,1,0
BRDA:172,8,0,0
BRDA:172,8,1,0
BRDA:187,9,0,0
BRDA:187,9,1,0
BRDA:193,10,0,0
BRDA:193,10,1,0
BRDA:220,11,0,0
BRDA:220,11,1,0
BRDA:221,12,0,0
BRDA:221,12,1,0
BRDA:223,13,0,0
BRDA:223,13,1,0
BRDA:223,14,0,0
BRDA:223,14,1,0
BRDA:223,15,0,0
BRDA:223,15,1,0
BRDA:233,16,0,0
BRDA:233,16,1,0
BRDA:238,17,0,0
BRDA:238,17,1,0
BRDA:250,18,0,0
BRDA:250,18,1,0
BRDA:271,19,0,0
BRDA:271,19,1,0
BRDA:291,20,0,0
BRDA:292,21,0,0
BRDA:334,22,0,0
BRDA:334,22,1,0
BRDA:344,23,0,0
BRDA:347,24,0,0
BRDA:347,24,1,0
BRDA:358,25,0,0
BRDA:373,26,0,0
BRDA:373,26,1,0
BRF:50
BRH:0
end_of_record
TN:
SF:utils\searchOptimization.ts
FN:55,(anonymous_0)
FN:65,(anonymous_1)
FN:79,(anonymous_2)
FN:80,(anonymous_3)
FN:81,(anonymous_4)
FN:89,(anonymous_5)
FN:96,(anonymous_6)
FN:111,(anonymous_7)
FN:122,(anonymous_8)
FN:140,(anonymous_9)
FN:145,(anonymous_10)
FN:151,(anonymous_11)
FN:175,(anonymous_12)
FN:176,(anonymous_13)
FN:198,(anonymous_14)
FN:217,(anonymous_15)
FN:232,(anonymous_16)
FN:238,(anonymous_17)
FN:244,(anonymous_18)
FN:246,(anonymous_19)
FN:252,(anonymous_20)
FN:259,(anonymous_21)
FN:271,(anonymous_22)
FN:277,(anonymous_23)
FN:306,(anonymous_24)
FN:321,(anonymous_25)
FN:348,(anonymous_26)
FN:356,(anonymous_27)
FN:365,(anonymous_28)
FN:368,(anonymous_29)
FN:382,(anonymous_30)
FN:389,(anonymous_31)
FN:398,(anonymous_32)
FN:409,(anonymous_33)
FN:417,(anonymous_34)
FN:425,(anonymous_35)
FNF:36
FNH:0
FNDA:0,(anonymous_0)
FNDA:0,(anonymous_1)
FNDA:0,(anonymous_2)
FNDA:0,(anonymous_3)
FNDA:0,(anonymous_4)
FNDA:0,(anonymous_5)
FNDA:0,(anonymous_6)
FNDA:0,(anonymous_7)
FNDA:0,(anonymous_8)
FNDA:0,(anonymous_9)
FNDA:0,(anonymous_10)
FNDA:0,(anonymous_11)
FNDA:0,(anonymous_12)
FNDA:0,(anonymous_13)
FNDA:0,(anonymous_14)
FNDA:0,(anonymous_15)
FNDA:0,(anonymous_16)
FNDA:0,(anonymous_17)
FNDA:0,(anonymous_18)
FNDA:0,(anonymous_19)
FNDA:0,(anonymous_20)
FNDA:0,(anonymous_21)
FNDA:0,(anonymous_22)
FNDA:0,(anonymous_23)
FNDA:0,(anonymous_24)
FNDA:0,(anonymous_25)
FNDA:0,(anonymous_26)
FNDA:0,(anonymous_27)
FNDA:0,(anonymous_28)
FNDA:0,(anonymous_29)
FNDA:0,(anonymous_30)
FNDA:0,(anonymous_31)
FNDA:0,(anonymous_32)
FNDA:0,(anonymous_33)
FNDA:0,(anonymous_34)
FNDA:0,(anonymous_35)
DA:35,0
DA:36,0
DA:37,0
DA:38,0
DA:39,0
DA:41,0
DA:56,0
DA:57,0
DA:59,0
DA:66,0
DA:79,0
DA:80,0
DA:81,0
DA:90,0
DA:92,0
DA:93,0
DA:94,0
DA:96,0
DA:98,0
DA:110,0
DA:111,0
DA:112,0
DA:114,0
DA:115,0
DA:117,0
DA:120,0
DA:121,0
DA:122,0
DA:123,0
DA:124,0
DA:125,0
DA:127,0
DA:133,0
DA:134,0
DA:141,0
DA:145,0
DA:152,0
DA:153,0
DA:156,0
DA:159,0
DA:161,0
DA:162,0
DA:163,0
DA:164,0
DA:168,0
DA:169,0
DA:176,0
DA:178,0
DA:179,0
DA:181,0
DA:182,0
DA:183,0
DA:184,0
DA:192,0
DA:199,0
DA:201,0
DA:202,0
DA:204,0
DA:205,0
DA:206,0
DA:207,0
DA:211,0
DA:218,0
DA:221,0
DA:222,0
DA:223,0
DA:226,0
DA:228,0
DA:229,0
DA:232,0
DA:233,0
DA:234,0
DA:237,0
DA:238,0
DA:242,0
DA:243,0
DA:244,0
DA:245,0
DA:246,0
DA:252,0
DA:253,0
DA:254,0
DA:256,0
DA:257,0
DA:259,0
DA:260,0
DA:261,0
DA:265,0
DA:270,0
DA:271,0
DA:277,0
DA:280,0
DA:283,0
DA:284,0
DA:285,0
DA:286,0
DA:290,0
DA:292,0
DA:300,0
DA:310,0
DA:313,0
DA:321,0
DA:322,0
DA:323,0
DA:325,0
DA:328,0
DA:329,0
DA:332,0
DA:333,0
DA:334,0
DA:338,0
DA:339,0
DA:340,0
DA:344,0
DA:345,0
DA:348,0
DA:350,0
DA:357,0
DA:359,0
DA:365,0
DA:366,0
DA:368,0
DA:369,0
DA:370,0
DA:373,0
DA:376,0
DA:383,0
DA:385,0
DA:386,0
DA:389,0
DA:390,0
DA:391,0
DA:396,0
DA:397,0
DA:398,0
DA:399,0
DA:403,0
DA:410,0
DA:411,0
DA:418,0
DA:419,0
DA:431,0
DA:432,0
DA:434,0
DA:444,0
LF:145
LH:0
BRDA:56,0,0,0
BRDA:56,0,1,0
BRDA:114,1,0,0
BRDA:114,1,1,0
BRDA:120,2,0,0
BRDA:120,2,1,0
BRDA:121,3,0,0
BRDA:121,3,1,0
BRDA:124,4,0,0
BRDA:124,4,1,0
BRDA:152,5,0,0
BRDA:152,5,1,0
BRDA:162,6,0,0
BRDA:162,6,1,0
BRDA:162,7,0,0
BRDA:162,7,1,0
BRDA:183,8,0,0
BRDA:183,8,1,0
BRDA:199,9,0,0
BRDA:199,9,1,0
BRDA:206,10,0,0
BRDA:206,10,1,0
BRDA:206,11,0,0
BRDA:206,11,1,0
BRDA:218,12,0,0
BRDA:218,12,1,0
BRDA:222,13,0,0
BRDA:222,13,1,0
BRDA:237,14,0,0
BRDA:237,14,1,0
BRDA:242,15,0,0
BRDA:242,15,1,0
BRDA:245,16,0,0
BRDA:245,16,1,0
BRDA:256,17,0,0
BRDA:256,17,1,0
BRDA:260,18,0,0
BRDA:260,18,1,0
BRDA:283,19,0,0
BRDA:283,19,1,0
BRDA:285,20,0,0
BRDA:285,20,1,0
BRDA:295,21,0,0
BRDA:295,21,1,0
BRDA:328,22,0,0
BRDA:328,22,1,0
BRDA:333,23,0,0
BRDA:333,23,1,0
BRDA:344,24,0,0
BRDA:344,24,1,0
BRDA:382,25,0,0
BRDA:383,26,0,0
BRDA:383,26,1,0
BRDA:390,27,0,0
BRDA:390,27,1,0
BRDA:390,28,0,0
BRDA:390,28,1,0
BRDA:396,29,0,0
BRDA:396,29,1,0
BRDA:396,30,0,0
BRDA:396,30,1,0
BRDA:432,31,0,0
BRDA:432,31,1,0
BRF:63
BRH:0
end_of_record
